[2024-06-09 14:01:21,766] {taskinstance.py:851} INFO - Dependencies all met for <TaskInstance: load_init_data.extract_data_from_csv 2024-05-29T02:00:00+00:00 [queued]>
[2024-06-09 14:01:21,839] {taskinstance.py:851} INFO - Dependencies all met for <TaskInstance: load_init_data.extract_data_from_csv 2024-05-29T02:00:00+00:00 [queued]>
[2024-06-09 14:01:21,848] {taskinstance.py:1042} INFO - 
--------------------------------------------------------------------------------
[2024-06-09 14:01:21,859] {taskinstance.py:1043} INFO - Starting attempt 1 of 6
[2024-06-09 14:01:21,879] {taskinstance.py:1044} INFO - 
--------------------------------------------------------------------------------
[2024-06-09 14:01:22,204] {taskinstance.py:1063} INFO - Executing <Task(PythonOperator): extract_data_from_csv> on 2024-05-29T02:00:00+00:00
[2024-06-09 14:01:22,254] {standard_task_runner.py:52} INFO - Started process 191 to run task
[2024-06-09 14:01:22,310] {standard_task_runner.py:76} INFO - Running: ['airflow', 'tasks', 'run', 'load_init_data', 'extract_data_from_csv', '2024-05-29T02:00:00+00:00', '--job-id', '14', '--pool', 'default_pool', '--raw', '--subdir', 'DAGS_FOLDER/load_init_data.py', '--cfg-path', '/tmp/tmp8papmmwj', '--error-file', '/tmp/tmp7mbn5gcp']
[2024-06-09 14:01:22,322] {standard_task_runner.py:77} INFO - Job 14: Subtask extract_data_from_csv
[2024-06-09 14:01:22,508] {logging_mixin.py:104} INFO - Running <TaskInstance: load_init_data.extract_data_from_csv 2024-05-29T02:00:00+00:00 [running]> on host 97b873bf6d4d
[2024-06-09 14:01:22,866] {taskinstance.py:1257} INFO - Exporting the following env vars:
AIRFLOW_CTX_DAG_OWNER=airflow
AIRFLOW_CTX_DAG_ID=load_init_data
AIRFLOW_CTX_TASK_ID=extract_data_from_csv
AIRFLOW_CTX_EXECUTION_DATE=2024-05-29T02:00:00+00:00
AIRFLOW_CTX_DAG_RUN_ID=scheduled__2024-05-29T02:00:00+00:00
[2024-06-09 14:01:23,959] {python.py:118} INFO - Done. Returned value was: None
[2024-06-09 14:01:24,025] {taskinstance.py:1166} INFO - Marking task as SUCCESS. dag_id=load_init_data, task_id=extract_data_from_csv, execution_date=20240529T020000, start_date=20240609T140121, end_date=20240609T140124
[2024-06-09 14:01:24,810] {taskinstance.py:1220} INFO - 0 downstream tasks scheduled from follow-on schedule check
[2024-06-09 14:01:24,899] {local_task_job.py:146} INFO - Task exited with return code 0
