[2024-05-26 21:24:14,256] {taskinstance.py:851} INFO - Dependencies all met for <TaskInstance: load_init_data.extract_data_from_csv 2024-05-24T02:00:00+00:00 [queued]>
[2024-05-26 21:24:14,265] {taskinstance.py:851} INFO - Dependencies all met for <TaskInstance: load_init_data.extract_data_from_csv 2024-05-24T02:00:00+00:00 [queued]>
[2024-05-26 21:24:14,266] {taskinstance.py:1042} INFO - 
--------------------------------------------------------------------------------
[2024-05-26 21:24:14,266] {taskinstance.py:1043} INFO - Starting attempt 2 of 6
[2024-05-26 21:24:14,266] {taskinstance.py:1044} INFO - 
--------------------------------------------------------------------------------
[2024-05-26 21:24:14,277] {taskinstance.py:1063} INFO - Executing <Task(PythonOperator): extract_data_from_csv> on 2024-05-24T02:00:00+00:00
[2024-05-26 21:24:14,281] {standard_task_runner.py:52} INFO - Started process 174 to run task
[2024-05-26 21:24:14,285] {standard_task_runner.py:76} INFO - Running: ['airflow', 'tasks', 'run', 'load_init_data', 'extract_data_from_csv', '2024-05-24T02:00:00+00:00', '--job-id', '399', '--pool', 'default_pool', '--raw', '--subdir', 'DAGS_FOLDER/load_init_data.py', '--cfg-path', '/tmp/tmpoefdrc_5', '--error-file', '/tmp/tmplvc6zi60']
[2024-05-26 21:24:14,289] {standard_task_runner.py:77} INFO - Job 399: Subtask extract_data_from_csv
[2024-05-26 21:24:14,328] {logging_mixin.py:104} INFO - Running <TaskInstance: load_init_data.extract_data_from_csv 2024-05-24T02:00:00+00:00 [running]> on host ff5273ee61d8
[2024-05-26 21:24:14,373] {taskinstance.py:1257} INFO - Exporting the following env vars:
AIRFLOW_CTX_DAG_OWNER=airflow
AIRFLOW_CTX_DAG_ID=load_init_data
AIRFLOW_CTX_TASK_ID=extract_data_from_csv
AIRFLOW_CTX_EXECUTION_DATE=2024-05-24T02:00:00+00:00
AIRFLOW_CTX_DAG_RUN_ID=scheduled__2024-05-24T02:00:00+00:00
[2024-05-26 21:24:14,719] {python.py:118} INFO - Done. Returned value was: None
[2024-05-26 21:24:14,738] {taskinstance.py:1166} INFO - Marking task as SUCCESS. dag_id=load_init_data, task_id=extract_data_from_csv, execution_date=20240524T020000, start_date=20240526T212414, end_date=20240526T212414
[2024-05-26 21:24:14,763] {taskinstance.py:1220} INFO - 1 downstream tasks scheduled from follow-on schedule check
[2024-05-26 21:24:14,796] {local_task_job.py:146} INFO - Task exited with return code 0
