[2024-06-09 14:01:31,992] {taskinstance.py:851} INFO - Dependencies all met for <TaskInstance: load_init_data.transform 2024-06-04T02:00:00+00:00 [queued]>
[2024-06-09 14:01:32,064] {taskinstance.py:851} INFO - Dependencies all met for <TaskInstance: load_init_data.transform 2024-06-04T02:00:00+00:00 [queued]>
[2024-06-09 14:01:32,070] {taskinstance.py:1042} INFO - 
--------------------------------------------------------------------------------
[2024-06-09 14:01:32,071] {taskinstance.py:1043} INFO - Starting attempt 1 of 6
[2024-06-09 14:01:32,071] {taskinstance.py:1044} INFO - 
--------------------------------------------------------------------------------
[2024-06-09 14:01:32,122] {taskinstance.py:1063} INFO - Executing <Task(PythonOperator): transform> on 2024-06-04T02:00:00+00:00
[2024-06-09 14:01:32,157] {standard_task_runner.py:52} INFO - Started process 238 to run task
[2024-06-09 14:01:32,207] {standard_task_runner.py:76} INFO - Running: ['airflow', 'tasks', 'run', 'load_init_data', 'transform', '2024-06-04T02:00:00+00:00', '--job-id', '37', '--pool', 'default_pool', '--raw', '--subdir', 'DAGS_FOLDER/load_init_data.py', '--cfg-path', '/tmp/tmpq94ajrbu', '--error-file', '/tmp/tmpkpucpgve']
[2024-06-09 14:01:32,267] {standard_task_runner.py:77} INFO - Job 37: Subtask transform
[2024-06-09 14:01:32,593] {logging_mixin.py:104} INFO - Running <TaskInstance: load_init_data.transform 2024-06-04T02:00:00+00:00 [running]> on host 97b873bf6d4d
[2024-06-09 14:01:32,897] {taskinstance.py:1257} INFO - Exporting the following env vars:
AIRFLOW_CTX_DAG_OWNER=airflow
AIRFLOW_CTX_DAG_ID=load_init_data
AIRFLOW_CTX_TASK_ID=transform
AIRFLOW_CTX_EXECUTION_DATE=2024-06-04T02:00:00+00:00
AIRFLOW_CTX_DAG_RUN_ID=scheduled__2024-06-04T02:00:00+00:00
[2024-06-09 14:02:33,660] {python.py:118} INFO - Done. Returned value was: None
[2024-06-09 14:02:33,709] {taskinstance.py:1166} INFO - Marking task as SUCCESS. dag_id=load_init_data, task_id=transform, execution_date=20240604T020000, start_date=20240609T140132, end_date=20240609T140233
[2024-06-09 14:02:34,061] {taskinstance.py:1220} INFO - 1 downstream tasks scheduled from follow-on schedule check
[2024-06-09 14:02:34,195] {local_task_job.py:146} INFO - Task exited with return code 0
