[2024-06-09 14:01:23,510] {taskinstance.py:851} INFO - Dependencies all met for <TaskInstance: load_init_data.extract_data_from_csv 2024-06-01T02:00:00+00:00 [queued]>
[2024-06-09 14:01:23,624] {taskinstance.py:851} INFO - Dependencies all met for <TaskInstance: load_init_data.extract_data_from_csv 2024-06-01T02:00:00+00:00 [queued]>
[2024-06-09 14:01:23,634] {taskinstance.py:1042} INFO - 
--------------------------------------------------------------------------------
[2024-06-09 14:01:23,645] {taskinstance.py:1043} INFO - Starting attempt 1 of 6
[2024-06-09 14:01:23,653] {taskinstance.py:1044} INFO - 
--------------------------------------------------------------------------------
[2024-06-09 14:01:23,709] {taskinstance.py:1063} INFO - Executing <Task(PythonOperator): extract_data_from_csv> on 2024-06-01T02:00:00+00:00
[2024-06-09 14:01:23,757] {standard_task_runner.py:52} INFO - Started process 197 to run task
[2024-06-09 14:01:23,773] {standard_task_runner.py:76} INFO - Running: ['airflow', 'tasks', 'run', 'load_init_data', 'extract_data_from_csv', '2024-06-01T02:00:00+00:00', '--job-id', '17', '--pool', 'default_pool', '--raw', '--subdir', 'DAGS_FOLDER/load_init_data.py', '--cfg-path', '/tmp/tmpqw1uzq9x', '--error-file', '/tmp/tmp6nbz53ja']
[2024-06-09 14:01:23,787] {standard_task_runner.py:77} INFO - Job 17: Subtask extract_data_from_csv
[2024-06-09 14:01:24,005] {logging_mixin.py:104} INFO - Running <TaskInstance: load_init_data.extract_data_from_csv 2024-06-01T02:00:00+00:00 [running]> on host 97b873bf6d4d
[2024-06-09 14:01:24,192] {taskinstance.py:1257} INFO - Exporting the following env vars:
AIRFLOW_CTX_DAG_OWNER=airflow
AIRFLOW_CTX_DAG_ID=load_init_data
AIRFLOW_CTX_TASK_ID=extract_data_from_csv
AIRFLOW_CTX_EXECUTION_DATE=2024-06-01T02:00:00+00:00
AIRFLOW_CTX_DAG_RUN_ID=scheduled__2024-06-01T02:00:00+00:00
[2024-06-09 14:01:25,080] {python.py:118} INFO - Done. Returned value was: None
[2024-06-09 14:01:25,095] {taskinstance.py:1166} INFO - Marking task as SUCCESS. dag_id=load_init_data, task_id=extract_data_from_csv, execution_date=20240601T020000, start_date=20240609T140123, end_date=20240609T140125
[2024-06-09 14:01:25,462] {taskinstance.py:1220} INFO - 0 downstream tasks scheduled from follow-on schedule check
[2024-06-09 14:01:25,538] {local_task_job.py:146} INFO - Task exited with return code 0
