[2024-06-09 14:06:00,684] {taskinstance.py:851} INFO - Dependencies all met for <TaskInstance: load_init_data.save_into_db 2024-06-04T02:00:00+00:00 [queued]>
[2024-06-09 14:06:00,718] {taskinstance.py:851} INFO - Dependencies all met for <TaskInstance: load_init_data.save_into_db 2024-06-04T02:00:00+00:00 [queued]>
[2024-06-09 14:06:00,722] {taskinstance.py:1042} INFO - 
--------------------------------------------------------------------------------
[2024-06-09 14:06:00,723] {taskinstance.py:1043} INFO - Starting attempt 1 of 6
[2024-06-09 14:06:00,729] {taskinstance.py:1044} INFO - 
--------------------------------------------------------------------------------
[2024-06-09 14:06:00,780] {taskinstance.py:1063} INFO - Executing <Task(PythonOperator): save_into_db> on 2024-06-04T02:00:00+00:00
[2024-06-09 14:06:00,796] {standard_task_runner.py:52} INFO - Started process 178 to run task
[2024-06-09 14:06:00,804] {standard_task_runner.py:76} INFO - Running: ['airflow', 'tasks', 'run', 'load_init_data', 'save_into_db', '2024-06-04T02:00:00+00:00', '--job-id', '57', '--pool', 'default_pool', '--raw', '--subdir', 'DAGS_FOLDER/load_init_data.py', '--cfg-path', '/tmp/tmprsfh0qks', '--error-file', '/tmp/tmpb61cqosv']
[2024-06-09 14:06:00,807] {standard_task_runner.py:77} INFO - Job 57: Subtask save_into_db
[2024-06-09 14:06:00,881] {logging_mixin.py:104} INFO - Running <TaskInstance: load_init_data.save_into_db 2024-06-04T02:00:00+00:00 [running]> on host dfb4a2808431
[2024-06-09 14:06:00,945] {taskinstance.py:1257} INFO - Exporting the following env vars:
AIRFLOW_CTX_DAG_OWNER=airflow
AIRFLOW_CTX_DAG_ID=load_init_data
AIRFLOW_CTX_TASK_ID=save_into_db
AIRFLOW_CTX_EXECUTION_DATE=2024-06-04T02:00:00+00:00
AIRFLOW_CTX_DAG_RUN_ID=scheduled__2024-06-04T02:00:00+00:00
[2024-06-09 14:06:01,166] {python.py:118} INFO - Done. Returned value was: None
[2024-06-09 14:06:01,181] {taskinstance.py:1166} INFO - Marking task as SUCCESS. dag_id=load_init_data, task_id=save_into_db, execution_date=20240604T020000, start_date=20240609T140600, end_date=20240609T140601
[2024-06-09 14:06:01,212] {taskinstance.py:1220} INFO - 0 downstream tasks scheduled from follow-on schedule check
[2024-06-09 14:06:01,241] {local_task_job.py:146} INFO - Task exited with return code 0
