[2024-05-26 21:38:49,170] {taskinstance.py:851} INFO - Dependencies all met for <TaskInstance: load_init_data.save_into_db 2024-05-26T21:38:46.508071+00:00 [queued]>
[2024-05-26 21:38:49,181] {taskinstance.py:851} INFO - Dependencies all met for <TaskInstance: load_init_data.save_into_db 2024-05-26T21:38:46.508071+00:00 [queued]>
[2024-05-26 21:38:49,181] {taskinstance.py:1042} INFO - 
--------------------------------------------------------------------------------
[2024-05-26 21:38:49,181] {taskinstance.py:1043} INFO - Starting attempt 1 of 6
[2024-05-26 21:38:49,182] {taskinstance.py:1044} INFO - 
--------------------------------------------------------------------------------
[2024-05-26 21:38:49,189] {taskinstance.py:1063} INFO - Executing <Task(PythonOperator): save_into_db> on 2024-05-26T21:38:46.508071+00:00
[2024-05-26 21:38:49,192] {standard_task_runner.py:52} INFO - Started process 175 to run task
[2024-05-26 21:38:49,196] {standard_task_runner.py:76} INFO - Running: ['airflow', 'tasks', 'run', 'load_init_data', 'save_into_db', '2024-05-26T21:38:46.508071+00:00', '--job-id', '416', '--pool', 'default_pool', '--raw', '--subdir', 'DAGS_FOLDER/load_init_data.py', '--cfg-path', '/tmp/tmptaln0k2_', '--error-file', '/tmp/tmpkhlh91is']
[2024-05-26 21:38:49,198] {standard_task_runner.py:77} INFO - Job 416: Subtask save_into_db
[2024-05-26 21:38:49,229] {logging_mixin.py:104} INFO - Running <TaskInstance: load_init_data.save_into_db 2024-05-26T21:38:46.508071+00:00 [running]> on host 9c777ac19e23
[2024-05-26 21:38:49,256] {taskinstance.py:1257} INFO - Exporting the following env vars:
AIRFLOW_CTX_DAG_OWNER=airflow
AIRFLOW_CTX_DAG_ID=load_init_data
AIRFLOW_CTX_TASK_ID=save_into_db
AIRFLOW_CTX_EXECUTION_DATE=2024-05-26T21:38:46.508071+00:00
AIRFLOW_CTX_DAG_RUN_ID=manual__2024-05-26T21:38:46.508071+00:00
[2024-05-26 21:38:49,515] {python.py:118} INFO - Done. Returned value was: None
[2024-05-26 21:38:49,525] {taskinstance.py:1166} INFO - Marking task as SUCCESS. dag_id=load_init_data, task_id=save_into_db, execution_date=20240526T213846, start_date=20240526T213849, end_date=20240526T213849
[2024-05-26 21:38:49,546] {taskinstance.py:1220} INFO - 0 downstream tasks scheduled from follow-on schedule check
[2024-05-26 21:38:49,592] {local_task_job.py:146} INFO - Task exited with return code 0
