[2024-05-26 22:22:05,393] {taskinstance.py:851} INFO - Dependencies all met for <TaskInstance: get_new_data.scrap_cnn 2024-05-26T22:22:03.942659+00:00 [queued]>
[2024-05-26 22:22:05,401] {taskinstance.py:851} INFO - Dependencies all met for <TaskInstance: get_new_data.scrap_cnn 2024-05-26T22:22:03.942659+00:00 [queued]>
[2024-05-26 22:22:05,401] {taskinstance.py:1042} INFO - 
--------------------------------------------------------------------------------
[2024-05-26 22:22:05,401] {taskinstance.py:1043} INFO - Starting attempt 1 of 6
[2024-05-26 22:22:05,401] {taskinstance.py:1044} INFO - 
--------------------------------------------------------------------------------
[2024-05-26 22:22:05,410] {taskinstance.py:1063} INFO - Executing <Task(PythonOperator): scrap_cnn> on 2024-05-26T22:22:03.942659+00:00
[2024-05-26 22:22:05,414] {standard_task_runner.py:52} INFO - Started process 337 to run task
[2024-05-26 22:22:05,417] {standard_task_runner.py:76} INFO - Running: ['airflow', 'tasks', 'run', 'get_new_data', 'scrap_cnn', '2024-05-26T22:22:03.942659+00:00', '--job-id', '443', '--pool', 'default_pool', '--raw', '--subdir', 'DAGS_FOLDER/get_new_data.py', '--cfg-path', '/tmp/tmp1715gcx6', '--error-file', '/tmp/tmp5kdeo2sc']
[2024-05-26 22:22:05,419] {standard_task_runner.py:77} INFO - Job 443: Subtask scrap_cnn
[2024-05-26 22:22:05,443] {logging_mixin.py:104} INFO - Running <TaskInstance: get_new_data.scrap_cnn 2024-05-26T22:22:03.942659+00:00 [running]> on host 21f974ffa8d5
[2024-05-26 22:22:05,467] {taskinstance.py:1257} INFO - Exporting the following env vars:
AIRFLOW_CTX_DAG_OWNER=airflow
AIRFLOW_CTX_DAG_ID=get_new_data
AIRFLOW_CTX_TASK_ID=scrap_cnn
AIRFLOW_CTX_EXECUTION_DATE=2024-05-26T22:22:03.942659+00:00
AIRFLOW_CTX_DAG_RUN_ID=manual__2024-05-26T22:22:03.942659+00:00
[2024-05-26 22:24:29,659] {python.py:118} INFO - Done. Returned value was: None
[2024-05-26 22:24:29,670] {taskinstance.py:1166} INFO - Marking task as SUCCESS. dag_id=get_new_data, task_id=scrap_cnn, execution_date=20240526T222203, start_date=20240526T222205, end_date=20240526T222429
[2024-05-26 22:24:29,698] {taskinstance.py:1220} INFO - 1 downstream tasks scheduled from follow-on schedule check
[2024-05-26 22:24:29,748] {local_task_job.py:146} INFO - Task exited with return code 0
