[2024-05-26 21:28:06,064] {taskinstance.py:851} INFO - Dependencies all met for <TaskInstance: get_new_data.transform 2024-05-26T21:25:21.857002+00:00 [queued]>
[2024-05-26 21:28:06,073] {taskinstance.py:851} INFO - Dependencies all met for <TaskInstance: get_new_data.transform 2024-05-26T21:25:21.857002+00:00 [queued]>
[2024-05-26 21:28:06,076] {taskinstance.py:1042} INFO - 
--------------------------------------------------------------------------------
[2024-05-26 21:28:06,076] {taskinstance.py:1043} INFO - Starting attempt 1 of 6
[2024-05-26 21:28:06,077] {taskinstance.py:1044} INFO - 
--------------------------------------------------------------------------------
[2024-05-26 21:28:06,092] {taskinstance.py:1063} INFO - Executing <Task(PythonOperator): transform> on 2024-05-26T21:25:21.857002+00:00
[2024-05-26 21:28:06,103] {standard_task_runner.py:52} INFO - Started process 253 to run task
[2024-05-26 21:28:06,108] {standard_task_runner.py:76} INFO - Running: ['airflow', 'tasks', 'run', 'get_new_data', 'transform', '2024-05-26T21:25:21.857002+00:00', '--job-id', '404', '--pool', 'default_pool', '--raw', '--subdir', 'DAGS_FOLDER/get_new_data.py', '--cfg-path', '/tmp/tmp2ocreg55', '--error-file', '/tmp/tmp618ml1m_']
[2024-05-26 21:28:06,113] {standard_task_runner.py:77} INFO - Job 404: Subtask transform
[2024-05-26 21:28:06,155] {logging_mixin.py:104} INFO - Running <TaskInstance: get_new_data.transform 2024-05-26T21:25:21.857002+00:00 [running]> on host ff5273ee61d8
[2024-05-26 21:28:06,185] {taskinstance.py:1257} INFO - Exporting the following env vars:
AIRFLOW_CTX_DAG_OWNER=airflow
AIRFLOW_CTX_DAG_ID=get_new_data
AIRFLOW_CTX_TASK_ID=transform
AIRFLOW_CTX_EXECUTION_DATE=2024-05-26T21:25:21.857002+00:00
AIRFLOW_CTX_DAG_RUN_ID=manual__2024-05-26T21:25:21.857002+00:00
[2024-05-26 21:28:07,192] {python.py:118} INFO - Done. Returned value was: None
[2024-05-26 21:28:07,198] {taskinstance.py:1166} INFO - Marking task as SUCCESS. dag_id=get_new_data, task_id=transform, execution_date=20240526T212521, start_date=20240526T212806, end_date=20240526T212807
[2024-05-26 21:28:07,218] {taskinstance.py:1220} INFO - 1 downstream tasks scheduled from follow-on schedule check
[2024-05-26 21:28:07,234] {local_task_job.py:146} INFO - Task exited with return code 0
