[2024-05-28 16:24:17,542] {taskinstance.py:851} INFO - Dependencies all met for <TaskInstance: load_init_data.extract_data_from_csv 2024-05-27T02:00:00+00:00 [queued]>
[2024-05-28 16:24:17,557] {taskinstance.py:851} INFO - Dependencies all met for <TaskInstance: load_init_data.extract_data_from_csv 2024-05-27T02:00:00+00:00 [queued]>
[2024-05-28 16:24:17,558] {taskinstance.py:1042} INFO - 
--------------------------------------------------------------------------------
[2024-05-28 16:24:17,559] {taskinstance.py:1043} INFO - Starting attempt 1 of 6
[2024-05-28 16:24:17,561] {taskinstance.py:1044} INFO - 
--------------------------------------------------------------------------------
[2024-05-28 16:24:17,569] {taskinstance.py:1063} INFO - Executing <Task(PythonOperator): extract_data_from_csv> on 2024-05-27T02:00:00+00:00
[2024-05-28 16:24:17,573] {standard_task_runner.py:52} INFO - Started process 199 to run task
[2024-05-28 16:24:17,577] {standard_task_runner.py:76} INFO - Running: ['airflow', 'tasks', 'run', 'load_init_data', 'extract_data_from_csv', '2024-05-27T02:00:00+00:00', '--job-id', '509', '--pool', 'default_pool', '--raw', '--subdir', 'DAGS_FOLDER/load_init_data.py', '--cfg-path', '/tmp/tmpekgs3u3e', '--error-file', '/tmp/tmpvvt34o4l']
[2024-05-28 16:24:17,581] {standard_task_runner.py:77} INFO - Job 509: Subtask extract_data_from_csv
[2024-05-28 16:24:17,624] {logging_mixin.py:104} INFO - Running <TaskInstance: load_init_data.extract_data_from_csv 2024-05-27T02:00:00+00:00 [running]> on host a3c9b0e21f74
[2024-05-28 16:24:17,671] {taskinstance.py:1257} INFO - Exporting the following env vars:
AIRFLOW_CTX_DAG_OWNER=airflow
AIRFLOW_CTX_DAG_ID=load_init_data
AIRFLOW_CTX_TASK_ID=extract_data_from_csv
AIRFLOW_CTX_EXECUTION_DATE=2024-05-27T02:00:00+00:00
AIRFLOW_CTX_DAG_RUN_ID=scheduled__2024-05-27T02:00:00+00:00
[2024-05-28 16:24:18,041] {python.py:118} INFO - Done. Returned value was: None
[2024-05-28 16:24:18,048] {taskinstance.py:1166} INFO - Marking task as SUCCESS. dag_id=load_init_data, task_id=extract_data_from_csv, execution_date=20240527T020000, start_date=20240528T162417, end_date=20240528T162418
[2024-05-28 16:24:18,116] {taskinstance.py:1220} INFO - 0 downstream tasks scheduled from follow-on schedule check
[2024-05-28 16:24:18,133] {local_task_job.py:146} INFO - Task exited with return code 0
[2024-06-09 14:01:21,333] {taskinstance.py:851} INFO - Dependencies all met for <TaskInstance: load_init_data.extract_data_from_csv 2024-05-27T02:00:00+00:00 [queued]>
[2024-06-09 14:01:21,395] {taskinstance.py:851} INFO - Dependencies all met for <TaskInstance: load_init_data.extract_data_from_csv 2024-05-27T02:00:00+00:00 [queued]>
[2024-06-09 14:01:21,395] {taskinstance.py:1042} INFO - 
--------------------------------------------------------------------------------
[2024-06-09 14:01:21,396] {taskinstance.py:1043} INFO - Starting attempt 1 of 6
[2024-06-09 14:01:21,397] {taskinstance.py:1044} INFO - 
--------------------------------------------------------------------------------
[2024-06-09 14:01:21,425] {taskinstance.py:1063} INFO - Executing <Task(PythonOperator): extract_data_from_csv> on 2024-05-27T02:00:00+00:00
[2024-06-09 14:01:21,460] {standard_task_runner.py:52} INFO - Started process 189 to run task
[2024-06-09 14:01:21,477] {standard_task_runner.py:76} INFO - Running: ['airflow', 'tasks', 'run', 'load_init_data', 'extract_data_from_csv', '2024-05-27T02:00:00+00:00', '--job-id', '13', '--pool', 'default_pool', '--raw', '--subdir', 'DAGS_FOLDER/load_init_data.py', '--cfg-path', '/tmp/tmph3hfiis3', '--error-file', '/tmp/tmpgm_lek10']
[2024-06-09 14:01:21,494] {standard_task_runner.py:77} INFO - Job 13: Subtask extract_data_from_csv
[2024-06-09 14:01:21,643] {logging_mixin.py:104} INFO - Running <TaskInstance: load_init_data.extract_data_from_csv 2024-05-27T02:00:00+00:00 [running]> on host 97b873bf6d4d
[2024-06-09 14:01:21,833] {taskinstance.py:1257} INFO - Exporting the following env vars:
AIRFLOW_CTX_DAG_OWNER=airflow
AIRFLOW_CTX_DAG_ID=load_init_data
AIRFLOW_CTX_TASK_ID=extract_data_from_csv
AIRFLOW_CTX_EXECUTION_DATE=2024-05-27T02:00:00+00:00
AIRFLOW_CTX_DAG_RUN_ID=scheduled__2024-05-27T02:00:00+00:00
[2024-06-09 14:01:23,561] {python.py:118} INFO - Done. Returned value was: None
[2024-06-09 14:01:23,611] {taskinstance.py:1166} INFO - Marking task as SUCCESS. dag_id=load_init_data, task_id=extract_data_from_csv, execution_date=20240527T020000, start_date=20240609T140121, end_date=20240609T140123
[2024-06-09 14:01:24,014] {taskinstance.py:1220} INFO - 0 downstream tasks scheduled from follow-on schedule check
[2024-06-09 14:01:24,027] {local_task_job.py:146} INFO - Task exited with return code 0
