[2024-05-26 22:24:32,937] {taskinstance.py:851} INFO - Dependencies all met for <TaskInstance: get_new_data.save_into_db 2024-05-26T22:22:03.942659+00:00 [queued]>
[2024-05-26 22:24:32,945] {taskinstance.py:851} INFO - Dependencies all met for <TaskInstance: get_new_data.save_into_db 2024-05-26T22:22:03.942659+00:00 [queued]>
[2024-05-26 22:24:32,946] {taskinstance.py:1042} INFO - 
--------------------------------------------------------------------------------
[2024-05-26 22:24:32,946] {taskinstance.py:1043} INFO - Starting attempt 1 of 6
[2024-05-26 22:24:32,946] {taskinstance.py:1044} INFO - 
--------------------------------------------------------------------------------
[2024-05-26 22:24:32,957] {taskinstance.py:1063} INFO - Executing <Task(PythonOperator): save_into_db> on 2024-05-26T22:22:03.942659+00:00
[2024-05-26 22:24:32,961] {standard_task_runner.py:52} INFO - Started process 381 to run task
[2024-05-26 22:24:32,964] {standard_task_runner.py:76} INFO - Running: ['airflow', 'tasks', 'run', 'get_new_data', 'save_into_db', '2024-05-26T22:22:03.942659+00:00', '--job-id', '445', '--pool', 'default_pool', '--raw', '--subdir', 'DAGS_FOLDER/get_new_data.py', '--cfg-path', '/tmp/tmpkjdbzw5d', '--error-file', '/tmp/tmphuz5b491']
[2024-05-26 22:24:32,966] {standard_task_runner.py:77} INFO - Job 445: Subtask save_into_db
[2024-05-26 22:24:32,999] {logging_mixin.py:104} INFO - Running <TaskInstance: get_new_data.save_into_db 2024-05-26T22:22:03.942659+00:00 [running]> on host 21f974ffa8d5
[2024-05-26 22:24:33,028] {taskinstance.py:1257} INFO - Exporting the following env vars:
AIRFLOW_CTX_DAG_OWNER=airflow
AIRFLOW_CTX_DAG_ID=get_new_data
AIRFLOW_CTX_TASK_ID=save_into_db
AIRFLOW_CTX_EXECUTION_DATE=2024-05-26T22:22:03.942659+00:00
AIRFLOW_CTX_DAG_RUN_ID=manual__2024-05-26T22:22:03.942659+00:00
[2024-05-26 22:24:33,096] {python.py:118} INFO - Done. Returned value was: None
[2024-05-26 22:24:33,104] {taskinstance.py:1166} INFO - Marking task as SUCCESS. dag_id=get_new_data, task_id=save_into_db, execution_date=20240526T222203, start_date=20240526T222432, end_date=20240526T222433
[2024-05-26 22:24:33,124] {taskinstance.py:1220} INFO - 0 downstream tasks scheduled from follow-on schedule check
[2024-05-26 22:24:33,146] {local_task_job.py:146} INFO - Task exited with return code 0
