[2024-05-26 21:41:29,736] {taskinstance.py:851} INFO - Dependencies all met for <TaskInstance: get_new_data.transform 2024-05-26T21:39:01.326160+00:00 [queued]>
[2024-05-26 21:41:29,747] {taskinstance.py:851} INFO - Dependencies all met for <TaskInstance: get_new_data.transform 2024-05-26T21:39:01.326160+00:00 [queued]>
[2024-05-26 21:41:29,747] {taskinstance.py:1042} INFO - 
--------------------------------------------------------------------------------
[2024-05-26 21:41:29,747] {taskinstance.py:1043} INFO - Starting attempt 1 of 6
[2024-05-26 21:41:29,747] {taskinstance.py:1044} INFO - 
--------------------------------------------------------------------------------
[2024-05-26 21:41:29,753] {taskinstance.py:1063} INFO - Executing <Task(PythonOperator): transform> on 2024-05-26T21:39:01.326160+00:00
[2024-05-26 21:41:29,756] {standard_task_runner.py:52} INFO - Started process 239 to run task
[2024-05-26 21:41:29,760] {standard_task_runner.py:76} INFO - Running: ['airflow', 'tasks', 'run', 'get_new_data', 'transform', '2024-05-26T21:39:01.326160+00:00', '--job-id', '418', '--pool', 'default_pool', '--raw', '--subdir', 'DAGS_FOLDER/get_new_data.py', '--cfg-path', '/tmp/tmph29q3oe_', '--error-file', '/tmp/tmpe6e1mpko']
[2024-05-26 21:41:29,762] {standard_task_runner.py:77} INFO - Job 418: Subtask transform
[2024-05-26 21:41:29,790] {logging_mixin.py:104} INFO - Running <TaskInstance: get_new_data.transform 2024-05-26T21:39:01.326160+00:00 [running]> on host 9c777ac19e23
[2024-05-26 21:41:29,817] {taskinstance.py:1257} INFO - Exporting the following env vars:
AIRFLOW_CTX_DAG_OWNER=airflow
AIRFLOW_CTX_DAG_ID=get_new_data
AIRFLOW_CTX_TASK_ID=transform
AIRFLOW_CTX_EXECUTION_DATE=2024-05-26T21:39:01.326160+00:00
AIRFLOW_CTX_DAG_RUN_ID=manual__2024-05-26T21:39:01.326160+00:00
[2024-05-26 21:41:30,656] {python.py:118} INFO - Done. Returned value was: None
[2024-05-26 21:41:30,662] {taskinstance.py:1166} INFO - Marking task as SUCCESS. dag_id=get_new_data, task_id=transform, execution_date=20240526T213901, start_date=20240526T214129, end_date=20240526T214130
[2024-05-26 21:41:30,681] {taskinstance.py:1220} INFO - 1 downstream tasks scheduled from follow-on schedule check
[2024-05-26 21:41:30,699] {local_task_job.py:146} INFO - Task exited with return code 0
