[2024-06-09 14:30:41,096] {taskinstance.py:851} INFO - Dependencies all met for <TaskInstance: get_new_data.save_into_db 2024-06-08T00:00:00+00:00 [queued]>
[2024-06-09 14:30:41,104] {taskinstance.py:851} INFO - Dependencies all met for <TaskInstance: get_new_data.save_into_db 2024-06-08T00:00:00+00:00 [queued]>
[2024-06-09 14:30:41,105] {taskinstance.py:1042} INFO - 
--------------------------------------------------------------------------------
[2024-06-09 14:30:41,105] {taskinstance.py:1043} INFO - Starting attempt 1 of 6
[2024-06-09 14:30:41,105] {taskinstance.py:1044} INFO - 
--------------------------------------------------------------------------------
[2024-06-09 14:30:41,114] {taskinstance.py:1063} INFO - Executing <Task(PythonOperator): save_into_db> on 2024-06-08T00:00:00+00:00
[2024-06-09 14:30:41,117] {standard_task_runner.py:52} INFO - Started process 226 to run task
[2024-06-09 14:30:41,121] {standard_task_runner.py:76} INFO - Running: ['airflow', 'tasks', 'run', 'get_new_data', 'save_into_db', '2024-06-08T00:00:00+00:00', '--job-id', '87', '--pool', 'default_pool', '--raw', '--subdir', 'DAGS_FOLDER/get_new_data.py', '--cfg-path', '/tmp/tmpacmqxzrj', '--error-file', '/tmp/tmpf8tge7o5']
[2024-06-09 14:30:41,123] {standard_task_runner.py:77} INFO - Job 87: Subtask save_into_db
[2024-06-09 14:30:41,154] {logging_mixin.py:104} INFO - Running <TaskInstance: get_new_data.save_into_db 2024-06-08T00:00:00+00:00 [running]> on host 50f6ca71452e
[2024-06-09 14:30:41,182] {taskinstance.py:1257} INFO - Exporting the following env vars:
AIRFLOW_CTX_DAG_OWNER=airflow
AIRFLOW_CTX_DAG_ID=get_new_data
AIRFLOW_CTX_TASK_ID=save_into_db
AIRFLOW_CTX_EXECUTION_DATE=2024-06-08T00:00:00+00:00
AIRFLOW_CTX_DAG_RUN_ID=scheduled__2024-06-08T00:00:00+00:00
[2024-06-09 14:30:41,267] {python.py:118} INFO - Done. Returned value was: None
[2024-06-09 14:30:41,274] {taskinstance.py:1166} INFO - Marking task as SUCCESS. dag_id=get_new_data, task_id=save_into_db, execution_date=20240608T000000, start_date=20240609T143041, end_date=20240609T143041
[2024-06-09 14:30:41,290] {taskinstance.py:1220} INFO - 0 downstream tasks scheduled from follow-on schedule check
[2024-06-09 14:30:41,301] {local_task_job.py:146} INFO - Task exited with return code 0
