[2024-05-26 22:21:30,098] {taskinstance.py:851} INFO - Dependencies all met for <TaskInstance: load_init_data.extract_data_from_csv 2024-05-26T22:21:28.722724+00:00 [queued]>
[2024-05-26 22:21:30,107] {taskinstance.py:851} INFO - Dependencies all met for <TaskInstance: load_init_data.extract_data_from_csv 2024-05-26T22:21:28.722724+00:00 [queued]>
[2024-05-26 22:21:30,109] {taskinstance.py:1042} INFO - 
--------------------------------------------------------------------------------
[2024-05-26 22:21:30,109] {taskinstance.py:1043} INFO - Starting attempt 1 of 6
[2024-05-26 22:21:30,110] {taskinstance.py:1044} INFO - 
--------------------------------------------------------------------------------
[2024-05-26 22:21:30,120] {taskinstance.py:1063} INFO - Executing <Task(PythonOperator): extract_data_from_csv> on 2024-05-26T22:21:28.722724+00:00
[2024-05-26 22:21:30,124] {standard_task_runner.py:52} INFO - Started process 313 to run task
[2024-05-26 22:21:30,129] {standard_task_runner.py:76} INFO - Running: ['airflow', 'tasks', 'run', 'load_init_data', 'extract_data_from_csv', '2024-05-26T22:21:28.722724+00:00', '--job-id', '441', '--pool', 'default_pool', '--raw', '--subdir', 'DAGS_FOLDER/load_init_data.py', '--cfg-path', '/tmp/tmpbak2t0_g', '--error-file', '/tmp/tmpie1i5ruu']
[2024-05-26 22:21:30,132] {standard_task_runner.py:77} INFO - Job 441: Subtask extract_data_from_csv
[2024-05-26 22:21:30,168] {logging_mixin.py:104} INFO - Running <TaskInstance: load_init_data.extract_data_from_csv 2024-05-26T22:21:28.722724+00:00 [running]> on host 21f974ffa8d5
[2024-05-26 22:21:30,204] {taskinstance.py:1257} INFO - Exporting the following env vars:
AIRFLOW_CTX_DAG_OWNER=airflow
AIRFLOW_CTX_DAG_ID=load_init_data
AIRFLOW_CTX_TASK_ID=extract_data_from_csv
AIRFLOW_CTX_EXECUTION_DATE=2024-05-26T22:21:28.722724+00:00
AIRFLOW_CTX_DAG_RUN_ID=manual__2024-05-26T22:21:28.722724+00:00
[2024-05-26 22:21:30,527] {python.py:118} INFO - Done. Returned value was: None
[2024-05-26 22:21:30,534] {taskinstance.py:1166} INFO - Marking task as SUCCESS. dag_id=load_init_data, task_id=extract_data_from_csv, execution_date=20240526T222128, start_date=20240526T222130, end_date=20240526T222130
[2024-05-26 22:21:30,553] {taskinstance.py:1220} INFO - 1 downstream tasks scheduled from follow-on schedule check
[2024-05-26 22:21:30,573] {local_task_job.py:146} INFO - Task exited with return code 0
