[2024-05-26 21:52:24,198] {taskinstance.py:851} INFO - Dependencies all met for <TaskInstance: get_new_data.scrap_cnn 2024-05-26T21:52:23.478777+00:00 [queued]>
[2024-05-26 21:52:24,210] {taskinstance.py:851} INFO - Dependencies all met for <TaskInstance: get_new_data.scrap_cnn 2024-05-26T21:52:23.478777+00:00 [queued]>
[2024-05-26 21:52:24,211] {taskinstance.py:1042} INFO - 
--------------------------------------------------------------------------------
[2024-05-26 21:52:24,211] {taskinstance.py:1043} INFO - Starting attempt 1 of 6
[2024-05-26 21:52:24,211] {taskinstance.py:1044} INFO - 
--------------------------------------------------------------------------------
[2024-05-26 21:52:24,218] {taskinstance.py:1063} INFO - Executing <Task(PythonOperator): scrap_cnn> on 2024-05-26T21:52:23.478777+00:00
[2024-05-26 21:52:24,223] {standard_task_runner.py:52} INFO - Started process 241 to run task
[2024-05-26 21:52:24,226] {standard_task_runner.py:76} INFO - Running: ['airflow', 'tasks', 'run', 'get_new_data', 'scrap_cnn', '2024-05-26T21:52:23.478777+00:00', '--job-id', '427', '--pool', 'default_pool', '--raw', '--subdir', 'DAGS_FOLDER/get_new_data.py', '--cfg-path', '/tmp/tmpdf5xuwrf', '--error-file', '/tmp/tmppwm0x5sg']
[2024-05-26 21:52:24,229] {standard_task_runner.py:77} INFO - Job 427: Subtask scrap_cnn
[2024-05-26 21:52:24,266] {logging_mixin.py:104} INFO - Running <TaskInstance: get_new_data.scrap_cnn 2024-05-26T21:52:23.478777+00:00 [running]> on host 9c777ac19e23
[2024-05-26 21:52:24,298] {taskinstance.py:1257} INFO - Exporting the following env vars:
AIRFLOW_CTX_DAG_OWNER=airflow
AIRFLOW_CTX_DAG_ID=get_new_data
AIRFLOW_CTX_TASK_ID=scrap_cnn
AIRFLOW_CTX_EXECUTION_DATE=2024-05-26T21:52:23.478777+00:00
AIRFLOW_CTX_DAG_RUN_ID=manual__2024-05-26T21:52:23.478777+00:00
[2024-05-26 21:55:00,978] {python.py:118} INFO - Done. Returned value was: None
[2024-05-26 21:55:00,989] {taskinstance.py:1166} INFO - Marking task as SUCCESS. dag_id=get_new_data, task_id=scrap_cnn, execution_date=20240526T215223, start_date=20240526T215224, end_date=20240526T215500
[2024-05-26 21:55:01,023] {taskinstance.py:1220} INFO - 1 downstream tasks scheduled from follow-on schedule check
[2024-05-26 21:55:01,095] {local_task_job.py:146} INFO - Task exited with return code 0
