[2024-05-26 22:24:30,871] {taskinstance.py:851} INFO - Dependencies all met for <TaskInstance: get_new_data.transform 2024-05-26T22:22:03.942659+00:00 [queued]>
[2024-05-26 22:24:30,879] {taskinstance.py:851} INFO - Dependencies all met for <TaskInstance: get_new_data.transform 2024-05-26T22:22:03.942659+00:00 [queued]>
[2024-05-26 22:24:30,879] {taskinstance.py:1042} INFO - 
--------------------------------------------------------------------------------
[2024-05-26 22:24:30,880] {taskinstance.py:1043} INFO - Starting attempt 1 of 6
[2024-05-26 22:24:30,880] {taskinstance.py:1044} INFO - 
--------------------------------------------------------------------------------
[2024-05-26 22:24:30,889] {taskinstance.py:1063} INFO - Executing <Task(PythonOperator): transform> on 2024-05-26T22:22:03.942659+00:00
[2024-05-26 22:24:30,892] {standard_task_runner.py:52} INFO - Started process 379 to run task
[2024-05-26 22:24:30,895] {standard_task_runner.py:76} INFO - Running: ['airflow', 'tasks', 'run', 'get_new_data', 'transform', '2024-05-26T22:22:03.942659+00:00', '--job-id', '444', '--pool', 'default_pool', '--raw', '--subdir', 'DAGS_FOLDER/get_new_data.py', '--cfg-path', '/tmp/tmpp5zn0a4d', '--error-file', '/tmp/tmpur2ygsiz']
[2024-05-26 22:24:30,898] {standard_task_runner.py:77} INFO - Job 444: Subtask transform
[2024-05-26 22:24:30,931] {logging_mixin.py:104} INFO - Running <TaskInstance: get_new_data.transform 2024-05-26T22:22:03.942659+00:00 [running]> on host 21f974ffa8d5
[2024-05-26 22:24:30,964] {taskinstance.py:1257} INFO - Exporting the following env vars:
AIRFLOW_CTX_DAG_OWNER=airflow
AIRFLOW_CTX_DAG_ID=get_new_data
AIRFLOW_CTX_TASK_ID=transform
AIRFLOW_CTX_EXECUTION_DATE=2024-05-26T22:22:03.942659+00:00
AIRFLOW_CTX_DAG_RUN_ID=manual__2024-05-26T22:22:03.942659+00:00
[2024-05-26 22:24:32,084] {python.py:118} INFO - Done. Returned value was: None
[2024-05-26 22:24:32,095] {taskinstance.py:1166} INFO - Marking task as SUCCESS. dag_id=get_new_data, task_id=transform, execution_date=20240526T222203, start_date=20240526T222430, end_date=20240526T222432
[2024-05-26 22:24:32,126] {taskinstance.py:1220} INFO - 1 downstream tasks scheduled from follow-on schedule check
[2024-05-26 22:24:32,140] {local_task_job.py:146} INFO - Task exited with return code 0
