[2024-06-09 14:01:31,304] {taskinstance.py:851} INFO - Dependencies all met for <TaskInstance: load_init_data.transform 2024-06-03T02:00:00+00:00 [queued]>
[2024-06-09 14:01:31,405] {taskinstance.py:851} INFO - Dependencies all met for <TaskInstance: load_init_data.transform 2024-06-03T02:00:00+00:00 [queued]>
[2024-06-09 14:01:31,408] {taskinstance.py:1042} INFO - 
--------------------------------------------------------------------------------
[2024-06-09 14:01:31,414] {taskinstance.py:1043} INFO - Starting attempt 1 of 6
[2024-06-09 14:01:31,415] {taskinstance.py:1044} INFO - 
--------------------------------------------------------------------------------
[2024-06-09 14:01:31,482] {taskinstance.py:1063} INFO - Executing <Task(PythonOperator): transform> on 2024-06-03T02:00:00+00:00
[2024-06-09 14:01:31,615] {standard_task_runner.py:52} INFO - Started process 235 to run task
[2024-06-09 14:01:31,675] {standard_task_runner.py:76} INFO - Running: ['airflow', 'tasks', 'run', 'load_init_data', 'transform', '2024-06-03T02:00:00+00:00', '--job-id', '34', '--pool', 'default_pool', '--raw', '--subdir', 'DAGS_FOLDER/load_init_data.py', '--cfg-path', '/tmp/tmpo8tnangx', '--error-file', '/tmp/tmpsnk6zhvz']
[2024-06-09 14:01:31,705] {standard_task_runner.py:77} INFO - Job 34: Subtask transform
[2024-06-09 14:01:32,188] {logging_mixin.py:104} INFO - Running <TaskInstance: load_init_data.transform 2024-06-03T02:00:00+00:00 [running]> on host 97b873bf6d4d
[2024-06-09 14:01:32,553] {taskinstance.py:1257} INFO - Exporting the following env vars:
AIRFLOW_CTX_DAG_OWNER=airflow
AIRFLOW_CTX_DAG_ID=load_init_data
AIRFLOW_CTX_TASK_ID=transform
AIRFLOW_CTX_EXECUTION_DATE=2024-06-03T02:00:00+00:00
AIRFLOW_CTX_DAG_RUN_ID=scheduled__2024-06-03T02:00:00+00:00
[2024-06-09 14:02:26,642] {python.py:118} INFO - Done. Returned value was: None
[2024-06-09 14:02:26,729] {taskinstance.py:1166} INFO - Marking task as SUCCESS. dag_id=load_init_data, task_id=transform, execution_date=20240603T020000, start_date=20240609T140131, end_date=20240609T140226
[2024-06-09 14:02:26,973] {taskinstance.py:1220} INFO - 1 downstream tasks scheduled from follow-on schedule check
[2024-06-09 14:02:27,085] {local_task_job.py:146} INFO - Task exited with return code 0
