[2024-05-27 21:19:28,699] {taskinstance.py:851} INFO - Dependencies all met for <TaskInstance: load_init_data.transform 2024-05-25T02:00:00+00:00 [queued]>
[2024-05-27 21:19:28,714] {taskinstance.py:851} INFO - Dependencies all met for <TaskInstance: load_init_data.transform 2024-05-25T02:00:00+00:00 [queued]>
[2024-05-27 21:19:28,715] {taskinstance.py:1042} INFO - 
--------------------------------------------------------------------------------
[2024-05-27 21:19:28,715] {taskinstance.py:1043} INFO - Starting attempt 1 of 6
[2024-05-27 21:19:28,715] {taskinstance.py:1044} INFO - 
--------------------------------------------------------------------------------
[2024-05-27 21:19:28,723] {taskinstance.py:1063} INFO - Executing <Task(PythonOperator): transform> on 2024-05-25T02:00:00+00:00
[2024-05-27 21:19:28,729] {standard_task_runner.py:52} INFO - Started process 193 to run task
[2024-05-27 21:19:28,732] {standard_task_runner.py:76} INFO - Running: ['airflow', 'tasks', 'run', 'load_init_data', 'transform', '2024-05-25T02:00:00+00:00', '--job-id', '501', '--pool', 'default_pool', '--raw', '--subdir', 'DAGS_FOLDER/load_init_data.py', '--cfg-path', '/tmp/tmpicvfbauz', '--error-file', '/tmp/tmpd00e6hwf']
[2024-05-27 21:19:28,735] {standard_task_runner.py:77} INFO - Job 501: Subtask transform
[2024-05-27 21:19:28,768] {logging_mixin.py:104} INFO - Running <TaskInstance: load_init_data.transform 2024-05-25T02:00:00+00:00 [running]> on host 1f334d963743
[2024-05-27 21:19:28,802] {taskinstance.py:1257} INFO - Exporting the following env vars:
AIRFLOW_CTX_DAG_OWNER=airflow
AIRFLOW_CTX_DAG_ID=load_init_data
AIRFLOW_CTX_TASK_ID=transform
AIRFLOW_CTX_EXECUTION_DATE=2024-05-25T02:00:00+00:00
AIRFLOW_CTX_DAG_RUN_ID=scheduled__2024-05-25T02:00:00+00:00
[2024-05-27 21:19:33,817] {python.py:118} INFO - Done. Returned value was: None
[2024-05-27 21:19:33,825] {taskinstance.py:1166} INFO - Marking task as SUCCESS. dag_id=load_init_data, task_id=transform, execution_date=20240525T020000, start_date=20240527T211928, end_date=20240527T211933
[2024-05-27 21:19:33,847] {taskinstance.py:1220} INFO - 1 downstream tasks scheduled from follow-on schedule check
[2024-05-27 21:19:33,866] {local_task_job.py:146} INFO - Task exited with return code 0
[2024-05-28 16:24:18,994] {taskinstance.py:851} INFO - Dependencies all met for <TaskInstance: load_init_data.transform 2024-05-25T02:00:00+00:00 [queued]>
[2024-05-28 16:24:19,008] {taskinstance.py:851} INFO - Dependencies all met for <TaskInstance: load_init_data.transform 2024-05-25T02:00:00+00:00 [queued]>
[2024-05-28 16:24:19,010] {taskinstance.py:1042} INFO - 
--------------------------------------------------------------------------------
[2024-05-28 16:24:19,019] {taskinstance.py:1043} INFO - Starting attempt 1 of 6
[2024-05-28 16:24:19,020] {taskinstance.py:1044} INFO - 
--------------------------------------------------------------------------------
[2024-05-28 16:24:19,038] {taskinstance.py:1063} INFO - Executing <Task(PythonOperator): transform> on 2024-05-25T02:00:00+00:00
[2024-05-28 16:24:19,042] {standard_task_runner.py:52} INFO - Started process 213 to run task
[2024-05-28 16:24:19,048] {standard_task_runner.py:76} INFO - Running: ['airflow', 'tasks', 'run', 'load_init_data', 'transform', '2024-05-25T02:00:00+00:00', '--job-id', '515', '--pool', 'default_pool', '--raw', '--subdir', 'DAGS_FOLDER/load_init_data.py', '--cfg-path', '/tmp/tmp2ug2eqtx', '--error-file', '/tmp/tmpda7rcar0']
[2024-05-28 16:24:19,060] {standard_task_runner.py:77} INFO - Job 515: Subtask transform
[2024-05-28 16:24:19,118] {logging_mixin.py:104} INFO - Running <TaskInstance: load_init_data.transform 2024-05-25T02:00:00+00:00 [running]> on host a3c9b0e21f74
[2024-05-28 16:24:19,152] {taskinstance.py:1257} INFO - Exporting the following env vars:
AIRFLOW_CTX_DAG_OWNER=airflow
AIRFLOW_CTX_DAG_ID=load_init_data
AIRFLOW_CTX_TASK_ID=transform
AIRFLOW_CTX_EXECUTION_DATE=2024-05-25T02:00:00+00:00
AIRFLOW_CTX_DAG_RUN_ID=scheduled__2024-05-25T02:00:00+00:00
[2024-05-28 16:24:28,538] {taskinstance.py:1455} ERROR - Expecting value: line 1 column 1 (char 0)
Traceback (most recent call last):
  File "/home/airflow/.local/lib/python3.6/site-packages/airflow/models/taskinstance.py", line 1112, in _run_raw_task
    self._prepare_and_execute_task_with_callbacks(context, task)
  File "/home/airflow/.local/lib/python3.6/site-packages/airflow/models/taskinstance.py", line 1285, in _prepare_and_execute_task_with_callbacks
    result = self._execute_task(context, task_copy)
  File "/home/airflow/.local/lib/python3.6/site-packages/airflow/models/taskinstance.py", line 1315, in _execute_task
    result = task_copy.execute(context=context)
  File "/home/airflow/.local/lib/python3.6/site-packages/airflow/operators/python.py", line 117, in execute
    return_value = self.execute_callable()
  File "/home/airflow/.local/lib/python3.6/site-packages/airflow/operators/python.py", line 128, in execute_callable
    return self.python_callable(*self.op_args, **self.op_kwargs)
  File "/opt/airflow/dags/load_init_data.py", line 29, in transform
    transformed_data = response.json()['data']
  File "/home/airflow/.local/lib/python3.6/site-packages/requests/models.py", line 900, in json
    return complexjson.loads(self.text, **kwargs)
  File "/usr/local/lib/python3.6/json/__init__.py", line 354, in loads
    return _default_decoder.decode(s)
  File "/usr/local/lib/python3.6/json/decoder.py", line 339, in decode
    obj, end = self.raw_decode(s, idx=_w(s, 0).end())
  File "/usr/local/lib/python3.6/json/decoder.py", line 357, in raw_decode
    raise JSONDecodeError("Expecting value", s, err.value) from None
json.decoder.JSONDecodeError: Expecting value: line 1 column 1 (char 0)
[2024-05-28 16:24:28,550] {taskinstance.py:1503} INFO - Marking task as UP_FOR_RETRY. dag_id=load_init_data, task_id=transform, execution_date=20240525T020000, start_date=20240528T162418, end_date=20240528T162428
[2024-05-28 16:24:28,607] {local_task_job.py:146} INFO - Task exited with return code 1
[2024-06-09 14:01:28,414] {taskinstance.py:851} INFO - Dependencies all met for <TaskInstance: load_init_data.transform 2024-05-25T02:00:00+00:00 [queued]>
[2024-06-09 14:01:28,468] {taskinstance.py:851} INFO - Dependencies all met for <TaskInstance: load_init_data.transform 2024-05-25T02:00:00+00:00 [queued]>
[2024-06-09 14:01:28,479] {taskinstance.py:1042} INFO - 
--------------------------------------------------------------------------------
[2024-06-09 14:01:28,486] {taskinstance.py:1043} INFO - Starting attempt 1 of 6
[2024-06-09 14:01:28,489] {taskinstance.py:1044} INFO - 
--------------------------------------------------------------------------------
[2024-06-09 14:01:28,536] {taskinstance.py:1063} INFO - Executing <Task(PythonOperator): transform> on 2024-05-25T02:00:00+00:00
[2024-06-09 14:01:28,556] {standard_task_runner.py:52} INFO - Started process 223 to run task
[2024-06-09 14:01:28,607] {standard_task_runner.py:76} INFO - Running: ['airflow', 'tasks', 'run', 'load_init_data', 'transform', '2024-05-25T02:00:00+00:00', '--job-id', '30', '--pool', 'default_pool', '--raw', '--subdir', 'DAGS_FOLDER/load_init_data.py', '--cfg-path', '/tmp/tmp2135h3oa', '--error-file', '/tmp/tmpryey5_dy']
[2024-06-09 14:01:28,691] {standard_task_runner.py:77} INFO - Job 30: Subtask transform
[2024-06-09 14:01:28,980] {logging_mixin.py:104} INFO - Running <TaskInstance: load_init_data.transform 2024-05-25T02:00:00+00:00 [running]> on host 97b873bf6d4d
[2024-06-09 14:01:29,140] {taskinstance.py:1257} INFO - Exporting the following env vars:
AIRFLOW_CTX_DAG_OWNER=airflow
AIRFLOW_CTX_DAG_ID=load_init_data
AIRFLOW_CTX_TASK_ID=transform
AIRFLOW_CTX_EXECUTION_DATE=2024-05-25T02:00:00+00:00
AIRFLOW_CTX_DAG_RUN_ID=scheduled__2024-05-25T02:00:00+00:00
[2024-06-09 14:02:20,427] {python.py:118} INFO - Done. Returned value was: None
[2024-06-09 14:02:20,504] {taskinstance.py:1166} INFO - Marking task as SUCCESS. dag_id=load_init_data, task_id=transform, execution_date=20240525T020000, start_date=20240609T140128, end_date=20240609T140220
[2024-06-09 14:02:20,756] {taskinstance.py:1220} INFO - 0 downstream tasks scheduled from follow-on schedule check
[2024-06-09 14:02:20,924] {local_task_job.py:146} INFO - Task exited with return code 0
