[2024-05-26 22:33:43,116] {taskinstance.py:851} INFO - Dependencies all met for <TaskInstance: get_new_data.scrap_cnn 2024-05-26T22:33:41.250863+00:00 [queued]>
[2024-05-26 22:33:43,129] {taskinstance.py:851} INFO - Dependencies all met for <TaskInstance: get_new_data.scrap_cnn 2024-05-26T22:33:41.250863+00:00 [queued]>
[2024-05-26 22:33:43,130] {taskinstance.py:1042} INFO - 
--------------------------------------------------------------------------------
[2024-05-26 22:33:43,130] {taskinstance.py:1043} INFO - Starting attempt 1 of 6
[2024-05-26 22:33:43,130] {taskinstance.py:1044} INFO - 
--------------------------------------------------------------------------------
[2024-05-26 22:33:43,138] {taskinstance.py:1063} INFO - Executing <Task(PythonOperator): scrap_cnn> on 2024-05-26T22:33:41.250863+00:00
[2024-05-26 22:33:43,143] {standard_task_runner.py:52} INFO - Started process 225 to run task
[2024-05-26 22:33:43,147] {standard_task_runner.py:76} INFO - Running: ['airflow', 'tasks', 'run', 'get_new_data', 'scrap_cnn', '2024-05-26T22:33:41.250863+00:00', '--job-id', '458', '--pool', 'default_pool', '--raw', '--subdir', 'DAGS_FOLDER/get_new_data.py', '--cfg-path', '/tmp/tmpvcv50h8w', '--error-file', '/tmp/tmpdhu7e6t5']
[2024-05-26 22:33:43,150] {standard_task_runner.py:77} INFO - Job 458: Subtask scrap_cnn
[2024-05-26 22:33:43,185] {logging_mixin.py:104} INFO - Running <TaskInstance: get_new_data.scrap_cnn 2024-05-26T22:33:41.250863+00:00 [running]> on host 1f334d963743
[2024-05-26 22:33:43,214] {taskinstance.py:1257} INFO - Exporting the following env vars:
AIRFLOW_CTX_DAG_OWNER=airflow
AIRFLOW_CTX_DAG_ID=get_new_data
AIRFLOW_CTX_TASK_ID=scrap_cnn
AIRFLOW_CTX_EXECUTION_DATE=2024-05-26T22:33:41.250863+00:00
AIRFLOW_CTX_DAG_RUN_ID=manual__2024-05-26T22:33:41.250863+00:00
[2024-05-26 22:36:38,498] {python.py:118} INFO - Done. Returned value was: None
[2024-05-26 22:36:38,508] {taskinstance.py:1166} INFO - Marking task as SUCCESS. dag_id=get_new_data, task_id=scrap_cnn, execution_date=20240526T223341, start_date=20240526T223343, end_date=20240526T223638
[2024-05-26 22:36:38,544] {taskinstance.py:1220} INFO - 1 downstream tasks scheduled from follow-on schedule check
[2024-05-26 22:36:38,572] {local_task_job.py:146} INFO - Task exited with return code 0
