[2024-06-09 14:01:24,867] {taskinstance.py:851} INFO - Dependencies all met for <TaskInstance: load_init_data.extract_data_from_csv 2024-06-03T02:00:00+00:00 [queued]>
[2024-06-09 14:01:24,983] {taskinstance.py:851} INFO - Dependencies all met for <TaskInstance: load_init_data.extract_data_from_csv 2024-06-03T02:00:00+00:00 [queued]>
[2024-06-09 14:01:25,003] {taskinstance.py:1042} INFO - 
--------------------------------------------------------------------------------
[2024-06-09 14:01:25,005] {taskinstance.py:1043} INFO - Starting attempt 1 of 6
[2024-06-09 14:01:25,010] {taskinstance.py:1044} INFO - 
--------------------------------------------------------------------------------
[2024-06-09 14:01:25,049] {taskinstance.py:1063} INFO - Executing <Task(PythonOperator): extract_data_from_csv> on 2024-06-03T02:00:00+00:00
[2024-06-09 14:01:25,057] {standard_task_runner.py:52} INFO - Started process 204 to run task
[2024-06-09 14:01:25,071] {standard_task_runner.py:76} INFO - Running: ['airflow', 'tasks', 'run', 'load_init_data', 'extract_data_from_csv', '2024-06-03T02:00:00+00:00', '--job-id', '18', '--pool', 'default_pool', '--raw', '--subdir', 'DAGS_FOLDER/load_init_data.py', '--cfg-path', '/tmp/tmp1qhdyhov', '--error-file', '/tmp/tmp5qbs8a_n']
[2024-06-09 14:01:25,081] {standard_task_runner.py:77} INFO - Job 18: Subtask extract_data_from_csv
[2024-06-09 14:01:25,236] {logging_mixin.py:104} INFO - Running <TaskInstance: load_init_data.extract_data_from_csv 2024-06-03T02:00:00+00:00 [running]> on host 97b873bf6d4d
[2024-06-09 14:01:25,345] {taskinstance.py:1257} INFO - Exporting the following env vars:
AIRFLOW_CTX_DAG_OWNER=airflow
AIRFLOW_CTX_DAG_ID=load_init_data
AIRFLOW_CTX_TASK_ID=extract_data_from_csv
AIRFLOW_CTX_EXECUTION_DATE=2024-06-03T02:00:00+00:00
AIRFLOW_CTX_DAG_RUN_ID=scheduled__2024-06-03T02:00:00+00:00
[2024-06-09 14:01:26,418] {python.py:118} INFO - Done. Returned value was: None
[2024-06-09 14:01:26,487] {taskinstance.py:1166} INFO - Marking task as SUCCESS. dag_id=load_init_data, task_id=extract_data_from_csv, execution_date=20240603T020000, start_date=20240609T140124, end_date=20240609T140126
[2024-06-09 14:01:26,694] {taskinstance.py:1220} INFO - 1 downstream tasks scheduled from follow-on schedule check
[2024-06-09 14:01:26,758] {local_task_job.py:146} INFO - Task exited with return code 0
