[2024-06-09 14:02:33,513] {taskinstance.py:851} INFO - Dependencies all met for <TaskInstance: load_init_data.save_into_db 2024-05-28T02:00:00+00:00 [queued]>
[2024-06-09 14:02:33,560] {taskinstance.py:851} INFO - Dependencies all met for <TaskInstance: load_init_data.save_into_db 2024-05-28T02:00:00+00:00 [queued]>
[2024-06-09 14:02:33,565] {taskinstance.py:1042} INFO - 
--------------------------------------------------------------------------------
[2024-06-09 14:02:33,575] {taskinstance.py:1043} INFO - Starting attempt 1 of 6
[2024-06-09 14:02:33,578] {taskinstance.py:1044} INFO - 
--------------------------------------------------------------------------------
[2024-06-09 14:02:33,645] {taskinstance.py:1063} INFO - Executing <Task(PythonOperator): save_into_db> on 2024-05-28T02:00:00+00:00
[2024-06-09 14:02:33,659] {standard_task_runner.py:52} INFO - Started process 279 to run task
[2024-06-09 14:02:33,685] {standard_task_runner.py:76} INFO - Running: ['airflow', 'tasks', 'run', 'load_init_data', 'save_into_db', '2024-05-28T02:00:00+00:00', '--job-id', '49', '--pool', 'default_pool', '--raw', '--subdir', 'DAGS_FOLDER/load_init_data.py', '--cfg-path', '/tmp/tmptakyuzgd', '--error-file', '/tmp/tmpzeqhkgo4']
[2024-06-09 14:02:33,699] {standard_task_runner.py:77} INFO - Job 49: Subtask save_into_db
[2024-06-09 14:02:34,126] {logging_mixin.py:104} INFO - Running <TaskInstance: load_init_data.save_into_db 2024-05-28T02:00:00+00:00 [running]> on host 97b873bf6d4d
[2024-06-09 14:02:34,265] {taskinstance.py:1257} INFO - Exporting the following env vars:
AIRFLOW_CTX_DAG_OWNER=airflow
AIRFLOW_CTX_DAG_ID=load_init_data
AIRFLOW_CTX_TASK_ID=save_into_db
AIRFLOW_CTX_EXECUTION_DATE=2024-05-28T02:00:00+00:00
AIRFLOW_CTX_DAG_RUN_ID=scheduled__2024-05-28T02:00:00+00:00
[2024-06-09 14:02:34,709] {python.py:118} INFO - Done. Returned value was: None
[2024-06-09 14:02:34,725] {taskinstance.py:1166} INFO - Marking task as SUCCESS. dag_id=load_init_data, task_id=save_into_db, execution_date=20240528T020000, start_date=20240609T140233, end_date=20240609T140234
[2024-06-09 14:02:35,190] {taskinstance.py:1220} INFO - 0 downstream tasks scheduled from follow-on schedule check
[2024-06-09 14:02:35,279] {local_task_job.py:146} INFO - Task exited with return code 0
