[2024-05-25 22:42:46,889] {scheduler_job.py:182} INFO - Started process (PID=162) to work on /opt/airflow/dags/scrap_new_data.py
[2024-05-25 22:42:46,891] {scheduler_job.py:629} INFO - Processing file /opt/airflow/dags/scrap_new_data.py for tasks to queue
[2024-05-25 22:42:46,895] {logging_mixin.py:104} INFO - [2024-05-25 22:42:46,895] {dagbag.py:448} INFO - Filling up the DagBag from /opt/airflow/dags/scrap_new_data.py
[2024-05-25 22:42:46,934] {logging_mixin.py:104} INFO - [2024-05-25 22:42:46,922] {dagbag.py:305} ERROR - Failed to import: /opt/airflow/dags/scrap_new_data.py
Traceback (most recent call last):
  File "/home/airflow/.local/lib/python3.6/site-packages/airflow/models/dagbag.py", line 302, in _load_modules_from_file
    loader.exec_module(new_module)
  File "<frozen importlib._bootstrap_external>", line 674, in exec_module
  File "<frozen importlib._bootstrap_external>", line 781, in get_code
  File "<frozen importlib._bootstrap_external>", line 741, in source_to_code
  File "<frozen importlib._bootstrap>", line 219, in _call_with_frames_removed
  File "/opt/airflow/dags/scrap_new_data.py", line 7
    ) as dag:
            ^
SyntaxError: unexpected EOF while parsing
[2024-05-25 22:42:46,938] {scheduler_job.py:641} WARNING - No viable dags retrieved from /opt/airflow/dags/scrap_new_data.py
[2024-05-25 22:42:47,006] {scheduler_job.py:190} INFO - Processing /opt/airflow/dags/scrap_new_data.py took 0.127 seconds
[2024-05-25 22:43:17,211] {scheduler_job.py:182} INFO - Started process (PID=167) to work on /opt/airflow/dags/scrap_new_data.py
[2024-05-25 22:43:17,213] {scheduler_job.py:629} INFO - Processing file /opt/airflow/dags/scrap_new_data.py for tasks to queue
[2024-05-25 22:43:17,214] {logging_mixin.py:104} INFO - [2024-05-25 22:43:17,214] {dagbag.py:448} INFO - Filling up the DagBag from /opt/airflow/dags/scrap_new_data.py
[2024-05-25 22:43:17,225] {logging_mixin.py:104} INFO - [2024-05-25 22:43:17,223] {dagbag.py:305} ERROR - Failed to import: /opt/airflow/dags/scrap_new_data.py
Traceback (most recent call last):
  File "/home/airflow/.local/lib/python3.6/site-packages/airflow/models/dagbag.py", line 302, in _load_modules_from_file
    loader.exec_module(new_module)
  File "<frozen importlib._bootstrap_external>", line 674, in exec_module
  File "<frozen importlib._bootstrap_external>", line 781, in get_code
  File "<frozen importlib._bootstrap_external>", line 741, in source_to_code
  File "<frozen importlib._bootstrap>", line 219, in _call_with_frames_removed
  File "/opt/airflow/dags/scrap_new_data.py", line 13
    ) as dag:
            ^
SyntaxError: unexpected EOF while parsing
[2024-05-25 22:43:17,226] {scheduler_job.py:641} WARNING - No viable dags retrieved from /opt/airflow/dags/scrap_new_data.py
[2024-05-25 22:43:17,250] {scheduler_job.py:190} INFO - Processing /opt/airflow/dags/scrap_new_data.py took 0.071 seconds
[2024-05-25 22:43:47,582] {scheduler_job.py:182} INFO - Started process (PID=172) to work on /opt/airflow/dags/scrap_new_data.py
[2024-05-25 22:43:47,584] {scheduler_job.py:629} INFO - Processing file /opt/airflow/dags/scrap_new_data.py for tasks to queue
[2024-05-25 22:43:47,586] {logging_mixin.py:104} INFO - [2024-05-25 22:43:47,586] {dagbag.py:448} INFO - Filling up the DagBag from /opt/airflow/dags/scrap_new_data.py
[2024-05-25 22:43:47,599] {logging_mixin.py:104} INFO - [2024-05-25 22:43:47,596] {dagbag.py:305} ERROR - Failed to import: /opt/airflow/dags/scrap_new_data.py
Traceback (most recent call last):
  File "/home/airflow/.local/lib/python3.6/site-packages/airflow/models/dagbag.py", line 302, in _load_modules_from_file
    loader.exec_module(new_module)
  File "<frozen importlib._bootstrap_external>", line 674, in exec_module
  File "<frozen importlib._bootstrap_external>", line 781, in get_code
  File "<frozen importlib._bootstrap_external>", line 741, in source_to_code
  File "<frozen importlib._bootstrap>", line 219, in _call_with_frames_removed
  File "/opt/airflow/dags/scrap_new_data.py", line 15
    start_date=datetime(2024, 5, 1, 2), schedule_interval='@daily' as dag:
                                                                    ^
SyntaxError: invalid syntax
[2024-05-25 22:43:47,600] {scheduler_job.py:641} WARNING - No viable dags retrieved from /opt/airflow/dags/scrap_new_data.py
[2024-05-25 22:43:47,627] {scheduler_job.py:190} INFO - Processing /opt/airflow/dags/scrap_new_data.py took 0.069 seconds
[2024-05-25 22:44:17,976] {scheduler_job.py:182} INFO - Started process (PID=177) to work on /opt/airflow/dags/scrap_new_data.py
[2024-05-25 22:44:17,978] {scheduler_job.py:629} INFO - Processing file /opt/airflow/dags/scrap_new_data.py for tasks to queue
[2024-05-25 22:44:17,981] {logging_mixin.py:104} INFO - [2024-05-25 22:44:17,979] {dagbag.py:448} INFO - Filling up the DagBag from /opt/airflow/dags/scrap_new_data.py
[2024-05-25 22:44:18,075] {scheduler_job.py:639} INFO - DAG(s) dict_keys(['test_dag_v1']) retrieved from /opt/airflow/dags/scrap_new_data.py
[2024-05-25 22:44:18,165] {logging_mixin.py:104} INFO - [2024-05-25 22:44:18,164] {dag.py:1818} INFO - Sync 1 DAGs
[2024-05-25 22:44:18,189] {logging_mixin.py:104} INFO - [2024-05-25 22:44:18,189] {dag.py:1837} INFO - Creating ORM DAG for test_dag_v1
[2024-05-25 22:44:18,206] {logging_mixin.py:104} INFO - [2024-05-25 22:44:18,206] {dag.py:2273} INFO - Setting next_dagrun for test_dag_v1 to 2024-05-02 00:00:00+00:00
[2024-05-25 22:44:18,221] {scheduler_job.py:190} INFO - Processing /opt/airflow/dags/scrap_new_data.py took 0.251 seconds
[2024-05-25 22:44:48,429] {scheduler_job.py:182} INFO - Started process (PID=182) to work on /opt/airflow/dags/scrap_new_data.py
[2024-05-25 22:44:48,430] {scheduler_job.py:629} INFO - Processing file /opt/airflow/dags/scrap_new_data.py for tasks to queue
[2024-05-25 22:44:48,431] {logging_mixin.py:104} INFO - [2024-05-25 22:44:48,431] {dagbag.py:448} INFO - Filling up the DagBag from /opt/airflow/dags/scrap_new_data.py
[2024-05-25 22:44:48,458] {scheduler_job.py:639} INFO - DAG(s) dict_keys(['test_dag_v1']) retrieved from /opt/airflow/dags/scrap_new_data.py
[2024-05-25 22:44:48,489] {logging_mixin.py:104} INFO - [2024-05-25 22:44:48,488] {dag.py:1818} INFO - Sync 1 DAGs
[2024-05-25 22:44:48,509] {logging_mixin.py:104} INFO - [2024-05-25 22:44:48,509] {dag.py:2273} INFO - Setting next_dagrun for test_dag_v1 to 2024-05-02 00:00:00+00:00
[2024-05-25 22:44:48,518] {scheduler_job.py:190} INFO - Processing /opt/airflow/dags/scrap_new_data.py took 0.095 seconds
[2024-05-25 22:45:18,789] {scheduler_job.py:182} INFO - Started process (PID=187) to work on /opt/airflow/dags/scrap_new_data.py
[2024-05-25 22:45:18,790] {scheduler_job.py:629} INFO - Processing file /opt/airflow/dags/scrap_new_data.py for tasks to queue
[2024-05-25 22:45:18,791] {logging_mixin.py:104} INFO - [2024-05-25 22:45:18,791] {dagbag.py:448} INFO - Filling up the DagBag from /opt/airflow/dags/scrap_new_data.py
[2024-05-25 22:45:18,811] {scheduler_job.py:639} INFO - DAG(s) dict_keys(['test_dag_v1']) retrieved from /opt/airflow/dags/scrap_new_data.py
[2024-05-25 22:45:18,834] {logging_mixin.py:104} INFO - [2024-05-25 22:45:18,834] {dag.py:1818} INFO - Sync 1 DAGs
[2024-05-25 22:45:18,847] {logging_mixin.py:104} INFO - [2024-05-25 22:45:18,847] {dag.py:2273} INFO - Setting next_dagrun for test_dag_v1 to 2024-05-02 00:00:00+00:00
[2024-05-25 22:45:18,851] {scheduler_job.py:190} INFO - Processing /opt/airflow/dags/scrap_new_data.py took 0.067 seconds
[2024-05-25 22:45:49,163] {scheduler_job.py:182} INFO - Started process (PID=192) to work on /opt/airflow/dags/scrap_new_data.py
[2024-05-25 22:45:49,165] {scheduler_job.py:629} INFO - Processing file /opt/airflow/dags/scrap_new_data.py for tasks to queue
[2024-05-25 22:45:49,166] {logging_mixin.py:104} INFO - [2024-05-25 22:45:49,166] {dagbag.py:448} INFO - Filling up the DagBag from /opt/airflow/dags/scrap_new_data.py
[2024-05-25 22:45:49,187] {scheduler_job.py:639} INFO - DAG(s) dict_keys(['test_dag_v1']) retrieved from /opt/airflow/dags/scrap_new_data.py
[2024-05-25 22:45:49,214] {logging_mixin.py:104} INFO - [2024-05-25 22:45:49,213] {dag.py:1818} INFO - Sync 1 DAGs
[2024-05-25 22:45:49,227] {logging_mixin.py:104} INFO - [2024-05-25 22:45:49,227] {dag.py:2273} INFO - Setting next_dagrun for test_dag_v1 to 2024-05-02 00:00:00+00:00
[2024-05-25 22:45:49,232] {scheduler_job.py:190} INFO - Processing /opt/airflow/dags/scrap_new_data.py took 0.074 seconds
[2024-05-25 22:46:19,583] {scheduler_job.py:182} INFO - Started process (PID=197) to work on /opt/airflow/dags/scrap_new_data.py
[2024-05-25 22:46:19,585] {scheduler_job.py:629} INFO - Processing file /opt/airflow/dags/scrap_new_data.py for tasks to queue
[2024-05-25 22:46:19,586] {logging_mixin.py:104} INFO - [2024-05-25 22:46:19,586] {dagbag.py:448} INFO - Filling up the DagBag from /opt/airflow/dags/scrap_new_data.py
[2024-05-25 22:46:19,612] {scheduler_job.py:639} INFO - DAG(s) dict_keys(['test_dag_v1']) retrieved from /opt/airflow/dags/scrap_new_data.py
[2024-05-25 22:46:19,646] {logging_mixin.py:104} INFO - [2024-05-25 22:46:19,646] {dag.py:1818} INFO - Sync 1 DAGs
[2024-05-25 22:46:19,676] {logging_mixin.py:104} INFO - [2024-05-25 22:46:19,675] {dag.py:2273} INFO - Setting next_dagrun for test_dag_v1 to 2024-05-02 00:00:00+00:00
[2024-05-25 22:46:19,684] {scheduler_job.py:190} INFO - Processing /opt/airflow/dags/scrap_new_data.py took 0.122 seconds
[2024-05-25 22:46:50,015] {scheduler_job.py:182} INFO - Started process (PID=202) to work on /opt/airflow/dags/scrap_new_data.py
[2024-05-25 22:46:50,018] {scheduler_job.py:629} INFO - Processing file /opt/airflow/dags/scrap_new_data.py for tasks to queue
[2024-05-25 22:46:50,019] {logging_mixin.py:104} INFO - [2024-05-25 22:46:50,019] {dagbag.py:448} INFO - Filling up the DagBag from /opt/airflow/dags/scrap_new_data.py
[2024-05-25 22:46:50,062] {scheduler_job.py:639} INFO - DAG(s) dict_keys(['test_dag_v1']) retrieved from /opt/airflow/dags/scrap_new_data.py
[2024-05-25 22:46:50,115] {logging_mixin.py:104} INFO - [2024-05-25 22:46:50,115] {dag.py:1818} INFO - Sync 1 DAGs
[2024-05-25 22:46:50,143] {logging_mixin.py:104} INFO - [2024-05-25 22:46:50,143] {dag.py:2273} INFO - Setting next_dagrun for test_dag_v1 to 2024-05-02 00:00:00+00:00
[2024-05-25 22:46:50,160] {scheduler_job.py:190} INFO - Processing /opt/airflow/dags/scrap_new_data.py took 0.153 seconds
[2024-05-25 22:47:20,417] {scheduler_job.py:182} INFO - Started process (PID=207) to work on /opt/airflow/dags/scrap_new_data.py
[2024-05-25 22:47:20,420] {scheduler_job.py:629} INFO - Processing file /opt/airflow/dags/scrap_new_data.py for tasks to queue
[2024-05-25 22:47:20,422] {logging_mixin.py:104} INFO - [2024-05-25 22:47:20,422] {dagbag.py:448} INFO - Filling up the DagBag from /opt/airflow/dags/scrap_new_data.py
[2024-05-25 22:47:20,460] {scheduler_job.py:639} INFO - DAG(s) dict_keys(['test_dag_v1']) retrieved from /opt/airflow/dags/scrap_new_data.py
[2024-05-25 22:47:20,497] {logging_mixin.py:104} INFO - [2024-05-25 22:47:20,497] {dag.py:1818} INFO - Sync 1 DAGs
[2024-05-25 22:47:20,518] {logging_mixin.py:104} INFO - [2024-05-25 22:47:20,518] {dag.py:2273} INFO - Setting next_dagrun for test_dag_v1 to 2024-05-02 00:00:00+00:00
[2024-05-25 22:47:20,529] {scheduler_job.py:190} INFO - Processing /opt/airflow/dags/scrap_new_data.py took 0.118 seconds
[2024-05-25 22:47:50,803] {scheduler_job.py:182} INFO - Started process (PID=212) to work on /opt/airflow/dags/scrap_new_data.py
[2024-05-25 22:47:50,805] {scheduler_job.py:629} INFO - Processing file /opt/airflow/dags/scrap_new_data.py for tasks to queue
[2024-05-25 22:47:50,806] {logging_mixin.py:104} INFO - [2024-05-25 22:47:50,806] {dagbag.py:448} INFO - Filling up the DagBag from /opt/airflow/dags/scrap_new_data.py
[2024-05-25 22:47:50,827] {scheduler_job.py:639} INFO - DAG(s) dict_keys(['test_dag_v1']) retrieved from /opt/airflow/dags/scrap_new_data.py
[2024-05-25 22:47:50,851] {logging_mixin.py:104} INFO - [2024-05-25 22:47:50,851] {dag.py:1818} INFO - Sync 1 DAGs
[2024-05-25 22:47:50,865] {logging_mixin.py:104} INFO - [2024-05-25 22:47:50,865] {dag.py:2273} INFO - Setting next_dagrun for test_dag_v1 to 2024-05-02 00:00:00+00:00
[2024-05-25 22:47:50,870] {scheduler_job.py:190} INFO - Processing /opt/airflow/dags/scrap_new_data.py took 0.074 seconds
[2024-05-25 22:48:21,159] {scheduler_job.py:182} INFO - Started process (PID=217) to work on /opt/airflow/dags/scrap_new_data.py
[2024-05-25 22:48:21,161] {scheduler_job.py:629} INFO - Processing file /opt/airflow/dags/scrap_new_data.py for tasks to queue
[2024-05-25 22:48:21,163] {logging_mixin.py:104} INFO - [2024-05-25 22:48:21,163] {dagbag.py:448} INFO - Filling up the DagBag from /opt/airflow/dags/scrap_new_data.py
[2024-05-25 22:48:21,187] {scheduler_job.py:639} INFO - DAG(s) dict_keys(['test_dag_v1']) retrieved from /opt/airflow/dags/scrap_new_data.py
[2024-05-25 22:48:21,217] {logging_mixin.py:104} INFO - [2024-05-25 22:48:21,217] {dag.py:1818} INFO - Sync 1 DAGs
[2024-05-25 22:48:21,237] {logging_mixin.py:104} INFO - [2024-05-25 22:48:21,237] {dag.py:2273} INFO - Setting next_dagrun for test_dag_v1 to 2024-05-02 00:00:00+00:00
[2024-05-25 22:48:21,243] {scheduler_job.py:190} INFO - Processing /opt/airflow/dags/scrap_new_data.py took 0.090 seconds
[2024-05-25 22:48:51,513] {scheduler_job.py:182} INFO - Started process (PID=222) to work on /opt/airflow/dags/scrap_new_data.py
[2024-05-25 22:48:51,514] {scheduler_job.py:629} INFO - Processing file /opt/airflow/dags/scrap_new_data.py for tasks to queue
[2024-05-25 22:48:51,516] {logging_mixin.py:104} INFO - [2024-05-25 22:48:51,516] {dagbag.py:448} INFO - Filling up the DagBag from /opt/airflow/dags/scrap_new_data.py
[2024-05-25 22:48:51,537] {scheduler_job.py:639} INFO - DAG(s) dict_keys(['test_dag_v1']) retrieved from /opt/airflow/dags/scrap_new_data.py
[2024-05-25 22:48:51,561] {logging_mixin.py:104} INFO - [2024-05-25 22:48:51,561] {dag.py:1818} INFO - Sync 1 DAGs
[2024-05-25 22:48:51,575] {logging_mixin.py:104} INFO - [2024-05-25 22:48:51,575] {dag.py:2273} INFO - Setting next_dagrun for test_dag_v1 to 2024-05-02 00:00:00+00:00
[2024-05-25 22:48:51,580] {scheduler_job.py:190} INFO - Processing /opt/airflow/dags/scrap_new_data.py took 0.072 seconds
[2024-05-25 22:49:21,855] {scheduler_job.py:182} INFO - Started process (PID=227) to work on /opt/airflow/dags/scrap_new_data.py
[2024-05-25 22:49:21,857] {scheduler_job.py:629} INFO - Processing file /opt/airflow/dags/scrap_new_data.py for tasks to queue
[2024-05-25 22:49:21,858] {logging_mixin.py:104} INFO - [2024-05-25 22:49:21,858] {dagbag.py:448} INFO - Filling up the DagBag from /opt/airflow/dags/scrap_new_data.py
[2024-05-25 22:49:21,877] {scheduler_job.py:639} INFO - DAG(s) dict_keys(['test_dag_v1']) retrieved from /opt/airflow/dags/scrap_new_data.py
[2024-05-25 22:49:21,900] {logging_mixin.py:104} INFO - [2024-05-25 22:49:21,899] {dag.py:1818} INFO - Sync 1 DAGs
[2024-05-25 22:49:21,920] {logging_mixin.py:104} INFO - [2024-05-25 22:49:21,919] {dag.py:2273} INFO - Setting next_dagrun for test_dag_v1 to 2024-05-02 00:00:00+00:00
[2024-05-25 22:49:21,928] {scheduler_job.py:190} INFO - Processing /opt/airflow/dags/scrap_new_data.py took 0.077 seconds
[2024-05-25 22:49:52,185] {scheduler_job.py:182} INFO - Started process (PID=232) to work on /opt/airflow/dags/scrap_new_data.py
[2024-05-25 22:49:52,187] {scheduler_job.py:629} INFO - Processing file /opt/airflow/dags/scrap_new_data.py for tasks to queue
[2024-05-25 22:49:52,188] {logging_mixin.py:104} INFO - [2024-05-25 22:49:52,188] {dagbag.py:448} INFO - Filling up the DagBag from /opt/airflow/dags/scrap_new_data.py
[2024-05-25 22:49:52,208] {scheduler_job.py:639} INFO - DAG(s) dict_keys(['test_dag_v1']) retrieved from /opt/airflow/dags/scrap_new_data.py
[2024-05-25 22:49:52,232] {logging_mixin.py:104} INFO - [2024-05-25 22:49:52,232] {dag.py:1818} INFO - Sync 1 DAGs
[2024-05-25 22:49:52,247] {logging_mixin.py:104} INFO - [2024-05-25 22:49:52,247] {dag.py:2273} INFO - Setting next_dagrun for test_dag_v1 to 2024-05-02 00:00:00+00:00
[2024-05-25 22:49:52,251] {scheduler_job.py:190} INFO - Processing /opt/airflow/dags/scrap_new_data.py took 0.071 seconds
[2024-05-25 22:50:22,514] {scheduler_job.py:182} INFO - Started process (PID=237) to work on /opt/airflow/dags/scrap_new_data.py
[2024-05-25 22:50:22,517] {scheduler_job.py:629} INFO - Processing file /opt/airflow/dags/scrap_new_data.py for tasks to queue
[2024-05-25 22:50:22,519] {logging_mixin.py:104} INFO - [2024-05-25 22:50:22,518] {dagbag.py:448} INFO - Filling up the DagBag from /opt/airflow/dags/scrap_new_data.py
[2024-05-25 22:50:22,539] {scheduler_job.py:639} INFO - DAG(s) dict_keys(['test_dag_v1']) retrieved from /opt/airflow/dags/scrap_new_data.py
[2024-05-25 22:50:22,562] {logging_mixin.py:104} INFO - [2024-05-25 22:50:22,562] {dag.py:1818} INFO - Sync 1 DAGs
[2024-05-25 22:50:22,576] {logging_mixin.py:104} INFO - [2024-05-25 22:50:22,576] {dag.py:2273} INFO - Setting next_dagrun for test_dag_v1 to 2024-05-02 00:00:00+00:00
[2024-05-25 22:50:22,581] {scheduler_job.py:190} INFO - Processing /opt/airflow/dags/scrap_new_data.py took 0.072 seconds
[2024-05-25 22:50:52,888] {scheduler_job.py:182} INFO - Started process (PID=242) to work on /opt/airflow/dags/scrap_new_data.py
[2024-05-25 22:50:52,890] {scheduler_job.py:629} INFO - Processing file /opt/airflow/dags/scrap_new_data.py for tasks to queue
[2024-05-25 22:50:52,891] {logging_mixin.py:104} INFO - [2024-05-25 22:50:52,891] {dagbag.py:448} INFO - Filling up the DagBag from /opt/airflow/dags/scrap_new_data.py
[2024-05-25 22:50:52,915] {scheduler_job.py:639} INFO - DAG(s) dict_keys(['test_dag_v1']) retrieved from /opt/airflow/dags/scrap_new_data.py
[2024-05-25 22:50:52,944] {logging_mixin.py:104} INFO - [2024-05-25 22:50:52,944] {dag.py:1818} INFO - Sync 1 DAGs
[2024-05-25 22:50:52,965] {logging_mixin.py:104} INFO - [2024-05-25 22:50:52,965] {dag.py:2273} INFO - Setting next_dagrun for test_dag_v1 to 2024-05-02 00:00:00+00:00
[2024-05-25 22:50:52,971] {scheduler_job.py:190} INFO - Processing /opt/airflow/dags/scrap_new_data.py took 0.088 seconds
[2024-05-25 22:51:23,267] {scheduler_job.py:182} INFO - Started process (PID=247) to work on /opt/airflow/dags/scrap_new_data.py
[2024-05-25 22:51:23,269] {scheduler_job.py:629} INFO - Processing file /opt/airflow/dags/scrap_new_data.py for tasks to queue
[2024-05-25 22:51:23,270] {logging_mixin.py:104} INFO - [2024-05-25 22:51:23,270] {dagbag.py:448} INFO - Filling up the DagBag from /opt/airflow/dags/scrap_new_data.py
[2024-05-25 22:51:23,292] {scheduler_job.py:639} INFO - DAG(s) dict_keys(['test_dag_v1']) retrieved from /opt/airflow/dags/scrap_new_data.py
[2024-05-25 22:51:23,317] {logging_mixin.py:104} INFO - [2024-05-25 22:51:23,317] {dag.py:1818} INFO - Sync 1 DAGs
[2024-05-25 22:51:23,332] {logging_mixin.py:104} INFO - [2024-05-25 22:51:23,332] {dag.py:2273} INFO - Setting next_dagrun for test_dag_v1 to 2024-05-02 00:00:00+00:00
[2024-05-25 22:51:23,337] {scheduler_job.py:190} INFO - Processing /opt/airflow/dags/scrap_new_data.py took 0.075 seconds
[2024-05-25 22:51:53,664] {scheduler_job.py:182} INFO - Started process (PID=252) to work on /opt/airflow/dags/scrap_new_data.py
[2024-05-25 22:51:53,666] {scheduler_job.py:629} INFO - Processing file /opt/airflow/dags/scrap_new_data.py for tasks to queue
[2024-05-25 22:51:53,667] {logging_mixin.py:104} INFO - [2024-05-25 22:51:53,667] {dagbag.py:448} INFO - Filling up the DagBag from /opt/airflow/dags/scrap_new_data.py
[2024-05-25 22:51:53,696] {scheduler_job.py:639} INFO - DAG(s) dict_keys(['test_dag_v1']) retrieved from /opt/airflow/dags/scrap_new_data.py
[2024-05-25 22:51:53,719] {logging_mixin.py:104} INFO - [2024-05-25 22:51:53,719] {dag.py:1818} INFO - Sync 1 DAGs
[2024-05-25 22:51:53,737] {logging_mixin.py:104} INFO - [2024-05-25 22:51:53,737] {dag.py:2273} INFO - Setting next_dagrun for test_dag_v1 to 2024-05-02 00:00:00+00:00
[2024-05-25 22:51:53,742] {scheduler_job.py:190} INFO - Processing /opt/airflow/dags/scrap_new_data.py took 0.086 seconds
[2024-05-25 22:52:23,922] {scheduler_job.py:182} INFO - Started process (PID=257) to work on /opt/airflow/dags/scrap_new_data.py
[2024-05-25 22:52:23,924] {scheduler_job.py:629} INFO - Processing file /opt/airflow/dags/scrap_new_data.py for tasks to queue
[2024-05-25 22:52:23,925] {logging_mixin.py:104} INFO - [2024-05-25 22:52:23,925] {dagbag.py:448} INFO - Filling up the DagBag from /opt/airflow/dags/scrap_new_data.py
[2024-05-25 22:52:23,944] {scheduler_job.py:639} INFO - DAG(s) dict_keys(['test_dag_v1']) retrieved from /opt/airflow/dags/scrap_new_data.py
[2024-05-25 22:52:23,976] {logging_mixin.py:104} INFO - [2024-05-25 22:52:23,975] {dag.py:1818} INFO - Sync 1 DAGs
[2024-05-25 22:52:24,000] {logging_mixin.py:104} INFO - [2024-05-25 22:52:24,000] {dag.py:2273} INFO - Setting next_dagrun for test_dag_v1 to 2024-05-02 00:00:00+00:00
[2024-05-25 22:52:24,006] {scheduler_job.py:190} INFO - Processing /opt/airflow/dags/scrap_new_data.py took 0.088 seconds
[2024-05-25 22:52:54,208] {scheduler_job.py:182} INFO - Started process (PID=262) to work on /opt/airflow/dags/scrap_new_data.py
[2024-05-25 22:52:54,209] {scheduler_job.py:629} INFO - Processing file /opt/airflow/dags/scrap_new_data.py for tasks to queue
[2024-05-25 22:52:54,210] {logging_mixin.py:104} INFO - [2024-05-25 22:52:54,210] {dagbag.py:448} INFO - Filling up the DagBag from /opt/airflow/dags/scrap_new_data.py
[2024-05-25 22:52:54,230] {scheduler_job.py:639} INFO - DAG(s) dict_keys(['test_dag_v1']) retrieved from /opt/airflow/dags/scrap_new_data.py
[2024-05-25 22:52:54,273] {logging_mixin.py:104} INFO - [2024-05-25 22:52:54,273] {dag.py:1818} INFO - Sync 1 DAGs
[2024-05-25 22:52:54,295] {logging_mixin.py:104} INFO - [2024-05-25 22:52:54,295] {dag.py:2273} INFO - Setting next_dagrun for test_dag_v1 to 2024-05-02 00:00:00+00:00
[2024-05-25 22:52:54,302] {scheduler_job.py:190} INFO - Processing /opt/airflow/dags/scrap_new_data.py took 0.097 seconds
[2024-05-25 22:53:24,549] {scheduler_job.py:182} INFO - Started process (PID=267) to work on /opt/airflow/dags/scrap_new_data.py
[2024-05-25 22:53:24,552] {scheduler_job.py:629} INFO - Processing file /opt/airflow/dags/scrap_new_data.py for tasks to queue
[2024-05-25 22:53:24,554] {logging_mixin.py:104} INFO - [2024-05-25 22:53:24,554] {dagbag.py:448} INFO - Filling up the DagBag from /opt/airflow/dags/scrap_new_data.py
[2024-05-25 22:53:24,583] {scheduler_job.py:639} INFO - DAG(s) dict_keys(['test_dag_v1']) retrieved from /opt/airflow/dags/scrap_new_data.py
[2024-05-25 22:53:24,617] {logging_mixin.py:104} INFO - [2024-05-25 22:53:24,617] {dag.py:1818} INFO - Sync 1 DAGs
[2024-05-25 22:53:24,639] {logging_mixin.py:104} INFO - [2024-05-25 22:53:24,639] {dag.py:2273} INFO - Setting next_dagrun for test_dag_v1 to 2024-05-02 00:00:00+00:00
[2024-05-25 22:53:24,645] {scheduler_job.py:190} INFO - Processing /opt/airflow/dags/scrap_new_data.py took 0.103 seconds
[2024-05-25 22:53:54,771] {scheduler_job.py:182} INFO - Started process (PID=272) to work on /opt/airflow/dags/scrap_new_data.py
[2024-05-25 22:53:54,772] {scheduler_job.py:629} INFO - Processing file /opt/airflow/dags/scrap_new_data.py for tasks to queue
[2024-05-25 22:53:54,772] {logging_mixin.py:104} INFO - [2024-05-25 22:53:54,772] {dagbag.py:448} INFO - Filling up the DagBag from /opt/airflow/dags/scrap_new_data.py
[2024-05-25 22:53:54,786] {scheduler_job.py:639} INFO - DAG(s) dict_keys(['test_dag_v1']) retrieved from /opt/airflow/dags/scrap_new_data.py
[2024-05-25 22:53:54,806] {logging_mixin.py:104} INFO - [2024-05-25 22:53:54,806] {dag.py:1818} INFO - Sync 1 DAGs
[2024-05-25 22:53:54,824] {logging_mixin.py:104} INFO - [2024-05-25 22:53:54,824] {dag.py:2273} INFO - Setting next_dagrun for test_dag_v1 to 2024-05-02 00:00:00+00:00
[2024-05-25 22:53:54,830] {scheduler_job.py:190} INFO - Processing /opt/airflow/dags/scrap_new_data.py took 0.064 seconds
[2024-05-25 22:54:25,150] {scheduler_job.py:182} INFO - Started process (PID=277) to work on /opt/airflow/dags/scrap_new_data.py
[2024-05-25 22:54:25,152] {scheduler_job.py:629} INFO - Processing file /opt/airflow/dags/scrap_new_data.py for tasks to queue
[2024-05-25 22:54:25,153] {logging_mixin.py:104} INFO - [2024-05-25 22:54:25,153] {dagbag.py:448} INFO - Filling up the DagBag from /opt/airflow/dags/scrap_new_data.py
[2024-05-25 22:54:25,210] {scheduler_job.py:639} INFO - DAG(s) dict_keys(['scrap_new_data']) retrieved from /opt/airflow/dags/scrap_new_data.py
[2024-05-25 22:54:25,242] {logging_mixin.py:104} INFO - [2024-05-25 22:54:25,242] {dag.py:1818} INFO - Sync 1 DAGs
[2024-05-25 22:54:25,269] {logging_mixin.py:104} INFO - [2024-05-25 22:54:25,268] {dag.py:1837} INFO - Creating ORM DAG for scrap_new_data
[2024-05-25 22:54:25,283] {logging_mixin.py:104} INFO - [2024-05-25 22:54:25,283] {dag.py:2273} INFO - Setting next_dagrun for scrap_new_data to 2024-05-02 00:00:00+00:00
[2024-05-25 22:54:25,298] {scheduler_job.py:190} INFO - Processing /opt/airflow/dags/scrap_new_data.py took 0.156 seconds
[2024-05-25 22:54:55,439] {scheduler_job.py:182} INFO - Started process (PID=282) to work on /opt/airflow/dags/scrap_new_data.py
[2024-05-25 22:54:55,440] {scheduler_job.py:629} INFO - Processing file /opt/airflow/dags/scrap_new_data.py for tasks to queue
[2024-05-25 22:54:55,440] {logging_mixin.py:104} INFO - [2024-05-25 22:54:55,440] {dagbag.py:448} INFO - Filling up the DagBag from /opt/airflow/dags/scrap_new_data.py
[2024-05-25 22:54:55,453] {scheduler_job.py:639} INFO - DAG(s) dict_keys(['scrap_new_data']) retrieved from /opt/airflow/dags/scrap_new_data.py
[2024-05-25 22:54:55,472] {logging_mixin.py:104} INFO - [2024-05-25 22:54:55,472] {dag.py:1818} INFO - Sync 1 DAGs
[2024-05-25 22:54:55,489] {logging_mixin.py:104} INFO - [2024-05-25 22:54:55,489] {dag.py:2273} INFO - Setting next_dagrun for scrap_new_data to 2024-05-02 00:00:00+00:00
[2024-05-25 22:54:55,494] {scheduler_job.py:190} INFO - Processing /opt/airflow/dags/scrap_new_data.py took 0.059 seconds
[2024-05-25 22:55:25,750] {scheduler_job.py:182} INFO - Started process (PID=287) to work on /opt/airflow/dags/scrap_new_data.py
[2024-05-25 22:55:25,752] {scheduler_job.py:629} INFO - Processing file /opt/airflow/dags/scrap_new_data.py for tasks to queue
[2024-05-25 22:55:25,753] {logging_mixin.py:104} INFO - [2024-05-25 22:55:25,753] {dagbag.py:448} INFO - Filling up the DagBag from /opt/airflow/dags/scrap_new_data.py
[2024-05-25 22:55:25,774] {scheduler_job.py:639} INFO - DAG(s) dict_keys(['scrap_new_data']) retrieved from /opt/airflow/dags/scrap_new_data.py
[2024-05-25 22:55:25,801] {logging_mixin.py:104} INFO - [2024-05-25 22:55:25,800] {dag.py:1818} INFO - Sync 1 DAGs
[2024-05-25 22:55:25,824] {logging_mixin.py:104} INFO - [2024-05-25 22:55:25,823] {dag.py:2273} INFO - Setting next_dagrun for scrap_new_data to 2024-05-02 00:00:00+00:00
[2024-05-25 22:55:25,833] {scheduler_job.py:190} INFO - Processing /opt/airflow/dags/scrap_new_data.py took 0.087 seconds
[2024-05-25 22:55:56,069] {scheduler_job.py:182} INFO - Started process (PID=292) to work on /opt/airflow/dags/scrap_new_data.py
[2024-05-25 22:55:56,070] {scheduler_job.py:629} INFO - Processing file /opt/airflow/dags/scrap_new_data.py for tasks to queue
[2024-05-25 22:55:56,071] {logging_mixin.py:104} INFO - [2024-05-25 22:55:56,071] {dagbag.py:448} INFO - Filling up the DagBag from /opt/airflow/dags/scrap_new_data.py
[2024-05-25 22:55:56,089] {scheduler_job.py:639} INFO - DAG(s) dict_keys(['scrap_new_data']) retrieved from /opt/airflow/dags/scrap_new_data.py
[2024-05-25 22:55:56,110] {logging_mixin.py:104} INFO - [2024-05-25 22:55:56,110] {dag.py:1818} INFO - Sync 1 DAGs
[2024-05-25 22:55:56,126] {logging_mixin.py:104} INFO - [2024-05-25 22:55:56,126] {dag.py:2273} INFO - Setting next_dagrun for scrap_new_data to 2024-05-02 00:00:00+00:00
[2024-05-25 22:55:56,131] {scheduler_job.py:190} INFO - Processing /opt/airflow/dags/scrap_new_data.py took 0.065 seconds
[2024-05-25 22:56:26,369] {scheduler_job.py:182} INFO - Started process (PID=297) to work on /opt/airflow/dags/scrap_new_data.py
[2024-05-25 22:56:26,371] {scheduler_job.py:629} INFO - Processing file /opt/airflow/dags/scrap_new_data.py for tasks to queue
[2024-05-25 22:56:26,373] {logging_mixin.py:104} INFO - [2024-05-25 22:56:26,372] {dagbag.py:448} INFO - Filling up the DagBag from /opt/airflow/dags/scrap_new_data.py
[2024-05-25 22:56:26,393] {scheduler_job.py:639} INFO - DAG(s) dict_keys(['scrap_new_data']) retrieved from /opt/airflow/dags/scrap_new_data.py
[2024-05-25 22:56:26,418] {logging_mixin.py:104} INFO - [2024-05-25 22:56:26,418] {dag.py:1818} INFO - Sync 1 DAGs
[2024-05-25 22:56:26,433] {logging_mixin.py:104} INFO - [2024-05-25 22:56:26,433] {dag.py:2273} INFO - Setting next_dagrun for scrap_new_data to 2024-05-02 00:00:00+00:00
[2024-05-25 22:56:26,442] {scheduler_job.py:190} INFO - Processing /opt/airflow/dags/scrap_new_data.py took 0.077 seconds
[2024-05-25 22:56:56,628] {scheduler_job.py:182} INFO - Started process (PID=302) to work on /opt/airflow/dags/scrap_new_data.py
[2024-05-25 22:56:56,630] {scheduler_job.py:629} INFO - Processing file /opt/airflow/dags/scrap_new_data.py for tasks to queue
[2024-05-25 22:56:56,631] {logging_mixin.py:104} INFO - [2024-05-25 22:56:56,631] {dagbag.py:448} INFO - Filling up the DagBag from /opt/airflow/dags/scrap_new_data.py
[2024-05-25 22:56:56,651] {scheduler_job.py:639} INFO - DAG(s) dict_keys(['scrap_new_data']) retrieved from /opt/airflow/dags/scrap_new_data.py
[2024-05-25 22:56:56,675] {logging_mixin.py:104} INFO - [2024-05-25 22:56:56,675] {dag.py:1818} INFO - Sync 1 DAGs
[2024-05-25 22:56:56,691] {logging_mixin.py:104} INFO - [2024-05-25 22:56:56,691] {dag.py:2273} INFO - Setting next_dagrun for scrap_new_data to 2024-05-02 00:00:00+00:00
[2024-05-25 22:56:56,698] {scheduler_job.py:190} INFO - Processing /opt/airflow/dags/scrap_new_data.py took 0.075 seconds
[2024-05-25 22:57:26,939] {scheduler_job.py:182} INFO - Started process (PID=307) to work on /opt/airflow/dags/scrap_new_data.py
[2024-05-25 22:57:26,941] {scheduler_job.py:629} INFO - Processing file /opt/airflow/dags/scrap_new_data.py for tasks to queue
[2024-05-25 22:57:26,942] {logging_mixin.py:104} INFO - [2024-05-25 22:57:26,942] {dagbag.py:448} INFO - Filling up the DagBag from /opt/airflow/dags/scrap_new_data.py
[2024-05-25 22:57:26,962] {scheduler_job.py:639} INFO - DAG(s) dict_keys(['scrap_new_data']) retrieved from /opt/airflow/dags/scrap_new_data.py
[2024-05-25 22:57:26,985] {logging_mixin.py:104} INFO - [2024-05-25 22:57:26,985] {dag.py:1818} INFO - Sync 1 DAGs
[2024-05-25 22:57:26,998] {logging_mixin.py:104} INFO - [2024-05-25 22:57:26,998] {dag.py:2273} INFO - Setting next_dagrun for scrap_new_data to 2024-05-02 00:00:00+00:00
[2024-05-25 22:57:27,003] {scheduler_job.py:190} INFO - Processing /opt/airflow/dags/scrap_new_data.py took 0.069 seconds
[2024-05-25 22:57:57,313] {scheduler_job.py:182} INFO - Started process (PID=312) to work on /opt/airflow/dags/scrap_new_data.py
[2024-05-25 22:57:57,314] {scheduler_job.py:629} INFO - Processing file /opt/airflow/dags/scrap_new_data.py for tasks to queue
[2024-05-25 22:57:57,315] {logging_mixin.py:104} INFO - [2024-05-25 22:57:57,315] {dagbag.py:448} INFO - Filling up the DagBag from /opt/airflow/dags/scrap_new_data.py
[2024-05-25 22:57:57,334] {scheduler_job.py:639} INFO - DAG(s) dict_keys(['scrap_new_data']) retrieved from /opt/airflow/dags/scrap_new_data.py
[2024-05-25 22:57:57,358] {logging_mixin.py:104} INFO - [2024-05-25 22:57:57,358] {dag.py:1818} INFO - Sync 1 DAGs
[2024-05-25 22:57:57,372] {logging_mixin.py:104} INFO - [2024-05-25 22:57:57,371] {dag.py:2273} INFO - Setting next_dagrun for scrap_new_data to 2024-05-02 00:00:00+00:00
[2024-05-25 22:57:57,376] {scheduler_job.py:190} INFO - Processing /opt/airflow/dags/scrap_new_data.py took 0.068 seconds
[2024-05-25 22:58:27,611] {scheduler_job.py:182} INFO - Started process (PID=317) to work on /opt/airflow/dags/scrap_new_data.py
[2024-05-25 22:58:27,613] {scheduler_job.py:629} INFO - Processing file /opt/airflow/dags/scrap_new_data.py for tasks to queue
[2024-05-25 22:58:27,614] {logging_mixin.py:104} INFO - [2024-05-25 22:58:27,614] {dagbag.py:448} INFO - Filling up the DagBag from /opt/airflow/dags/scrap_new_data.py
[2024-05-25 22:58:27,636] {scheduler_job.py:639} INFO - DAG(s) dict_keys(['scrap_new_data']) retrieved from /opt/airflow/dags/scrap_new_data.py
[2024-05-25 22:58:27,666] {logging_mixin.py:104} INFO - [2024-05-25 22:58:27,666] {dag.py:1818} INFO - Sync 1 DAGs
[2024-05-25 22:58:27,700] {logging_mixin.py:104} INFO - [2024-05-25 22:58:27,700] {dag.py:2273} INFO - Setting next_dagrun for scrap_new_data to 2024-05-02 00:00:00+00:00
[2024-05-25 22:58:27,712] {scheduler_job.py:190} INFO - Processing /opt/airflow/dags/scrap_new_data.py took 0.105 seconds
[2024-05-25 22:58:57,895] {scheduler_job.py:182} INFO - Started process (PID=322) to work on /opt/airflow/dags/scrap_new_data.py
[2024-05-25 22:58:57,897] {scheduler_job.py:629} INFO - Processing file /opt/airflow/dags/scrap_new_data.py for tasks to queue
[2024-05-25 22:58:57,899] {logging_mixin.py:104} INFO - [2024-05-25 22:58:57,898] {dagbag.py:448} INFO - Filling up the DagBag from /opt/airflow/dags/scrap_new_data.py
[2024-05-25 22:58:57,921] {scheduler_job.py:639} INFO - DAG(s) dict_keys(['scrap_new_data']) retrieved from /opt/airflow/dags/scrap_new_data.py
[2024-05-25 22:58:57,949] {logging_mixin.py:104} INFO - [2024-05-25 22:58:57,948] {dag.py:1818} INFO - Sync 1 DAGs
[2024-05-25 22:58:57,965] {logging_mixin.py:104} INFO - [2024-05-25 22:58:57,964] {dag.py:2273} INFO - Setting next_dagrun for scrap_new_data to 2024-05-02 00:00:00+00:00
[2024-05-25 22:58:57,970] {scheduler_job.py:190} INFO - Processing /opt/airflow/dags/scrap_new_data.py took 0.080 seconds
[2024-05-25 22:59:28,242] {scheduler_job.py:182} INFO - Started process (PID=327) to work on /opt/airflow/dags/scrap_new_data.py
[2024-05-25 22:59:28,244] {scheduler_job.py:629} INFO - Processing file /opt/airflow/dags/scrap_new_data.py for tasks to queue
[2024-05-25 22:59:28,245] {logging_mixin.py:104} INFO - [2024-05-25 22:59:28,245] {dagbag.py:448} INFO - Filling up the DagBag from /opt/airflow/dags/scrap_new_data.py
[2024-05-25 22:59:28,265] {scheduler_job.py:639} INFO - DAG(s) dict_keys(['scrap_new_data']) retrieved from /opt/airflow/dags/scrap_new_data.py
[2024-05-25 22:59:28,289] {logging_mixin.py:104} INFO - [2024-05-25 22:59:28,288] {dag.py:1818} INFO - Sync 1 DAGs
[2024-05-25 22:59:28,302] {logging_mixin.py:104} INFO - [2024-05-25 22:59:28,302] {dag.py:2273} INFO - Setting next_dagrun for scrap_new_data to 2024-05-02 00:00:00+00:00
[2024-05-25 22:59:28,308] {scheduler_job.py:190} INFO - Processing /opt/airflow/dags/scrap_new_data.py took 0.070 seconds
[2024-05-25 22:59:58,650] {scheduler_job.py:182} INFO - Started process (PID=332) to work on /opt/airflow/dags/scrap_new_data.py
[2024-05-25 22:59:58,652] {scheduler_job.py:629} INFO - Processing file /opt/airflow/dags/scrap_new_data.py for tasks to queue
[2024-05-25 22:59:58,652] {logging_mixin.py:104} INFO - [2024-05-25 22:59:58,652] {dagbag.py:448} INFO - Filling up the DagBag from /opt/airflow/dags/scrap_new_data.py
[2024-05-25 22:59:58,673] {scheduler_job.py:639} INFO - DAG(s) dict_keys(['scrap_new_data']) retrieved from /opt/airflow/dags/scrap_new_data.py
[2024-05-25 22:59:58,698] {logging_mixin.py:104} INFO - [2024-05-25 22:59:58,698] {dag.py:1818} INFO - Sync 1 DAGs
[2024-05-25 22:59:58,716] {logging_mixin.py:104} INFO - [2024-05-25 22:59:58,716] {dag.py:2273} INFO - Setting next_dagrun for scrap_new_data to 2024-05-02 00:00:00+00:00
[2024-05-25 22:59:58,721] {scheduler_job.py:190} INFO - Processing /opt/airflow/dags/scrap_new_data.py took 0.074 seconds
[2024-05-25 23:04:41,405] {scheduler_job.py:182} INFO - Started process (PID=337) to work on /opt/airflow/dags/scrap_new_data.py
[2024-05-25 23:04:41,406] {scheduler_job.py:629} INFO - Processing file /opt/airflow/dags/scrap_new_data.py for tasks to queue
[2024-05-25 23:04:41,407] {logging_mixin.py:104} INFO - [2024-05-25 23:04:41,407] {dagbag.py:448} INFO - Filling up the DagBag from /opt/airflow/dags/scrap_new_data.py
[2024-05-25 23:04:41,423] {scheduler_job.py:639} INFO - DAG(s) dict_keys(['scrap_new_data']) retrieved from /opt/airflow/dags/scrap_new_data.py
[2024-05-25 23:04:41,440] {logging_mixin.py:104} INFO - [2024-05-25 23:04:41,440] {dag.py:1818} INFO - Sync 1 DAGs
[2024-05-25 23:04:41,454] {logging_mixin.py:104} INFO - [2024-05-25 23:04:41,454] {dag.py:2273} INFO - Setting next_dagrun for scrap_new_data to 2024-05-02 00:00:00+00:00
[2024-05-25 23:04:41,459] {scheduler_job.py:190} INFO - Processing /opt/airflow/dags/scrap_new_data.py took 0.058 seconds
[2024-05-25 23:10:07,621] {scheduler_job.py:182} INFO - Started process (PID=342) to work on /opt/airflow/dags/scrap_new_data.py
[2024-05-25 23:10:07,624] {scheduler_job.py:629} INFO - Processing file /opt/airflow/dags/scrap_new_data.py for tasks to queue
[2024-05-25 23:10:07,627] {logging_mixin.py:104} INFO - [2024-05-25 23:10:07,627] {dagbag.py:448} INFO - Filling up the DagBag from /opt/airflow/dags/scrap_new_data.py
[2024-05-25 23:10:07,662] {scheduler_job.py:639} INFO - DAG(s) dict_keys(['scrap_new_data']) retrieved from /opt/airflow/dags/scrap_new_data.py
[2024-05-25 23:10:07,737] {logging_mixin.py:104} INFO - [2024-05-25 23:10:07,737] {dag.py:1818} INFO - Sync 1 DAGs
[2024-05-25 23:10:07,805] {logging_mixin.py:104} INFO - [2024-05-25 23:10:07,805] {dag.py:2273} INFO - Setting next_dagrun for scrap_new_data to 2024-05-02 00:00:00+00:00
[2024-05-25 23:10:07,889] {scheduler_job.py:190} INFO - Processing /opt/airflow/dags/scrap_new_data.py took 0.273 seconds
[2024-05-25 23:14:38,494] {scheduler_job.py:182} INFO - Started process (PID=347) to work on /opt/airflow/dags/scrap_new_data.py
[2024-05-25 23:14:38,496] {scheduler_job.py:629} INFO - Processing file /opt/airflow/dags/scrap_new_data.py for tasks to queue
[2024-05-25 23:14:38,497] {logging_mixin.py:104} INFO - [2024-05-25 23:14:38,497] {dagbag.py:448} INFO - Filling up the DagBag from /opt/airflow/dags/scrap_new_data.py
[2024-05-25 23:14:38,516] {scheduler_job.py:639} INFO - DAG(s) dict_keys(['scrap_new_data']) retrieved from /opt/airflow/dags/scrap_new_data.py
[2024-05-25 23:14:38,538] {logging_mixin.py:104} INFO - [2024-05-25 23:14:38,538] {dag.py:1818} INFO - Sync 1 DAGs
[2024-05-25 23:14:38,552] {logging_mixin.py:104} INFO - [2024-05-25 23:14:38,552] {dag.py:2273} INFO - Setting next_dagrun for scrap_new_data to 2024-05-02 00:00:00+00:00
[2024-05-25 23:14:38,557] {scheduler_job.py:190} INFO - Processing /opt/airflow/dags/scrap_new_data.py took 0.067 seconds
[2024-05-25 23:19:47,102] {scheduler_job.py:182} INFO - Started process (PID=352) to work on /opt/airflow/dags/scrap_new_data.py
[2024-05-25 23:19:47,104] {scheduler_job.py:629} INFO - Processing file /opt/airflow/dags/scrap_new_data.py for tasks to queue
[2024-05-25 23:19:47,106] {logging_mixin.py:104} INFO - [2024-05-25 23:19:47,106] {dagbag.py:448} INFO - Filling up the DagBag from /opt/airflow/dags/scrap_new_data.py
[2024-05-25 23:19:47,134] {scheduler_job.py:639} INFO - DAG(s) dict_keys(['scrap_new_data']) retrieved from /opt/airflow/dags/scrap_new_data.py
[2024-05-25 23:19:47,171] {logging_mixin.py:104} INFO - [2024-05-25 23:19:47,171] {dag.py:1818} INFO - Sync 1 DAGs
[2024-05-25 23:19:47,212] {logging_mixin.py:104} INFO - [2024-05-25 23:19:47,212] {dag.py:2273} INFO - Setting next_dagrun for scrap_new_data to 2024-05-02 00:00:00+00:00
[2024-05-25 23:19:47,222] {scheduler_job.py:190} INFO - Processing /opt/airflow/dags/scrap_new_data.py took 0.127 seconds
[2024-05-25 23:25:11,833] {scheduler_job.py:182} INFO - Started process (PID=357) to work on /opt/airflow/dags/scrap_new_data.py
[2024-05-25 23:25:11,836] {scheduler_job.py:629} INFO - Processing file /opt/airflow/dags/scrap_new_data.py for tasks to queue
[2024-05-25 23:25:11,839] {logging_mixin.py:104} INFO - [2024-05-25 23:25:11,838] {dagbag.py:448} INFO - Filling up the DagBag from /opt/airflow/dags/scrap_new_data.py
[2024-05-25 23:25:11,882] {scheduler_job.py:639} INFO - DAG(s) dict_keys(['scrap_new_data']) retrieved from /opt/airflow/dags/scrap_new_data.py
[2024-05-25 23:25:11,941] {logging_mixin.py:104} INFO - [2024-05-25 23:25:11,941] {dag.py:1818} INFO - Sync 1 DAGs
[2024-05-25 23:25:11,973] {logging_mixin.py:104} INFO - [2024-05-25 23:25:11,973] {dag.py:2273} INFO - Setting next_dagrun for scrap_new_data to 2024-05-02 00:00:00+00:00
[2024-05-25 23:25:12,015] {scheduler_job.py:190} INFO - Processing /opt/airflow/dags/scrap_new_data.py took 0.192 seconds
[2024-05-25 23:34:52,442] {scheduler_job.py:182} INFO - Started process (PID=362) to work on /opt/airflow/dags/scrap_new_data.py
[2024-05-25 23:34:52,443] {scheduler_job.py:629} INFO - Processing file /opt/airflow/dags/scrap_new_data.py for tasks to queue
[2024-05-25 23:34:52,444] {logging_mixin.py:104} INFO - [2024-05-25 23:34:52,444] {dagbag.py:448} INFO - Filling up the DagBag from /opt/airflow/dags/scrap_new_data.py
[2024-05-25 23:34:52,477] {scheduler_job.py:639} INFO - DAG(s) dict_keys(['scrap_new_data']) retrieved from /opt/airflow/dags/scrap_new_data.py
[2024-05-25 23:34:52,500] {logging_mixin.py:104} INFO - [2024-05-25 23:34:52,500] {dag.py:1818} INFO - Sync 1 DAGs
[2024-05-25 23:34:52,522] {logging_mixin.py:104} INFO - [2024-05-25 23:34:52,522] {dag.py:2273} INFO - Setting next_dagrun for scrap_new_data to 2024-05-02 00:00:00+00:00
[2024-05-25 23:34:52,533] {scheduler_job.py:190} INFO - Processing /opt/airflow/dags/scrap_new_data.py took 0.094 seconds
[2024-05-25 23:39:52,878] {scheduler_job.py:182} INFO - Started process (PID=367) to work on /opt/airflow/dags/scrap_new_data.py
[2024-05-25 23:39:52,881] {scheduler_job.py:629} INFO - Processing file /opt/airflow/dags/scrap_new_data.py for tasks to queue
[2024-05-25 23:39:52,883] {logging_mixin.py:104} INFO - [2024-05-25 23:39:52,883] {dagbag.py:448} INFO - Filling up the DagBag from /opt/airflow/dags/scrap_new_data.py
[2024-05-25 23:39:52,927] {scheduler_job.py:639} INFO - DAG(s) dict_keys(['scrap_new_data']) retrieved from /opt/airflow/dags/scrap_new_data.py
[2024-05-25 23:39:53,006] {logging_mixin.py:104} INFO - [2024-05-25 23:39:53,006] {dag.py:1818} INFO - Sync 1 DAGs
[2024-05-25 23:39:53,035] {logging_mixin.py:104} INFO - [2024-05-25 23:39:53,035] {dag.py:2273} INFO - Setting next_dagrun for scrap_new_data to 2024-05-02 00:00:00+00:00
[2024-05-25 23:39:53,043] {scheduler_job.py:190} INFO - Processing /opt/airflow/dags/scrap_new_data.py took 0.176 seconds
[2024-05-25 23:44:47,436] {scheduler_job.py:182} INFO - Started process (PID=372) to work on /opt/airflow/dags/scrap_new_data.py
[2024-05-25 23:44:47,438] {scheduler_job.py:629} INFO - Processing file /opt/airflow/dags/scrap_new_data.py for tasks to queue
[2024-05-25 23:44:47,438] {logging_mixin.py:104} INFO - [2024-05-25 23:44:47,438] {dagbag.py:448} INFO - Filling up the DagBag from /opt/airflow/dags/scrap_new_data.py
[2024-05-25 23:44:47,454] {scheduler_job.py:639} INFO - DAG(s) dict_keys(['scrap_new_data']) retrieved from /opt/airflow/dags/scrap_new_data.py
[2024-05-25 23:44:47,478] {logging_mixin.py:104} INFO - [2024-05-25 23:44:47,478] {dag.py:1818} INFO - Sync 1 DAGs
[2024-05-25 23:44:47,500] {logging_mixin.py:104} INFO - [2024-05-25 23:44:47,499] {dag.py:2273} INFO - Setting next_dagrun for scrap_new_data to 2024-05-02 00:00:00+00:00
[2024-05-25 23:44:47,506] {scheduler_job.py:190} INFO - Processing /opt/airflow/dags/scrap_new_data.py took 0.073 seconds
[2024-05-25 23:49:24,511] {scheduler_job.py:182} INFO - Started process (PID=377) to work on /opt/airflow/dags/scrap_new_data.py
[2024-05-25 23:49:24,513] {scheduler_job.py:629} INFO - Processing file /opt/airflow/dags/scrap_new_data.py for tasks to queue
[2024-05-25 23:49:24,514] {logging_mixin.py:104} INFO - [2024-05-25 23:49:24,514] {dagbag.py:448} INFO - Filling up the DagBag from /opt/airflow/dags/scrap_new_data.py
[2024-05-25 23:49:24,536] {scheduler_job.py:639} INFO - DAG(s) dict_keys(['scrap_new_data']) retrieved from /opt/airflow/dags/scrap_new_data.py
[2024-05-25 23:49:24,562] {logging_mixin.py:104} INFO - [2024-05-25 23:49:24,562] {dag.py:1818} INFO - Sync 1 DAGs
[2024-05-25 23:49:24,579] {logging_mixin.py:104} INFO - [2024-05-25 23:49:24,579] {dag.py:2273} INFO - Setting next_dagrun for scrap_new_data to 2024-05-02 00:00:00+00:00
[2024-05-25 23:49:24,585] {scheduler_job.py:190} INFO - Processing /opt/airflow/dags/scrap_new_data.py took 0.078 seconds
[2024-05-25 23:54:51,484] {scheduler_job.py:182} INFO - Started process (PID=382) to work on /opt/airflow/dags/scrap_new_data.py
[2024-05-25 23:54:51,485] {scheduler_job.py:629} INFO - Processing file /opt/airflow/dags/scrap_new_data.py for tasks to queue
[2024-05-25 23:54:51,486] {logging_mixin.py:104} INFO - [2024-05-25 23:54:51,486] {dagbag.py:448} INFO - Filling up the DagBag from /opt/airflow/dags/scrap_new_data.py
[2024-05-25 23:54:51,503] {scheduler_job.py:639} INFO - DAG(s) dict_keys(['scrap_new_data']) retrieved from /opt/airflow/dags/scrap_new_data.py
[2024-05-25 23:54:51,528] {logging_mixin.py:104} INFO - [2024-05-25 23:54:51,528] {dag.py:1818} INFO - Sync 1 DAGs
[2024-05-25 23:54:51,544] {logging_mixin.py:104} INFO - [2024-05-25 23:54:51,544] {dag.py:2273} INFO - Setting next_dagrun for scrap_new_data to 2024-05-02 00:00:00+00:00
[2024-05-25 23:54:51,549] {scheduler_job.py:190} INFO - Processing /opt/airflow/dags/scrap_new_data.py took 0.068 seconds
