[2024-05-27 09:33:12,839] {taskinstance.py:851} INFO - Dependencies all met for <TaskInstance: load_init_data.transform 2024-05-27T09:33:09.855017+00:00 [queued]>
[2024-05-27 09:33:12,847] {taskinstance.py:851} INFO - Dependencies all met for <TaskInstance: load_init_data.transform 2024-05-27T09:33:09.855017+00:00 [queued]>
[2024-05-27 09:33:12,847] {taskinstance.py:1042} INFO - 
--------------------------------------------------------------------------------
[2024-05-27 09:33:12,847] {taskinstance.py:1043} INFO - Starting attempt 1 of 6
[2024-05-27 09:33:12,847] {taskinstance.py:1044} INFO - 
--------------------------------------------------------------------------------
[2024-05-27 09:33:12,858] {taskinstance.py:1063} INFO - Executing <Task(PythonOperator): transform> on 2024-05-27T09:33:09.855017+00:00
[2024-05-27 09:33:12,862] {standard_task_runner.py:52} INFO - Started process 184 to run task
[2024-05-27 09:33:12,865] {standard_task_runner.py:76} INFO - Running: ['airflow', 'tasks', 'run', 'load_init_data', 'transform', '2024-05-27T09:33:09.855017+00:00', '--job-id', '478', '--pool', 'default_pool', '--raw', '--subdir', 'DAGS_FOLDER/load_init_data.py', '--cfg-path', '/tmp/tmphi68ljtb', '--error-file', '/tmp/tmpqkb1cph8']
[2024-05-27 09:33:12,867] {standard_task_runner.py:77} INFO - Job 478: Subtask transform
[2024-05-27 09:33:12,896] {logging_mixin.py:104} INFO - Running <TaskInstance: load_init_data.transform 2024-05-27T09:33:09.855017+00:00 [running]> on host 1f334d963743
[2024-05-27 09:33:12,927] {taskinstance.py:1257} INFO - Exporting the following env vars:
AIRFLOW_CTX_DAG_OWNER=airflow
AIRFLOW_CTX_DAG_ID=load_init_data
AIRFLOW_CTX_TASK_ID=transform
AIRFLOW_CTX_EXECUTION_DATE=2024-05-27T09:33:09.855017+00:00
AIRFLOW_CTX_DAG_RUN_ID=manual__2024-05-27T09:33:09.855017+00:00
[2024-05-27 09:33:16,703] {python.py:118} INFO - Done. Returned value was: None
[2024-05-27 09:33:16,710] {taskinstance.py:1166} INFO - Marking task as SUCCESS. dag_id=load_init_data, task_id=transform, execution_date=20240527T093309, start_date=20240527T093312, end_date=20240527T093316
[2024-05-27 09:33:16,736] {taskinstance.py:1220} INFO - 1 downstream tasks scheduled from follow-on schedule check
[2024-05-27 09:33:16,784] {local_task_job.py:146} INFO - Task exited with return code 0
