[2024-06-09 14:06:00,759] {taskinstance.py:851} INFO - Dependencies all met for <TaskInstance: load_init_data.save_into_db 2024-06-07T02:00:00+00:00 [queued]>
[2024-06-09 14:06:00,791] {taskinstance.py:851} INFO - Dependencies all met for <TaskInstance: load_init_data.save_into_db 2024-06-07T02:00:00+00:00 [queued]>
[2024-06-09 14:06:00,795] {taskinstance.py:1042} INFO - 
--------------------------------------------------------------------------------
[2024-06-09 14:06:00,796] {taskinstance.py:1043} INFO - Starting attempt 1 of 6
[2024-06-09 14:06:00,796] {taskinstance.py:1044} INFO - 
--------------------------------------------------------------------------------
[2024-06-09 14:06:00,821] {taskinstance.py:1063} INFO - Executing <Task(PythonOperator): save_into_db> on 2024-06-07T02:00:00+00:00
[2024-06-09 14:06:00,846] {standard_task_runner.py:52} INFO - Started process 179 to run task
[2024-06-09 14:06:00,853] {standard_task_runner.py:76} INFO - Running: ['airflow', 'tasks', 'run', 'load_init_data', 'save_into_db', '2024-06-07T02:00:00+00:00', '--job-id', '58', '--pool', 'default_pool', '--raw', '--subdir', 'DAGS_FOLDER/load_init_data.py', '--cfg-path', '/tmp/tmpxhbfl0yp', '--error-file', '/tmp/tmpiskcr_3d']
[2024-06-09 14:06:00,859] {standard_task_runner.py:77} INFO - Job 58: Subtask save_into_db
[2024-06-09 14:06:00,918] {logging_mixin.py:104} INFO - Running <TaskInstance: load_init_data.save_into_db 2024-06-07T02:00:00+00:00 [running]> on host dfb4a2808431
[2024-06-09 14:06:00,987] {taskinstance.py:1257} INFO - Exporting the following env vars:
AIRFLOW_CTX_DAG_OWNER=airflow
AIRFLOW_CTX_DAG_ID=load_init_data
AIRFLOW_CTX_TASK_ID=save_into_db
AIRFLOW_CTX_EXECUTION_DATE=2024-06-07T02:00:00+00:00
AIRFLOW_CTX_DAG_RUN_ID=scheduled__2024-06-07T02:00:00+00:00
[2024-06-09 14:06:01,210] {python.py:118} INFO - Done. Returned value was: None
[2024-06-09 14:06:01,219] {taskinstance.py:1166} INFO - Marking task as SUCCESS. dag_id=load_init_data, task_id=save_into_db, execution_date=20240607T020000, start_date=20240609T140600, end_date=20240609T140601
[2024-06-09 14:06:01,239] {taskinstance.py:1220} INFO - 0 downstream tasks scheduled from follow-on schedule check
[2024-06-09 14:06:01,250] {local_task_job.py:146} INFO - Task exited with return code 0
