[2024-06-09 14:01:37,632] {taskinstance.py:851} INFO - Dependencies all met for <TaskInstance: load_init_data.transform 2024-06-08T02:00:00+00:00 [queued]>
[2024-06-09 14:01:37,688] {taskinstance.py:851} INFO - Dependencies all met for <TaskInstance: load_init_data.transform 2024-06-08T02:00:00+00:00 [queued]>
[2024-06-09 14:01:37,711] {taskinstance.py:1042} INFO - 
--------------------------------------------------------------------------------
[2024-06-09 14:01:37,722] {taskinstance.py:1043} INFO - Starting attempt 1 of 6
[2024-06-09 14:01:37,728] {taskinstance.py:1044} INFO - 
--------------------------------------------------------------------------------
[2024-06-09 14:01:37,783] {taskinstance.py:1063} INFO - Executing <Task(PythonOperator): transform> on 2024-06-08T02:00:00+00:00
[2024-06-09 14:01:37,827] {standard_task_runner.py:52} INFO - Started process 245 to run task
[2024-06-09 14:01:37,878] {standard_task_runner.py:76} INFO - Running: ['airflow', 'tasks', 'run', 'load_init_data', 'transform', '2024-06-08T02:00:00+00:00', '--job-id', '40', '--pool', 'default_pool', '--raw', '--subdir', 'DAGS_FOLDER/load_init_data.py', '--cfg-path', '/tmp/tmps1hmifbf', '--error-file', '/tmp/tmpmo2b_zux']
[2024-06-09 14:01:37,895] {standard_task_runner.py:77} INFO - Job 40: Subtask transform
[2024-06-09 14:01:38,300] {logging_mixin.py:104} INFO - Running <TaskInstance: load_init_data.transform 2024-06-08T02:00:00+00:00 [running]> on host 97b873bf6d4d
[2024-06-09 14:01:38,678] {taskinstance.py:1257} INFO - Exporting the following env vars:
AIRFLOW_CTX_DAG_OWNER=airflow
AIRFLOW_CTX_DAG_ID=load_init_data
AIRFLOW_CTX_TASK_ID=transform
AIRFLOW_CTX_EXECUTION_DATE=2024-06-08T02:00:00+00:00
AIRFLOW_CTX_DAG_RUN_ID=scheduled__2024-06-08T02:00:00+00:00
[2024-06-09 14:02:28,266] {python.py:118} INFO - Done. Returned value was: None
[2024-06-09 14:02:28,307] {taskinstance.py:1166} INFO - Marking task as SUCCESS. dag_id=load_init_data, task_id=transform, execution_date=20240608T020000, start_date=20240609T140137, end_date=20240609T140228
[2024-06-09 14:02:28,419] {taskinstance.py:1220} INFO - 1 downstream tasks scheduled from follow-on schedule check
[2024-06-09 14:02:28,606] {local_task_job.py:146} INFO - Task exited with return code 0
[2024-06-09 14:21:27,269] {taskinstance.py:851} INFO - Dependencies all met for <TaskInstance: load_init_data.transform 2024-06-08T02:00:00+00:00 [queued]>
[2024-06-09 14:21:27,278] {taskinstance.py:851} INFO - Dependencies all met for <TaskInstance: load_init_data.transform 2024-06-08T02:00:00+00:00 [queued]>
[2024-06-09 14:21:27,278] {taskinstance.py:1042} INFO - 
--------------------------------------------------------------------------------
[2024-06-09 14:21:27,278] {taskinstance.py:1043} INFO - Starting attempt 1 of 6
[2024-06-09 14:21:27,278] {taskinstance.py:1044} INFO - 
--------------------------------------------------------------------------------
[2024-06-09 14:21:27,288] {taskinstance.py:1063} INFO - Executing <Task(PythonOperator): transform> on 2024-06-08T02:00:00+00:00
[2024-06-09 14:21:27,292] {standard_task_runner.py:52} INFO - Started process 185 to run task
[2024-06-09 14:21:27,295] {standard_task_runner.py:76} INFO - Running: ['airflow', 'tasks', 'run', 'load_init_data', 'transform', '2024-06-08T02:00:00+00:00', '--job-id', '65', '--pool', 'default_pool', '--raw', '--subdir', 'DAGS_FOLDER/load_init_data.py', '--cfg-path', '/tmp/tmp09v_3sli', '--error-file', '/tmp/tmp214ru31g']
[2024-06-09 14:21:27,297] {standard_task_runner.py:77} INFO - Job 65: Subtask transform
[2024-06-09 14:21:27,326] {logging_mixin.py:104} INFO - Running <TaskInstance: load_init_data.transform 2024-06-08T02:00:00+00:00 [running]> on host 05b5c9495664
[2024-06-09 14:21:27,354] {taskinstance.py:1257} INFO - Exporting the following env vars:
AIRFLOW_CTX_DAG_OWNER=airflow
AIRFLOW_CTX_DAG_ID=load_init_data
AIRFLOW_CTX_TASK_ID=transform
AIRFLOW_CTX_EXECUTION_DATE=2024-06-08T02:00:00+00:00
AIRFLOW_CTX_DAG_RUN_ID=scheduled__2024-06-08T02:00:00+00:00
[2024-06-09 14:21:35,598] {python.py:118} INFO - Done. Returned value was: None
[2024-06-09 14:21:35,612] {taskinstance.py:1166} INFO - Marking task as SUCCESS. dag_id=load_init_data, task_id=transform, execution_date=20240608T020000, start_date=20240609T142127, end_date=20240609T142135
[2024-06-09 14:21:35,636] {taskinstance.py:1220} INFO - 1 downstream tasks scheduled from follow-on schedule check
[2024-06-09 14:21:35,669] {local_task_job.py:146} INFO - Task exited with return code 0
[2024-06-09 17:49:07,546] {taskinstance.py:851} INFO - Dependencies all met for <TaskInstance: load_init_data.transform 2024-06-08T02:00:00+00:00 [queued]>
[2024-06-09 17:49:07,563] {taskinstance.py:851} INFO - Dependencies all met for <TaskInstance: load_init_data.transform 2024-06-08T02:00:00+00:00 [queued]>
[2024-06-09 17:49:07,564] {taskinstance.py:1042} INFO - 
--------------------------------------------------------------------------------
[2024-06-09 17:49:07,564] {taskinstance.py:1043} INFO - Starting attempt 1 of 6
[2024-06-09 17:49:07,564] {taskinstance.py:1044} INFO - 
--------------------------------------------------------------------------------
[2024-06-09 17:49:07,577] {taskinstance.py:1063} INFO - Executing <Task(PythonOperator): transform> on 2024-06-08T02:00:00+00:00
[2024-06-09 17:49:07,585] {standard_task_runner.py:52} INFO - Started process 404 to run task
[2024-06-09 17:49:07,589] {standard_task_runner.py:76} INFO - Running: ['airflow', 'tasks', 'run', 'load_init_data', 'transform', '2024-06-08T02:00:00+00:00', '--job-id', '98', '--pool', 'default_pool', '--raw', '--subdir', 'DAGS_FOLDER/load_init_data.py', '--cfg-path', '/tmp/tmpsoo8mlcs', '--error-file', '/tmp/tmp_j_j3v9k']
[2024-06-09 17:49:07,591] {standard_task_runner.py:77} INFO - Job 98: Subtask transform
[2024-06-09 17:49:07,620] {logging_mixin.py:104} INFO - Running <TaskInstance: load_init_data.transform 2024-06-08T02:00:00+00:00 [running]> on host 44b09f4be14e
[2024-06-09 17:49:07,647] {taskinstance.py:1257} INFO - Exporting the following env vars:
AIRFLOW_CTX_DAG_OWNER=airflow
AIRFLOW_CTX_DAG_ID=load_init_data
AIRFLOW_CTX_TASK_ID=transform
AIRFLOW_CTX_EXECUTION_DATE=2024-06-08T02:00:00+00:00
AIRFLOW_CTX_DAG_RUN_ID=scheduled__2024-06-08T02:00:00+00:00
[2024-06-09 17:49:15,932] {python.py:118} INFO - Done. Returned value was: None
[2024-06-09 17:49:15,939] {taskinstance.py:1166} INFO - Marking task as SUCCESS. dag_id=load_init_data, task_id=transform, execution_date=20240608T020000, start_date=20240609T174907, end_date=20240609T174915
[2024-06-09 17:49:15,957] {taskinstance.py:1220} INFO - 1 downstream tasks scheduled from follow-on schedule check
[2024-06-09 17:49:16,002] {local_task_job.py:146} INFO - Task exited with return code 0
[2024-06-09 22:39:42,086] {taskinstance.py:851} INFO - Dependencies all met for <TaskInstance: load_init_data.transform 2024-06-08T02:00:00+00:00 [queued]>
[2024-06-09 22:39:42,097] {taskinstance.py:851} INFO - Dependencies all met for <TaskInstance: load_init_data.transform 2024-06-08T02:00:00+00:00 [queued]>
[2024-06-09 22:39:42,099] {taskinstance.py:1042} INFO - 
--------------------------------------------------------------------------------
[2024-06-09 22:39:42,099] {taskinstance.py:1043} INFO - Starting attempt 1 of 6
[2024-06-09 22:39:42,100] {taskinstance.py:1044} INFO - 
--------------------------------------------------------------------------------
[2024-06-09 22:39:42,112] {taskinstance.py:1063} INFO - Executing <Task(PythonOperator): transform> on 2024-06-08T02:00:00+00:00
[2024-06-09 22:39:42,119] {standard_task_runner.py:52} INFO - Started process 175 to run task
[2024-06-09 22:39:42,125] {standard_task_runner.py:76} INFO - Running: ['airflow', 'tasks', 'run', 'load_init_data', 'transform', '2024-06-08T02:00:00+00:00', '--job-id', '132', '--pool', 'default_pool', '--raw', '--subdir', 'DAGS_FOLDER/load_init_data.py', '--cfg-path', '/tmp/tmpnrqlrnor', '--error-file', '/tmp/tmp7wxj5xyi']
[2024-06-09 22:39:42,128] {standard_task_runner.py:77} INFO - Job 132: Subtask transform
[2024-06-09 22:39:42,161] {logging_mixin.py:104} INFO - Running <TaskInstance: load_init_data.transform 2024-06-08T02:00:00+00:00 [running]> on host 73d5d49b0128
[2024-06-09 22:39:42,201] {taskinstance.py:1257} INFO - Exporting the following env vars:
AIRFLOW_CTX_DAG_OWNER=airflow
AIRFLOW_CTX_DAG_ID=load_init_data
AIRFLOW_CTX_TASK_ID=transform
AIRFLOW_CTX_EXECUTION_DATE=2024-06-08T02:00:00+00:00
AIRFLOW_CTX_DAG_RUN_ID=scheduled__2024-06-08T02:00:00+00:00
[2024-06-09 22:39:50,647] {python.py:118} INFO - Done. Returned value was: None
[2024-06-09 22:39:50,656] {taskinstance.py:1166} INFO - Marking task as SUCCESS. dag_id=load_init_data, task_id=transform, execution_date=20240608T020000, start_date=20240609T223942, end_date=20240609T223950
[2024-06-09 22:39:50,691] {taskinstance.py:1220} INFO - 1 downstream tasks scheduled from follow-on schedule check
[2024-06-09 22:39:50,706] {local_task_job.py:146} INFO - Task exited with return code 0
