[2024-05-26 22:31:53,702] {taskinstance.py:851} INFO - Dependencies all met for <TaskInstance: load_init_data.extract_data_from_csv 2024-05-26T22:31:52.290585+00:00 [queued]>
[2024-05-26 22:31:53,718] {taskinstance.py:851} INFO - Dependencies all met for <TaskInstance: load_init_data.extract_data_from_csv 2024-05-26T22:31:52.290585+00:00 [queued]>
[2024-05-26 22:31:53,718] {taskinstance.py:1042} INFO - 
--------------------------------------------------------------------------------
[2024-05-26 22:31:53,720] {taskinstance.py:1043} INFO - Starting attempt 1 of 6
[2024-05-26 22:31:53,721] {taskinstance.py:1044} INFO - 
--------------------------------------------------------------------------------
[2024-05-26 22:31:53,733] {taskinstance.py:1063} INFO - Executing <Task(PythonOperator): extract_data_from_csv> on 2024-05-26T22:31:52.290585+00:00
[2024-05-26 22:31:53,738] {standard_task_runner.py:52} INFO - Started process 183 to run task
[2024-05-26 22:31:53,742] {standard_task_runner.py:76} INFO - Running: ['airflow', 'tasks', 'run', 'load_init_data', 'extract_data_from_csv', '2024-05-26T22:31:52.290585+00:00', '--job-id', '452', '--pool', 'default_pool', '--raw', '--subdir', 'DAGS_FOLDER/load_init_data.py', '--cfg-path', '/tmp/tmpu78w7nmh', '--error-file', '/tmp/tmpod4k1w8u']
[2024-05-26 22:31:53,744] {standard_task_runner.py:77} INFO - Job 452: Subtask extract_data_from_csv
[2024-05-26 22:31:53,775] {logging_mixin.py:104} INFO - Running <TaskInstance: load_init_data.extract_data_from_csv 2024-05-26T22:31:52.290585+00:00 [running]> on host 1f334d963743
[2024-05-26 22:31:53,816] {taskinstance.py:1257} INFO - Exporting the following env vars:
AIRFLOW_CTX_DAG_OWNER=airflow
AIRFLOW_CTX_DAG_ID=load_init_data
AIRFLOW_CTX_TASK_ID=extract_data_from_csv
AIRFLOW_CTX_EXECUTION_DATE=2024-05-26T22:31:52.290585+00:00
AIRFLOW_CTX_DAG_RUN_ID=manual__2024-05-26T22:31:52.290585+00:00
[2024-05-26 22:31:54,128] {python.py:118} INFO - Done. Returned value was: None
[2024-05-26 22:31:54,135] {taskinstance.py:1166} INFO - Marking task as SUCCESS. dag_id=load_init_data, task_id=extract_data_from_csv, execution_date=20240526T223152, start_date=20240526T223153, end_date=20240526T223154
[2024-05-26 22:31:54,156] {taskinstance.py:1220} INFO - 1 downstream tasks scheduled from follow-on schedule check
[2024-05-26 22:31:54,175] {local_task_job.py:146} INFO - Task exited with return code 0
