[2024-05-26 17:44:44,862] {taskinstance.py:851} INFO - Dependencies all met for <TaskInstance: get_new_data.save_into_db 2024-05-25T00:00:00+00:00 [queued]>
[2024-05-26 17:44:44,870] {taskinstance.py:851} INFO - Dependencies all met for <TaskInstance: get_new_data.save_into_db 2024-05-25T00:00:00+00:00 [queued]>
[2024-05-26 17:44:44,871] {taskinstance.py:1042} INFO - 
--------------------------------------------------------------------------------
[2024-05-26 17:44:44,871] {taskinstance.py:1043} INFO - Starting attempt 3 of 6
[2024-05-26 17:44:44,871] {taskinstance.py:1044} INFO - 
--------------------------------------------------------------------------------
[2024-05-26 17:44:44,880] {taskinstance.py:1063} INFO - Executing <Task(PythonOperator): save_into_db> on 2024-05-25T00:00:00+00:00
[2024-05-26 17:44:44,885] {standard_task_runner.py:52} INFO - Started process 168 to run task
[2024-05-26 17:44:44,888] {standard_task_runner.py:76} INFO - Running: ['airflow', 'tasks', 'run', 'get_new_data', 'save_into_db', '2024-05-25T00:00:00+00:00', '--job-id', '332', '--pool', 'default_pool', '--raw', '--subdir', 'DAGS_FOLDER/get_new_data.py', '--cfg-path', '/tmp/tmpwa70idxv', '--error-file', '/tmp/tmpvk3k3sdc']
[2024-05-26 17:44:44,891] {standard_task_runner.py:77} INFO - Job 332: Subtask save_into_db
[2024-05-26 17:44:44,927] {logging_mixin.py:104} INFO - Running <TaskInstance: get_new_data.save_into_db 2024-05-25T00:00:00+00:00 [running]> on host 6a7718113559
[2024-05-26 17:44:44,960] {taskinstance.py:1257} INFO - Exporting the following env vars:
AIRFLOW_CTX_DAG_OWNER=airflow
AIRFLOW_CTX_DAG_ID=get_new_data
AIRFLOW_CTX_TASK_ID=save_into_db
AIRFLOW_CTX_EXECUTION_DATE=2024-05-25T00:00:00+00:00
AIRFLOW_CTX_DAG_RUN_ID=scheduled__2024-05-25T00:00:00+00:00
[2024-05-26 17:44:44,987] {python.py:118} INFO - Done. Returned value was: None
[2024-05-26 17:44:44,994] {taskinstance.py:1166} INFO - Marking task as SUCCESS. dag_id=get_new_data, task_id=save_into_db, execution_date=20240525T000000, start_date=20240526T174444, end_date=20240526T174444
[2024-05-26 17:44:45,012] {taskinstance.py:1220} INFO - 0 downstream tasks scheduled from follow-on schedule check
[2024-05-26 17:44:45,030] {local_task_job.py:146} INFO - Task exited with return code 0
