[2024-06-09 14:02:34,315] {taskinstance.py:851} INFO - Dependencies all met for <TaskInstance: load_init_data.save_into_db 2024-06-08T02:00:00+00:00 [queued]>
[2024-06-09 14:02:34,367] {taskinstance.py:851} INFO - Dependencies all met for <TaskInstance: load_init_data.save_into_db 2024-06-08T02:00:00+00:00 [queued]>
[2024-06-09 14:02:34,372] {taskinstance.py:1042} INFO - 
--------------------------------------------------------------------------------
[2024-06-09 14:02:34,373] {taskinstance.py:1043} INFO - Starting attempt 1 of 6
[2024-06-09 14:02:34,375] {taskinstance.py:1044} INFO - 
--------------------------------------------------------------------------------
[2024-06-09 14:02:34,407] {taskinstance.py:1063} INFO - Executing <Task(PythonOperator): save_into_db> on 2024-06-08T02:00:00+00:00
[2024-06-09 14:02:34,438] {standard_task_runner.py:52} INFO - Started process 281 to run task
[2024-06-09 14:02:34,444] {standard_task_runner.py:76} INFO - Running: ['airflow', 'tasks', 'run', 'load_init_data', 'save_into_db', '2024-06-08T02:00:00+00:00', '--job-id', '51', '--pool', 'default_pool', '--raw', '--subdir', 'DAGS_FOLDER/load_init_data.py', '--cfg-path', '/tmp/tmpe7sxssr9', '--error-file', '/tmp/tmpmkudxri9']
[2024-06-09 14:02:34,460] {standard_task_runner.py:77} INFO - Job 51: Subtask save_into_db
[2024-06-09 14:02:34,659] {logging_mixin.py:104} INFO - Running <TaskInstance: load_init_data.save_into_db 2024-06-08T02:00:00+00:00 [running]> on host 97b873bf6d4d
[2024-06-09 14:02:34,741] {taskinstance.py:1257} INFO - Exporting the following env vars:
AIRFLOW_CTX_DAG_OWNER=airflow
AIRFLOW_CTX_DAG_ID=load_init_data
AIRFLOW_CTX_TASK_ID=save_into_db
AIRFLOW_CTX_EXECUTION_DATE=2024-06-08T02:00:00+00:00
AIRFLOW_CTX_DAG_RUN_ID=scheduled__2024-06-08T02:00:00+00:00
[2024-06-09 14:02:35,953] {python.py:118} INFO - Done. Returned value was: None
[2024-06-09 14:02:35,983] {taskinstance.py:1166} INFO - Marking task as SUCCESS. dag_id=load_init_data, task_id=save_into_db, execution_date=20240608T020000, start_date=20240609T140234, end_date=20240609T140235
[2024-06-09 14:02:36,068] {taskinstance.py:1220} INFO - 0 downstream tasks scheduled from follow-on schedule check
[2024-06-09 14:02:36,130] {local_task_job.py:146} INFO - Task exited with return code 0
[2024-06-09 14:21:37,176] {taskinstance.py:851} INFO - Dependencies all met for <TaskInstance: load_init_data.save_into_db 2024-06-08T02:00:00+00:00 [queued]>
[2024-06-09 14:21:37,184] {taskinstance.py:851} INFO - Dependencies all met for <TaskInstance: load_init_data.save_into_db 2024-06-08T02:00:00+00:00 [queued]>
[2024-06-09 14:21:37,184] {taskinstance.py:1042} INFO - 
--------------------------------------------------------------------------------
[2024-06-09 14:21:37,185] {taskinstance.py:1043} INFO - Starting attempt 1 of 6
[2024-06-09 14:21:37,185] {taskinstance.py:1044} INFO - 
--------------------------------------------------------------------------------
[2024-06-09 14:21:37,195] {taskinstance.py:1063} INFO - Executing <Task(PythonOperator): save_into_db> on 2024-06-08T02:00:00+00:00
[2024-06-09 14:21:37,199] {standard_task_runner.py:52} INFO - Started process 187 to run task
[2024-06-09 14:21:37,202] {standard_task_runner.py:76} INFO - Running: ['airflow', 'tasks', 'run', 'load_init_data', 'save_into_db', '2024-06-08T02:00:00+00:00', '--job-id', '66', '--pool', 'default_pool', '--raw', '--subdir', 'DAGS_FOLDER/load_init_data.py', '--cfg-path', '/tmp/tmpusuis1q3', '--error-file', '/tmp/tmpy37krpyg']
[2024-06-09 14:21:37,204] {standard_task_runner.py:77} INFO - Job 66: Subtask save_into_db
[2024-06-09 14:21:37,232] {logging_mixin.py:104} INFO - Running <TaskInstance: load_init_data.save_into_db 2024-06-08T02:00:00+00:00 [running]> on host 05b5c9495664
[2024-06-09 14:21:37,258] {taskinstance.py:1257} INFO - Exporting the following env vars:
AIRFLOW_CTX_DAG_OWNER=airflow
AIRFLOW_CTX_DAG_ID=load_init_data
AIRFLOW_CTX_TASK_ID=save_into_db
AIRFLOW_CTX_EXECUTION_DATE=2024-06-08T02:00:00+00:00
AIRFLOW_CTX_DAG_RUN_ID=scheduled__2024-06-08T02:00:00+00:00
[2024-06-09 14:21:37,451] {python.py:118} INFO - Done. Returned value was: None
[2024-06-09 14:21:37,458] {taskinstance.py:1166} INFO - Marking task as SUCCESS. dag_id=load_init_data, task_id=save_into_db, execution_date=20240608T020000, start_date=20240609T142137, end_date=20240609T142137
[2024-06-09 14:21:37,475] {taskinstance.py:1220} INFO - 0 downstream tasks scheduled from follow-on schedule check
[2024-06-09 14:21:37,508] {local_task_job.py:146} INFO - Task exited with return code 0
[2024-06-09 17:49:17,616] {taskinstance.py:851} INFO - Dependencies all met for <TaskInstance: load_init_data.save_into_db 2024-06-08T02:00:00+00:00 [queued]>
[2024-06-09 17:49:17,626] {taskinstance.py:851} INFO - Dependencies all met for <TaskInstance: load_init_data.save_into_db 2024-06-08T02:00:00+00:00 [queued]>
[2024-06-09 17:49:17,626] {taskinstance.py:1042} INFO - 
--------------------------------------------------------------------------------
[2024-06-09 17:49:17,626] {taskinstance.py:1043} INFO - Starting attempt 1 of 6
[2024-06-09 17:49:17,626] {taskinstance.py:1044} INFO - 
--------------------------------------------------------------------------------
[2024-06-09 17:49:17,631] {taskinstance.py:1063} INFO - Executing <Task(PythonOperator): save_into_db> on 2024-06-08T02:00:00+00:00
[2024-06-09 17:49:17,635] {standard_task_runner.py:52} INFO - Started process 406 to run task
[2024-06-09 17:49:17,638] {standard_task_runner.py:76} INFO - Running: ['airflow', 'tasks', 'run', 'load_init_data', 'save_into_db', '2024-06-08T02:00:00+00:00', '--job-id', '99', '--pool', 'default_pool', '--raw', '--subdir', 'DAGS_FOLDER/load_init_data.py', '--cfg-path', '/tmp/tmpvnvg9n9p', '--error-file', '/tmp/tmpqtstdk38']
[2024-06-09 17:49:17,641] {standard_task_runner.py:77} INFO - Job 99: Subtask save_into_db
[2024-06-09 17:49:17,671] {logging_mixin.py:104} INFO - Running <TaskInstance: load_init_data.save_into_db 2024-06-08T02:00:00+00:00 [running]> on host 44b09f4be14e
[2024-06-09 17:49:17,698] {taskinstance.py:1257} INFO - Exporting the following env vars:
AIRFLOW_CTX_DAG_OWNER=airflow
AIRFLOW_CTX_DAG_ID=load_init_data
AIRFLOW_CTX_TASK_ID=save_into_db
AIRFLOW_CTX_EXECUTION_DATE=2024-06-08T02:00:00+00:00
AIRFLOW_CTX_DAG_RUN_ID=scheduled__2024-06-08T02:00:00+00:00
[2024-06-09 17:49:17,902] {python.py:118} INFO - Done. Returned value was: None
[2024-06-09 17:49:17,911] {taskinstance.py:1166} INFO - Marking task as SUCCESS. dag_id=load_init_data, task_id=save_into_db, execution_date=20240608T020000, start_date=20240609T174917, end_date=20240609T174917
[2024-06-09 17:49:17,928] {taskinstance.py:1220} INFO - 0 downstream tasks scheduled from follow-on schedule check
[2024-06-09 17:49:17,946] {local_task_job.py:146} INFO - Task exited with return code 0
[2024-06-09 22:39:52,073] {taskinstance.py:851} INFO - Dependencies all met for <TaskInstance: load_init_data.save_into_db 2024-06-08T02:00:00+00:00 [queued]>
[2024-06-09 22:39:52,080] {taskinstance.py:851} INFO - Dependencies all met for <TaskInstance: load_init_data.save_into_db 2024-06-08T02:00:00+00:00 [queued]>
[2024-06-09 22:39:52,081] {taskinstance.py:1042} INFO - 
--------------------------------------------------------------------------------
[2024-06-09 22:39:52,082] {taskinstance.py:1043} INFO - Starting attempt 1 of 6
[2024-06-09 22:39:52,082] {taskinstance.py:1044} INFO - 
--------------------------------------------------------------------------------
[2024-06-09 22:39:52,092] {taskinstance.py:1063} INFO - Executing <Task(PythonOperator): save_into_db> on 2024-06-08T02:00:00+00:00
[2024-06-09 22:39:52,095] {standard_task_runner.py:52} INFO - Started process 187 to run task
[2024-06-09 22:39:52,098] {standard_task_runner.py:76} INFO - Running: ['airflow', 'tasks', 'run', 'load_init_data', 'save_into_db', '2024-06-08T02:00:00+00:00', '--job-id', '133', '--pool', 'default_pool', '--raw', '--subdir', 'DAGS_FOLDER/load_init_data.py', '--cfg-path', '/tmp/tmp_oxfyud2', '--error-file', '/tmp/tmplhvujo1b']
[2024-06-09 22:39:52,100] {standard_task_runner.py:77} INFO - Job 133: Subtask save_into_db
[2024-06-09 22:39:52,128] {logging_mixin.py:104} INFO - Running <TaskInstance: load_init_data.save_into_db 2024-06-08T02:00:00+00:00 [running]> on host 73d5d49b0128
[2024-06-09 22:39:52,161] {taskinstance.py:1257} INFO - Exporting the following env vars:
AIRFLOW_CTX_DAG_OWNER=airflow
AIRFLOW_CTX_DAG_ID=load_init_data
AIRFLOW_CTX_TASK_ID=save_into_db
AIRFLOW_CTX_EXECUTION_DATE=2024-06-08T02:00:00+00:00
AIRFLOW_CTX_DAG_RUN_ID=scheduled__2024-06-08T02:00:00+00:00
[2024-06-09 22:39:52,368] {python.py:118} INFO - Done. Returned value was: None
[2024-06-09 22:39:52,378] {taskinstance.py:1166} INFO - Marking task as SUCCESS. dag_id=load_init_data, task_id=save_into_db, execution_date=20240608T020000, start_date=20240609T223952, end_date=20240609T223952
[2024-06-09 22:39:52,403] {taskinstance.py:1220} INFO - 0 downstream tasks scheduled from follow-on schedule check
[2024-06-09 22:39:52,447] {local_task_job.py:146} INFO - Task exited with return code 0
