[2024-05-26 21:28:08,117] {taskinstance.py:851} INFO - Dependencies all met for <TaskInstance: get_new_data.save_into_db 2024-05-26T21:25:21.857002+00:00 [queued]>
[2024-05-26 21:28:08,125] {taskinstance.py:851} INFO - Dependencies all met for <TaskInstance: get_new_data.save_into_db 2024-05-26T21:25:21.857002+00:00 [queued]>
[2024-05-26 21:28:08,125] {taskinstance.py:1042} INFO - 
--------------------------------------------------------------------------------
[2024-05-26 21:28:08,125] {taskinstance.py:1043} INFO - Starting attempt 1 of 6
[2024-05-26 21:28:08,126] {taskinstance.py:1044} INFO - 
--------------------------------------------------------------------------------
[2024-05-26 21:28:08,135] {taskinstance.py:1063} INFO - Executing <Task(PythonOperator): save_into_db> on 2024-05-26T21:25:21.857002+00:00
[2024-05-26 21:28:08,139] {standard_task_runner.py:52} INFO - Started process 255 to run task
[2024-05-26 21:28:08,142] {standard_task_runner.py:76} INFO - Running: ['airflow', 'tasks', 'run', 'get_new_data', 'save_into_db', '2024-05-26T21:25:21.857002+00:00', '--job-id', '405', '--pool', 'default_pool', '--raw', '--subdir', 'DAGS_FOLDER/get_new_data.py', '--cfg-path', '/tmp/tmpbsk61sxn', '--error-file', '/tmp/tmp6j2yg46k']
[2024-05-26 21:28:08,144] {standard_task_runner.py:77} INFO - Job 405: Subtask save_into_db
[2024-05-26 21:28:08,172] {logging_mixin.py:104} INFO - Running <TaskInstance: get_new_data.save_into_db 2024-05-26T21:25:21.857002+00:00 [running]> on host ff5273ee61d8
[2024-05-26 21:28:08,206] {taskinstance.py:1257} INFO - Exporting the following env vars:
AIRFLOW_CTX_DAG_OWNER=airflow
AIRFLOW_CTX_DAG_ID=get_new_data
AIRFLOW_CTX_TASK_ID=save_into_db
AIRFLOW_CTX_EXECUTION_DATE=2024-05-26T21:25:21.857002+00:00
AIRFLOW_CTX_DAG_RUN_ID=manual__2024-05-26T21:25:21.857002+00:00
[2024-05-26 21:28:08,287] {python.py:118} INFO - Done. Returned value was: None
[2024-05-26 21:28:08,295] {taskinstance.py:1166} INFO - Marking task as SUCCESS. dag_id=get_new_data, task_id=save_into_db, execution_date=20240526T212521, start_date=20240526T212808, end_date=20240526T212808
[2024-05-26 21:28:08,313] {taskinstance.py:1220} INFO - 0 downstream tasks scheduled from follow-on schedule check
[2024-05-26 21:28:08,325] {local_task_job.py:146} INFO - Task exited with return code 0
