[2024-05-26 22:38:37,852] {taskinstance.py:851} INFO - Dependencies all met for <TaskInstance: load_init_data.save_into_db 2024-05-26T22:38:35.380210+00:00 [queued]>
[2024-05-26 22:38:37,863] {taskinstance.py:851} INFO - Dependencies all met for <TaskInstance: load_init_data.save_into_db 2024-05-26T22:38:35.380210+00:00 [queued]>
[2024-05-26 22:38:37,863] {taskinstance.py:1042} INFO - 
--------------------------------------------------------------------------------
[2024-05-26 22:38:37,863] {taskinstance.py:1043} INFO - Starting attempt 1 of 6
[2024-05-26 22:38:37,864] {taskinstance.py:1044} INFO - 
--------------------------------------------------------------------------------
[2024-05-26 22:38:37,871] {taskinstance.py:1063} INFO - Executing <Task(PythonOperator): save_into_db> on 2024-05-26T22:38:35.380210+00:00
[2024-05-26 22:38:37,874] {standard_task_runner.py:52} INFO - Started process 185 to run task
[2024-05-26 22:38:37,877] {standard_task_runner.py:76} INFO - Running: ['airflow', 'tasks', 'run', 'load_init_data', 'save_into_db', '2024-05-26T22:38:35.380210+00:00', '--job-id', '463', '--pool', 'default_pool', '--raw', '--subdir', 'DAGS_FOLDER/load_init_data.py', '--cfg-path', '/tmp/tmpbbml6f_h', '--error-file', '/tmp/tmpk1l54iz4']
[2024-05-26 22:38:37,879] {standard_task_runner.py:77} INFO - Job 463: Subtask save_into_db
[2024-05-26 22:38:37,907] {logging_mixin.py:104} INFO - Running <TaskInstance: load_init_data.save_into_db 2024-05-26T22:38:35.380210+00:00 [running]> on host 1f334d963743
[2024-05-26 22:38:37,934] {taskinstance.py:1257} INFO - Exporting the following env vars:
AIRFLOW_CTX_DAG_OWNER=airflow
AIRFLOW_CTX_DAG_ID=load_init_data
AIRFLOW_CTX_TASK_ID=save_into_db
AIRFLOW_CTX_EXECUTION_DATE=2024-05-26T22:38:35.380210+00:00
AIRFLOW_CTX_DAG_RUN_ID=manual__2024-05-26T22:38:35.380210+00:00
[2024-05-26 22:38:38,192] {python.py:118} INFO - Done. Returned value was: None
[2024-05-26 22:38:38,199] {taskinstance.py:1166} INFO - Marking task as SUCCESS. dag_id=load_init_data, task_id=save_into_db, execution_date=20240526T223835, start_date=20240526T223837, end_date=20240526T223838
[2024-05-26 22:38:38,219] {taskinstance.py:1220} INFO - 0 downstream tasks scheduled from follow-on schedule check
[2024-05-26 22:38:38,235] {local_task_job.py:146} INFO - Task exited with return code 0
