[2024-06-09 14:02:30,348] {taskinstance.py:851} INFO - Dependencies all met for <TaskInstance: load_init_data.save_into_db 2024-05-27T02:00:00+00:00 [queued]>
[2024-06-09 14:02:30,413] {taskinstance.py:851} INFO - Dependencies all met for <TaskInstance: load_init_data.save_into_db 2024-05-27T02:00:00+00:00 [queued]>
[2024-06-09 14:02:30,414] {taskinstance.py:1042} INFO - 
--------------------------------------------------------------------------------
[2024-06-09 14:02:30,415] {taskinstance.py:1043} INFO - Starting attempt 1 of 6
[2024-06-09 14:02:30,417] {taskinstance.py:1044} INFO - 
--------------------------------------------------------------------------------
[2024-06-09 14:02:30,504] {taskinstance.py:1063} INFO - Executing <Task(PythonOperator): save_into_db> on 2024-05-27T02:00:00+00:00
[2024-06-09 14:02:30,537] {standard_task_runner.py:52} INFO - Started process 272 to run task
[2024-06-09 14:02:30,653] {standard_task_runner.py:76} INFO - Running: ['airflow', 'tasks', 'run', 'load_init_data', 'save_into_db', '2024-05-27T02:00:00+00:00', '--job-id', '45', '--pool', 'default_pool', '--raw', '--subdir', 'DAGS_FOLDER/load_init_data.py', '--cfg-path', '/tmp/tmptdhjc5bm', '--error-file', '/tmp/tmpjo5csjnb']
[2024-06-09 14:02:30,682] {standard_task_runner.py:77} INFO - Job 45: Subtask save_into_db
[2024-06-09 14:02:31,253] {logging_mixin.py:104} INFO - Running <TaskInstance: load_init_data.save_into_db 2024-05-27T02:00:00+00:00 [running]> on host 97b873bf6d4d
[2024-06-09 14:02:31,526] {taskinstance.py:1257} INFO - Exporting the following env vars:
AIRFLOW_CTX_DAG_OWNER=airflow
AIRFLOW_CTX_DAG_ID=load_init_data
AIRFLOW_CTX_TASK_ID=save_into_db
AIRFLOW_CTX_EXECUTION_DATE=2024-05-27T02:00:00+00:00
AIRFLOW_CTX_DAG_RUN_ID=scheduled__2024-05-27T02:00:00+00:00
[2024-06-09 14:02:32,334] {python.py:118} INFO - Done. Returned value was: None
[2024-06-09 14:02:32,393] {taskinstance.py:1166} INFO - Marking task as SUCCESS. dag_id=load_init_data, task_id=save_into_db, execution_date=20240527T020000, start_date=20240609T140230, end_date=20240609T140232
[2024-06-09 14:02:32,494] {taskinstance.py:1220} INFO - 0 downstream tasks scheduled from follow-on schedule check
[2024-06-09 14:02:32,595] {local_task_job.py:146} INFO - Task exited with return code 0
