[2024-05-26 21:38:48,161] {taskinstance.py:851} INFO - Dependencies all met for <TaskInstance: load_init_data.extract_data_from_csv 2024-05-26T21:38:46.508071+00:00 [queued]>
[2024-05-26 21:38:48,172] {taskinstance.py:851} INFO - Dependencies all met for <TaskInstance: load_init_data.extract_data_from_csv 2024-05-26T21:38:46.508071+00:00 [queued]>
[2024-05-26 21:38:48,173] {taskinstance.py:1042} INFO - 
--------------------------------------------------------------------------------
[2024-05-26 21:38:48,173] {taskinstance.py:1043} INFO - Starting attempt 1 of 6
[2024-05-26 21:38:48,173] {taskinstance.py:1044} INFO - 
--------------------------------------------------------------------------------
[2024-05-26 21:38:48,180] {taskinstance.py:1063} INFO - Executing <Task(PythonOperator): extract_data_from_csv> on 2024-05-26T21:38:46.508071+00:00
[2024-05-26 21:38:48,184] {standard_task_runner.py:52} INFO - Started process 173 to run task
[2024-05-26 21:38:48,187] {standard_task_runner.py:76} INFO - Running: ['airflow', 'tasks', 'run', 'load_init_data', 'extract_data_from_csv', '2024-05-26T21:38:46.508071+00:00', '--job-id', '415', '--pool', 'default_pool', '--raw', '--subdir', 'DAGS_FOLDER/load_init_data.py', '--cfg-path', '/tmp/tmphedn9era', '--error-file', '/tmp/tmpidpiykpq']
[2024-05-26 21:38:48,190] {standard_task_runner.py:77} INFO - Job 415: Subtask extract_data_from_csv
[2024-05-26 21:38:48,222] {logging_mixin.py:104} INFO - Running <TaskInstance: load_init_data.extract_data_from_csv 2024-05-26T21:38:46.508071+00:00 [running]> on host 9c777ac19e23
[2024-05-26 21:38:48,251] {taskinstance.py:1257} INFO - Exporting the following env vars:
AIRFLOW_CTX_DAG_OWNER=airflow
AIRFLOW_CTX_DAG_ID=load_init_data
AIRFLOW_CTX_TASK_ID=extract_data_from_csv
AIRFLOW_CTX_EXECUTION_DATE=2024-05-26T21:38:46.508071+00:00
AIRFLOW_CTX_DAG_RUN_ID=manual__2024-05-26T21:38:46.508071+00:00
[2024-05-26 21:38:48,560] {python.py:118} INFO - Done. Returned value was: None
[2024-05-26 21:38:48,566] {taskinstance.py:1166} INFO - Marking task as SUCCESS. dag_id=load_init_data, task_id=extract_data_from_csv, execution_date=20240526T213846, start_date=20240526T213848, end_date=20240526T213848
[2024-05-26 21:38:48,584] {taskinstance.py:1220} INFO - 1 downstream tasks scheduled from follow-on schedule check
[2024-05-26 21:38:48,627] {local_task_job.py:146} INFO - Task exited with return code 0
