[2024-05-28 16:21:00,775] {scheduler_job.py:182} INFO - Started process (PID=164) to work on /opt/airflow/dags/load_init_data.py
[2024-05-28 16:21:00,777] {scheduler_job.py:629} INFO - Processing file /opt/airflow/dags/load_init_data.py for tasks to queue
[2024-05-28 16:21:00,778] {logging_mixin.py:104} INFO - [2024-05-28 16:21:00,778] {dagbag.py:448} INFO - Filling up the DagBag from /opt/airflow/dags/load_init_data.py
[2024-05-28 16:21:01,262] {scheduler_job.py:639} INFO - DAG(s) dict_keys(['load_init_data']) retrieved from /opt/airflow/dags/load_init_data.py
[2024-05-28 16:21:01,281] {logging_mixin.py:104} INFO - [2024-05-28 16:21:01,281] {dag.py:1818} INFO - Sync 1 DAGs
[2024-05-28 16:21:01,295] {logging_mixin.py:104} INFO - [2024-05-28 16:21:01,295] {dag.py:2273} INFO - Setting next_dagrun for load_init_data to 2024-05-24T02:00:00+00:00
[2024-05-28 16:21:01,303] {scheduler_job.py:190} INFO - Processing /opt/airflow/dags/load_init_data.py took 0.531 seconds
[2024-05-28 16:21:31,598] {scheduler_job.py:182} INFO - Started process (PID=174) to work on /opt/airflow/dags/load_init_data.py
[2024-05-28 16:21:31,600] {scheduler_job.py:629} INFO - Processing file /opt/airflow/dags/load_init_data.py for tasks to queue
[2024-05-28 16:21:31,601] {logging_mixin.py:104} INFO - [2024-05-28 16:21:31,601] {dagbag.py:448} INFO - Filling up the DagBag from /opt/airflow/dags/load_init_data.py
[2024-05-28 16:21:32,043] {scheduler_job.py:639} INFO - DAG(s) dict_keys(['load_init_data']) retrieved from /opt/airflow/dags/load_init_data.py
[2024-05-28 16:21:32,072] {logging_mixin.py:104} INFO - [2024-05-28 16:21:32,072] {dag.py:1818} INFO - Sync 1 DAGs
[2024-05-28 16:21:32,085] {logging_mixin.py:104} INFO - [2024-05-28 16:21:32,085] {dag.py:2273} INFO - Setting next_dagrun for load_init_data to 2024-05-24T02:00:00+00:00
[2024-05-28 16:21:32,093] {scheduler_job.py:190} INFO - Processing /opt/airflow/dags/load_init_data.py took 0.501 seconds
[2024-05-28 16:22:02,318] {scheduler_job.py:182} INFO - Started process (PID=184) to work on /opt/airflow/dags/load_init_data.py
[2024-05-28 16:22:02,320] {scheduler_job.py:629} INFO - Processing file /opt/airflow/dags/load_init_data.py for tasks to queue
[2024-05-28 16:22:02,321] {logging_mixin.py:104} INFO - [2024-05-28 16:22:02,321] {dagbag.py:448} INFO - Filling up the DagBag from /opt/airflow/dags/load_init_data.py
[2024-05-28 16:22:02,692] {scheduler_job.py:639} INFO - DAG(s) dict_keys(['load_init_data']) retrieved from /opt/airflow/dags/load_init_data.py
[2024-05-28 16:22:02,714] {logging_mixin.py:104} INFO - [2024-05-28 16:22:02,713] {dag.py:1818} INFO - Sync 1 DAGs
[2024-05-28 16:22:02,727] {logging_mixin.py:104} INFO - [2024-05-28 16:22:02,726] {dag.py:2273} INFO - Setting next_dagrun for load_init_data to 2024-05-24T02:00:00+00:00
[2024-05-28 16:22:02,733] {scheduler_job.py:190} INFO - Processing /opt/airflow/dags/load_init_data.py took 0.420 seconds
[2024-05-28 16:22:32,943] {scheduler_job.py:182} INFO - Started process (PID=193) to work on /opt/airflow/dags/load_init_data.py
[2024-05-28 16:22:32,945] {scheduler_job.py:629} INFO - Processing file /opt/airflow/dags/load_init_data.py for tasks to queue
[2024-05-28 16:22:32,946] {logging_mixin.py:104} INFO - [2024-05-28 16:22:32,946] {dagbag.py:448} INFO - Filling up the DagBag from /opt/airflow/dags/load_init_data.py
[2024-05-28 16:22:33,295] {scheduler_job.py:639} INFO - DAG(s) dict_keys(['load_init_data']) retrieved from /opt/airflow/dags/load_init_data.py
[2024-05-28 16:22:33,331] {logging_mixin.py:104} INFO - [2024-05-28 16:22:33,331] {dag.py:1818} INFO - Sync 1 DAGs
[2024-05-28 16:22:33,345] {logging_mixin.py:104} INFO - [2024-05-28 16:22:33,345] {dag.py:2273} INFO - Setting next_dagrun for load_init_data to 2024-05-24T02:00:00+00:00
[2024-05-28 16:22:33,351] {scheduler_job.py:190} INFO - Processing /opt/airflow/dags/load_init_data.py took 0.411 seconds
[2024-05-28 16:23:03,673] {scheduler_job.py:182} INFO - Started process (PID=162) to work on /opt/airflow/dags/load_init_data.py
[2024-05-28 16:23:03,674] {scheduler_job.py:629} INFO - Processing file /opt/airflow/dags/load_init_data.py for tasks to queue
[2024-05-28 16:23:03,675] {logging_mixin.py:104} INFO - [2024-05-28 16:23:03,675] {dagbag.py:448} INFO - Filling up the DagBag from /opt/airflow/dags/load_init_data.py
[2024-05-28 16:23:04,670] {scheduler_job.py:639} INFO - DAG(s) dict_keys(['load_init_data']) retrieved from /opt/airflow/dags/load_init_data.py
[2024-05-28 16:23:04,686] {logging_mixin.py:104} INFO - [2024-05-28 16:23:04,686] {dag.py:1818} INFO - Sync 1 DAGs
[2024-05-28 16:23:04,697] {logging_mixin.py:104} INFO - [2024-05-28 16:23:04,697] {dag.py:2273} INFO - Setting next_dagrun for load_init_data to 2024-05-24T02:00:00+00:00
[2024-05-28 16:23:04,703] {scheduler_job.py:190} INFO - Processing /opt/airflow/dags/load_init_data.py took 1.033 seconds
[2024-05-28 16:23:34,992] {scheduler_job.py:182} INFO - Started process (PID=172) to work on /opt/airflow/dags/load_init_data.py
[2024-05-28 16:23:34,994] {scheduler_job.py:629} INFO - Processing file /opt/airflow/dags/load_init_data.py for tasks to queue
[2024-05-28 16:23:34,996] {logging_mixin.py:104} INFO - [2024-05-28 16:23:34,995] {dagbag.py:448} INFO - Filling up the DagBag from /opt/airflow/dags/load_init_data.py
[2024-05-28 16:23:35,364] {scheduler_job.py:639} INFO - DAG(s) dict_keys(['load_init_data']) retrieved from /opt/airflow/dags/load_init_data.py
[2024-05-28 16:23:35,384] {logging_mixin.py:104} INFO - [2024-05-28 16:23:35,384] {dag.py:1818} INFO - Sync 1 DAGs
[2024-05-28 16:23:35,397] {logging_mixin.py:104} INFO - [2024-05-28 16:23:35,397] {dag.py:2273} INFO - Setting next_dagrun for load_init_data to 2024-05-24T02:00:00+00:00
[2024-05-28 16:23:35,405] {scheduler_job.py:190} INFO - Processing /opt/airflow/dags/load_init_data.py took 0.419 seconds
[2024-05-28 16:24:05,686] {scheduler_job.py:182} INFO - Started process (PID=182) to work on /opt/airflow/dags/load_init_data.py
[2024-05-28 16:24:05,689] {scheduler_job.py:629} INFO - Processing file /opt/airflow/dags/load_init_data.py for tasks to queue
[2024-05-28 16:24:05,690] {logging_mixin.py:104} INFO - [2024-05-28 16:24:05,690] {dagbag.py:448} INFO - Filling up the DagBag from /opt/airflow/dags/load_init_data.py
[2024-05-28 16:24:06,089] {scheduler_job.py:639} INFO - DAG(s) dict_keys(['load_init_data']) retrieved from /opt/airflow/dags/load_init_data.py
[2024-05-28 16:24:06,113] {logging_mixin.py:104} INFO - [2024-05-28 16:24:06,113] {dag.py:1818} INFO - Sync 1 DAGs
[2024-05-28 16:24:06,127] {logging_mixin.py:104} INFO - [2024-05-28 16:24:06,127] {dag.py:2273} INFO - Setting next_dagrun for load_init_data to 2024-05-24T02:00:00+00:00
[2024-05-28 16:24:06,136] {scheduler_job.py:190} INFO - Processing /opt/airflow/dags/load_init_data.py took 0.454 seconds
[2024-05-28 16:24:36,403] {scheduler_job.py:182} INFO - Started process (PID=216) to work on /opt/airflow/dags/load_init_data.py
[2024-05-28 16:24:36,405] {scheduler_job.py:629} INFO - Processing file /opt/airflow/dags/load_init_data.py for tasks to queue
[2024-05-28 16:24:36,406] {logging_mixin.py:104} INFO - [2024-05-28 16:24:36,406] {dagbag.py:448} INFO - Filling up the DagBag from /opt/airflow/dags/load_init_data.py
[2024-05-28 16:24:36,741] {scheduler_job.py:639} INFO - DAG(s) dict_keys(['load_init_data']) retrieved from /opt/airflow/dags/load_init_data.py
[2024-05-28 16:24:36,779] {logging_mixin.py:104} INFO - [2024-05-28 16:24:36,779] {dag.py:1818} INFO - Sync 1 DAGs
[2024-05-28 16:24:36,795] {logging_mixin.py:104} INFO - [2024-05-28 16:24:36,794] {dag.py:2273} INFO - Setting next_dagrun for load_init_data to 2024-05-28 02:00:00+00:00
[2024-05-28 16:24:36,802] {scheduler_job.py:190} INFO - Processing /opt/airflow/dags/load_init_data.py took 0.402 seconds
[2024-05-28 16:25:06,993] {scheduler_job.py:182} INFO - Started process (PID=226) to work on /opt/airflow/dags/load_init_data.py
[2024-05-28 16:25:06,997] {scheduler_job.py:629} INFO - Processing file /opt/airflow/dags/load_init_data.py for tasks to queue
[2024-05-28 16:25:06,998] {logging_mixin.py:104} INFO - [2024-05-28 16:25:06,998] {dagbag.py:448} INFO - Filling up the DagBag from /opt/airflow/dags/load_init_data.py
[2024-05-28 16:25:07,600] {scheduler_job.py:639} INFO - DAG(s) dict_keys(['load_init_data']) retrieved from /opt/airflow/dags/load_init_data.py
[2024-05-28 16:25:07,631] {logging_mixin.py:104} INFO - [2024-05-28 16:25:07,630] {dag.py:1818} INFO - Sync 1 DAGs
[2024-05-28 16:25:07,649] {logging_mixin.py:104} INFO - [2024-05-28 16:25:07,649] {dag.py:2273} INFO - Setting next_dagrun for load_init_data to 2024-05-28 02:00:00+00:00
[2024-05-28 16:25:07,663] {scheduler_job.py:190} INFO - Processing /opt/airflow/dags/load_init_data.py took 0.686 seconds
[2024-05-28 16:25:37,918] {scheduler_job.py:182} INFO - Started process (PID=236) to work on /opt/airflow/dags/load_init_data.py
[2024-05-28 16:25:37,920] {scheduler_job.py:629} INFO - Processing file /opt/airflow/dags/load_init_data.py for tasks to queue
[2024-05-28 16:25:37,920] {logging_mixin.py:104} INFO - [2024-05-28 16:25:37,920] {dagbag.py:448} INFO - Filling up the DagBag from /opt/airflow/dags/load_init_data.py
[2024-05-28 16:25:38,345] {scheduler_job.py:639} INFO - DAG(s) dict_keys(['load_init_data']) retrieved from /opt/airflow/dags/load_init_data.py
[2024-05-28 16:25:38,368] {logging_mixin.py:104} INFO - [2024-05-28 16:25:38,368] {dag.py:1818} INFO - Sync 1 DAGs
[2024-05-28 16:25:38,387] {logging_mixin.py:104} INFO - [2024-05-28 16:25:38,387] {dag.py:2273} INFO - Setting next_dagrun for load_init_data to 2024-05-28 02:00:00+00:00
[2024-05-28 16:25:38,397] {scheduler_job.py:190} INFO - Processing /opt/airflow/dags/load_init_data.py took 0.482 seconds
[2024-05-28 16:25:57,493] {scheduler_job.py:182} INFO - Started process (PID=162) to work on /opt/airflow/dags/load_init_data.py
[2024-05-28 16:25:57,494] {scheduler_job.py:629} INFO - Processing file /opt/airflow/dags/load_init_data.py for tasks to queue
[2024-05-28 16:25:57,495] {logging_mixin.py:104} INFO - [2024-05-28 16:25:57,495] {dagbag.py:448} INFO - Filling up the DagBag from /opt/airflow/dags/load_init_data.py
[2024-05-28 16:25:57,886] {scheduler_job.py:639} INFO - DAG(s) dict_keys(['load_init_data']) retrieved from /opt/airflow/dags/load_init_data.py
[2024-05-28 16:25:57,908] {logging_mixin.py:104} INFO - [2024-05-28 16:25:57,907] {dag.py:1818} INFO - Sync 1 DAGs
[2024-05-28 16:25:57,915] {logging_mixin.py:104} INFO - [2024-05-28 16:25:57,915] {dag.py:1837} INFO - Creating ORM DAG for load_init_data
[2024-05-28 16:25:57,921] {logging_mixin.py:104} INFO - [2024-05-28 16:25:57,921] {dag.py:2273} INFO - Setting next_dagrun for load_init_data to 2024-05-24T02:00:00+00:00
[2024-05-28 16:25:57,931] {scheduler_job.py:190} INFO - Processing /opt/airflow/dags/load_init_data.py took 0.442 seconds
[2024-05-28 16:26:28,213] {scheduler_job.py:182} INFO - Started process (PID=172) to work on /opt/airflow/dags/load_init_data.py
[2024-05-28 16:26:28,222] {scheduler_job.py:629} INFO - Processing file /opt/airflow/dags/load_init_data.py for tasks to queue
[2024-05-28 16:26:28,227] {logging_mixin.py:104} INFO - [2024-05-28 16:26:28,226] {dagbag.py:448} INFO - Filling up the DagBag from /opt/airflow/dags/load_init_data.py
[2024-05-28 16:26:28,612] {scheduler_job.py:639} INFO - DAG(s) dict_keys(['load_init_data']) retrieved from /opt/airflow/dags/load_init_data.py
[2024-05-28 16:26:28,639] {logging_mixin.py:104} INFO - [2024-05-28 16:26:28,639] {dag.py:1818} INFO - Sync 1 DAGs
[2024-05-28 16:26:28,651] {logging_mixin.py:104} INFO - [2024-05-28 16:26:28,651] {dag.py:2273} INFO - Setting next_dagrun for load_init_data to 2024-05-24T02:00:00+00:00
[2024-05-28 16:26:28,656] {scheduler_job.py:190} INFO - Processing /opt/airflow/dags/load_init_data.py took 0.456 seconds
[2024-05-28 16:26:59,039] {scheduler_job.py:182} INFO - Started process (PID=182) to work on /opt/airflow/dags/load_init_data.py
[2024-05-28 16:26:59,041] {scheduler_job.py:629} INFO - Processing file /opt/airflow/dags/load_init_data.py for tasks to queue
[2024-05-28 16:26:59,043] {logging_mixin.py:104} INFO - [2024-05-28 16:26:59,042] {dagbag.py:448} INFO - Filling up the DagBag from /opt/airflow/dags/load_init_data.py
[2024-05-28 16:26:59,420] {scheduler_job.py:639} INFO - DAG(s) dict_keys(['load_init_data']) retrieved from /opt/airflow/dags/load_init_data.py
[2024-05-28 16:26:59,442] {logging_mixin.py:104} INFO - [2024-05-28 16:26:59,442] {dag.py:1818} INFO - Sync 1 DAGs
[2024-05-28 16:26:59,455] {logging_mixin.py:104} INFO - [2024-05-28 16:26:59,455] {dag.py:2273} INFO - Setting next_dagrun for load_init_data to 2024-05-24T02:00:00+00:00
[2024-05-28 16:26:59,460] {scheduler_job.py:190} INFO - Processing /opt/airflow/dags/load_init_data.py took 0.427 seconds
[2024-05-28 16:27:29,834] {scheduler_job.py:182} INFO - Started process (PID=192) to work on /opt/airflow/dags/load_init_data.py
[2024-05-28 16:27:29,838] {scheduler_job.py:629} INFO - Processing file /opt/airflow/dags/load_init_data.py for tasks to queue
[2024-05-28 16:27:29,839] {logging_mixin.py:104} INFO - [2024-05-28 16:27:29,839] {dagbag.py:448} INFO - Filling up the DagBag from /opt/airflow/dags/load_init_data.py
[2024-05-28 16:27:30,249] {scheduler_job.py:639} INFO - DAG(s) dict_keys(['load_init_data']) retrieved from /opt/airflow/dags/load_init_data.py
[2024-05-28 16:27:30,271] {logging_mixin.py:104} INFO - [2024-05-28 16:27:30,271] {dag.py:1818} INFO - Sync 1 DAGs
[2024-05-28 16:27:30,283] {logging_mixin.py:104} INFO - [2024-05-28 16:27:30,283] {dag.py:2273} INFO - Setting next_dagrun for load_init_data to 2024-05-24T02:00:00+00:00
[2024-05-28 16:27:30,288] {scheduler_job.py:190} INFO - Processing /opt/airflow/dags/load_init_data.py took 0.463 seconds
[2024-05-28 16:28:00,676] {scheduler_job.py:182} INFO - Started process (PID=202) to work on /opt/airflow/dags/load_init_data.py
[2024-05-28 16:28:00,680] {scheduler_job.py:629} INFO - Processing file /opt/airflow/dags/load_init_data.py for tasks to queue
[2024-05-28 16:28:00,684] {logging_mixin.py:104} INFO - [2024-05-28 16:28:00,684] {dagbag.py:448} INFO - Filling up the DagBag from /opt/airflow/dags/load_init_data.py
[2024-05-28 16:28:01,120] {scheduler_job.py:639} INFO - DAG(s) dict_keys(['load_init_data']) retrieved from /opt/airflow/dags/load_init_data.py
[2024-05-28 16:28:01,147] {logging_mixin.py:104} INFO - [2024-05-28 16:28:01,147] {dag.py:1818} INFO - Sync 1 DAGs
[2024-05-28 16:28:01,162] {logging_mixin.py:104} INFO - [2024-05-28 16:28:01,162] {dag.py:2273} INFO - Setting next_dagrun for load_init_data to 2024-05-24T02:00:00+00:00
[2024-05-28 16:28:01,167] {scheduler_job.py:190} INFO - Processing /opt/airflow/dags/load_init_data.py took 0.503 seconds
[2024-05-28 16:28:31,461] {scheduler_job.py:182} INFO - Started process (PID=212) to work on /opt/airflow/dags/load_init_data.py
[2024-05-28 16:28:31,462] {scheduler_job.py:629} INFO - Processing file /opt/airflow/dags/load_init_data.py for tasks to queue
[2024-05-28 16:28:31,464] {logging_mixin.py:104} INFO - [2024-05-28 16:28:31,464] {dagbag.py:448} INFO - Filling up the DagBag from /opt/airflow/dags/load_init_data.py
[2024-05-28 16:28:31,811] {scheduler_job.py:639} INFO - DAG(s) dict_keys(['load_init_data']) retrieved from /opt/airflow/dags/load_init_data.py
[2024-05-28 16:28:31,830] {logging_mixin.py:104} INFO - [2024-05-28 16:28:31,830] {dag.py:1818} INFO - Sync 1 DAGs
[2024-05-28 16:28:31,843] {logging_mixin.py:104} INFO - [2024-05-28 16:28:31,843] {dag.py:2273} INFO - Setting next_dagrun for load_init_data to 2024-05-24T02:00:00+00:00
[2024-05-28 16:28:31,848] {scheduler_job.py:190} INFO - Processing /opt/airflow/dags/load_init_data.py took 0.393 seconds
[2024-05-28 16:29:02,200] {scheduler_job.py:182} INFO - Started process (PID=222) to work on /opt/airflow/dags/load_init_data.py
[2024-05-28 16:29:02,202] {scheduler_job.py:629} INFO - Processing file /opt/airflow/dags/load_init_data.py for tasks to queue
[2024-05-28 16:29:02,203] {logging_mixin.py:104} INFO - [2024-05-28 16:29:02,203] {dagbag.py:448} INFO - Filling up the DagBag from /opt/airflow/dags/load_init_data.py
[2024-05-28 16:29:02,576] {scheduler_job.py:639} INFO - DAG(s) dict_keys(['load_init_data']) retrieved from /opt/airflow/dags/load_init_data.py
[2024-05-28 16:29:02,595] {logging_mixin.py:104} INFO - [2024-05-28 16:29:02,595] {dag.py:1818} INFO - Sync 1 DAGs
[2024-05-28 16:29:02,608] {logging_mixin.py:104} INFO - [2024-05-28 16:29:02,607] {dag.py:2273} INFO - Setting next_dagrun for load_init_data to 2024-05-24T02:00:00+00:00
[2024-05-28 16:29:02,613] {scheduler_job.py:190} INFO - Processing /opt/airflow/dags/load_init_data.py took 0.419 seconds
[2024-05-28 16:29:32,982] {scheduler_job.py:182} INFO - Started process (PID=232) to work on /opt/airflow/dags/load_init_data.py
[2024-05-28 16:29:32,984] {scheduler_job.py:629} INFO - Processing file /opt/airflow/dags/load_init_data.py for tasks to queue
[2024-05-28 16:29:32,985] {logging_mixin.py:104} INFO - [2024-05-28 16:29:32,985] {dagbag.py:448} INFO - Filling up the DagBag from /opt/airflow/dags/load_init_data.py
[2024-05-28 16:29:33,285] {scheduler_job.py:639} INFO - DAG(s) dict_keys(['load_init_data']) retrieved from /opt/airflow/dags/load_init_data.py
[2024-05-28 16:29:33,300] {logging_mixin.py:104} INFO - [2024-05-28 16:29:33,300] {dag.py:1818} INFO - Sync 1 DAGs
[2024-05-28 16:29:33,310] {logging_mixin.py:104} INFO - [2024-05-28 16:29:33,310] {dag.py:2273} INFO - Setting next_dagrun for load_init_data to 2024-05-24T02:00:00+00:00
[2024-05-28 16:29:33,316] {scheduler_job.py:190} INFO - Processing /opt/airflow/dags/load_init_data.py took 0.339 seconds
[2024-05-28 16:30:03,656] {scheduler_job.py:182} INFO - Started process (PID=242) to work on /opt/airflow/dags/load_init_data.py
[2024-05-28 16:30:03,657] {scheduler_job.py:629} INFO - Processing file /opt/airflow/dags/load_init_data.py for tasks to queue
[2024-05-28 16:30:03,658] {logging_mixin.py:104} INFO - [2024-05-28 16:30:03,658] {dagbag.py:448} INFO - Filling up the DagBag from /opt/airflow/dags/load_init_data.py
[2024-05-28 16:30:04,037] {scheduler_job.py:639} INFO - DAG(s) dict_keys(['load_init_data']) retrieved from /opt/airflow/dags/load_init_data.py
[2024-05-28 16:30:04,059] {logging_mixin.py:104} INFO - [2024-05-28 16:30:04,059] {dag.py:1818} INFO - Sync 1 DAGs
[2024-05-28 16:30:04,071] {logging_mixin.py:104} INFO - [2024-05-28 16:30:04,071] {dag.py:2273} INFO - Setting next_dagrun for load_init_data to 2024-05-24T02:00:00+00:00
[2024-05-28 16:30:04,076] {scheduler_job.py:190} INFO - Processing /opt/airflow/dags/load_init_data.py took 0.426 seconds
[2024-05-28 16:30:34,384] {scheduler_job.py:182} INFO - Started process (PID=252) to work on /opt/airflow/dags/load_init_data.py
[2024-05-28 16:30:34,385] {scheduler_job.py:629} INFO - Processing file /opt/airflow/dags/load_init_data.py for tasks to queue
[2024-05-28 16:30:34,386] {logging_mixin.py:104} INFO - [2024-05-28 16:30:34,386] {dagbag.py:448} INFO - Filling up the DagBag from /opt/airflow/dags/load_init_data.py
[2024-05-28 16:30:34,694] {scheduler_job.py:639} INFO - DAG(s) dict_keys(['load_init_data']) retrieved from /opt/airflow/dags/load_init_data.py
[2024-05-28 16:30:34,709] {logging_mixin.py:104} INFO - [2024-05-28 16:30:34,709] {dag.py:1818} INFO - Sync 1 DAGs
[2024-05-28 16:30:34,719] {logging_mixin.py:104} INFO - [2024-05-28 16:30:34,719] {dag.py:2273} INFO - Setting next_dagrun for load_init_data to 2024-05-24T02:00:00+00:00
[2024-05-28 16:30:34,724] {scheduler_job.py:190} INFO - Processing /opt/airflow/dags/load_init_data.py took 0.345 seconds
[2024-05-28 16:31:05,161] {scheduler_job.py:182} INFO - Started process (PID=262) to work on /opt/airflow/dags/load_init_data.py
[2024-05-28 16:31:05,164] {scheduler_job.py:629} INFO - Processing file /opt/airflow/dags/load_init_data.py for tasks to queue
[2024-05-28 16:31:05,166] {logging_mixin.py:104} INFO - [2024-05-28 16:31:05,165] {dagbag.py:448} INFO - Filling up the DagBag from /opt/airflow/dags/load_init_data.py
[2024-05-28 16:31:05,547] {scheduler_job.py:639} INFO - DAG(s) dict_keys(['load_init_data']) retrieved from /opt/airflow/dags/load_init_data.py
[2024-05-28 16:31:05,568] {logging_mixin.py:104} INFO - [2024-05-28 16:31:05,568] {dag.py:1818} INFO - Sync 1 DAGs
[2024-05-28 16:31:05,580] {logging_mixin.py:104} INFO - [2024-05-28 16:31:05,580] {dag.py:2273} INFO - Setting next_dagrun for load_init_data to 2024-05-24T02:00:00+00:00
[2024-05-28 16:31:05,586] {scheduler_job.py:190} INFO - Processing /opt/airflow/dags/load_init_data.py took 0.434 seconds
[2024-05-28 16:31:35,980] {scheduler_job.py:182} INFO - Started process (PID=272) to work on /opt/airflow/dags/load_init_data.py
[2024-05-28 16:31:35,984] {scheduler_job.py:629} INFO - Processing file /opt/airflow/dags/load_init_data.py for tasks to queue
[2024-05-28 16:31:35,986] {logging_mixin.py:104} INFO - [2024-05-28 16:31:35,985] {dagbag.py:448} INFO - Filling up the DagBag from /opt/airflow/dags/load_init_data.py
[2024-05-28 16:31:36,396] {scheduler_job.py:639} INFO - DAG(s) dict_keys(['load_init_data']) retrieved from /opt/airflow/dags/load_init_data.py
[2024-05-28 16:31:36,418] {logging_mixin.py:104} INFO - [2024-05-28 16:31:36,418] {dag.py:1818} INFO - Sync 1 DAGs
[2024-05-28 16:31:36,430] {logging_mixin.py:104} INFO - [2024-05-28 16:31:36,430] {dag.py:2273} INFO - Setting next_dagrun for load_init_data to 2024-05-24T02:00:00+00:00
[2024-05-28 16:31:36,437] {scheduler_job.py:190} INFO - Processing /opt/airflow/dags/load_init_data.py took 0.466 seconds
[2024-05-28 16:32:06,804] {scheduler_job.py:182} INFO - Started process (PID=282) to work on /opt/airflow/dags/load_init_data.py
[2024-05-28 16:32:06,811] {scheduler_job.py:629} INFO - Processing file /opt/airflow/dags/load_init_data.py for tasks to queue
[2024-05-28 16:32:06,816] {logging_mixin.py:104} INFO - [2024-05-28 16:32:06,816] {dagbag.py:448} INFO - Filling up the DagBag from /opt/airflow/dags/load_init_data.py
[2024-05-28 16:32:07,198] {scheduler_job.py:639} INFO - DAG(s) dict_keys(['load_init_data']) retrieved from /opt/airflow/dags/load_init_data.py
[2024-05-28 16:32:07,221] {logging_mixin.py:104} INFO - [2024-05-28 16:32:07,221] {dag.py:1818} INFO - Sync 1 DAGs
[2024-05-28 16:32:07,240] {logging_mixin.py:104} INFO - [2024-05-28 16:32:07,239] {dag.py:2273} INFO - Setting next_dagrun for load_init_data to 2024-05-24T02:00:00+00:00
[2024-05-28 16:32:07,246] {scheduler_job.py:190} INFO - Processing /opt/airflow/dags/load_init_data.py took 0.462 seconds
[2024-05-28 16:32:37,629] {scheduler_job.py:182} INFO - Started process (PID=292) to work on /opt/airflow/dags/load_init_data.py
[2024-05-28 16:32:37,631] {scheduler_job.py:629} INFO - Processing file /opt/airflow/dags/load_init_data.py for tasks to queue
[2024-05-28 16:32:37,632] {logging_mixin.py:104} INFO - [2024-05-28 16:32:37,632] {dagbag.py:448} INFO - Filling up the DagBag from /opt/airflow/dags/load_init_data.py
[2024-05-28 16:32:37,935] {scheduler_job.py:639} INFO - DAG(s) dict_keys(['load_init_data']) retrieved from /opt/airflow/dags/load_init_data.py
[2024-05-28 16:32:37,950] {logging_mixin.py:104} INFO - [2024-05-28 16:32:37,950] {dag.py:1818} INFO - Sync 1 DAGs
[2024-05-28 16:32:37,960] {logging_mixin.py:104} INFO - [2024-05-28 16:32:37,960] {dag.py:2273} INFO - Setting next_dagrun for load_init_data to 2024-05-24T02:00:00+00:00
[2024-05-28 16:32:37,965] {scheduler_job.py:190} INFO - Processing /opt/airflow/dags/load_init_data.py took 0.341 seconds
[2024-05-28 16:33:08,236] {scheduler_job.py:182} INFO - Started process (PID=302) to work on /opt/airflow/dags/load_init_data.py
[2024-05-28 16:33:08,237] {scheduler_job.py:629} INFO - Processing file /opt/airflow/dags/load_init_data.py for tasks to queue
[2024-05-28 16:33:08,239] {logging_mixin.py:104} INFO - [2024-05-28 16:33:08,238] {dagbag.py:448} INFO - Filling up the DagBag from /opt/airflow/dags/load_init_data.py
[2024-05-28 16:33:08,636] {scheduler_job.py:639} INFO - DAG(s) dict_keys(['load_init_data']) retrieved from /opt/airflow/dags/load_init_data.py
[2024-05-28 16:33:08,671] {logging_mixin.py:104} INFO - [2024-05-28 16:33:08,671] {dag.py:1818} INFO - Sync 1 DAGs
[2024-05-28 16:33:08,684] {logging_mixin.py:104} INFO - [2024-05-28 16:33:08,684] {dag.py:2273} INFO - Setting next_dagrun for load_init_data to 2024-05-24T02:00:00+00:00
[2024-05-28 16:33:08,690] {scheduler_job.py:190} INFO - Processing /opt/airflow/dags/load_init_data.py took 0.475 seconds
[2024-05-28 16:33:39,091] {scheduler_job.py:182} INFO - Started process (PID=312) to work on /opt/airflow/dags/load_init_data.py
[2024-05-28 16:33:39,101] {scheduler_job.py:629} INFO - Processing file /opt/airflow/dags/load_init_data.py for tasks to queue
[2024-05-28 16:33:39,103] {logging_mixin.py:104} INFO - [2024-05-28 16:33:39,103] {dagbag.py:448} INFO - Filling up the DagBag from /opt/airflow/dags/load_init_data.py
[2024-05-28 16:33:39,469] {scheduler_job.py:639} INFO - DAG(s) dict_keys(['load_init_data']) retrieved from /opt/airflow/dags/load_init_data.py
[2024-05-28 16:33:39,490] {logging_mixin.py:104} INFO - [2024-05-28 16:33:39,490] {dag.py:1818} INFO - Sync 1 DAGs
[2024-05-28 16:33:39,507] {logging_mixin.py:104} INFO - [2024-05-28 16:33:39,507] {dag.py:2273} INFO - Setting next_dagrun for load_init_data to 2024-05-24T02:00:00+00:00
[2024-05-28 16:33:39,517] {scheduler_job.py:190} INFO - Processing /opt/airflow/dags/load_init_data.py took 0.432 seconds
[2024-05-28 16:34:09,956] {scheduler_job.py:182} INFO - Started process (PID=322) to work on /opt/airflow/dags/load_init_data.py
[2024-05-28 16:34:09,960] {scheduler_job.py:629} INFO - Processing file /opt/airflow/dags/load_init_data.py for tasks to queue
[2024-05-28 16:34:09,962] {logging_mixin.py:104} INFO - [2024-05-28 16:34:09,961] {dagbag.py:448} INFO - Filling up the DagBag from /opt/airflow/dags/load_init_data.py
[2024-05-28 16:34:10,336] {scheduler_job.py:639} INFO - DAG(s) dict_keys(['load_init_data']) retrieved from /opt/airflow/dags/load_init_data.py
[2024-05-28 16:34:10,358] {logging_mixin.py:104} INFO - [2024-05-28 16:34:10,358] {dag.py:1818} INFO - Sync 1 DAGs
[2024-05-28 16:34:10,371] {logging_mixin.py:104} INFO - [2024-05-28 16:34:10,370] {dag.py:2273} INFO - Setting next_dagrun for load_init_data to 2024-05-24T02:00:00+00:00
[2024-05-28 16:34:10,376] {scheduler_job.py:190} INFO - Processing /opt/airflow/dags/load_init_data.py took 0.430 seconds
[2024-05-28 16:34:40,705] {scheduler_job.py:182} INFO - Started process (PID=332) to work on /opt/airflow/dags/load_init_data.py
[2024-05-28 16:34:40,707] {scheduler_job.py:629} INFO - Processing file /opt/airflow/dags/load_init_data.py for tasks to queue
[2024-05-28 16:34:40,708] {logging_mixin.py:104} INFO - [2024-05-28 16:34:40,708] {dagbag.py:448} INFO - Filling up the DagBag from /opt/airflow/dags/load_init_data.py
[2024-05-28 16:34:41,059] {scheduler_job.py:639} INFO - DAG(s) dict_keys(['load_init_data']) retrieved from /opt/airflow/dags/load_init_data.py
[2024-05-28 16:34:41,079] {logging_mixin.py:104} INFO - [2024-05-28 16:34:41,079] {dag.py:1818} INFO - Sync 1 DAGs
[2024-05-28 16:34:41,091] {logging_mixin.py:104} INFO - [2024-05-28 16:34:41,091] {dag.py:2273} INFO - Setting next_dagrun for load_init_data to 2024-05-24T02:00:00+00:00
[2024-05-28 16:34:41,097] {scheduler_job.py:190} INFO - Processing /opt/airflow/dags/load_init_data.py took 0.400 seconds
[2024-05-28 16:35:11,489] {scheduler_job.py:182} INFO - Started process (PID=342) to work on /opt/airflow/dags/load_init_data.py
[2024-05-28 16:35:11,492] {scheduler_job.py:629} INFO - Processing file /opt/airflow/dags/load_init_data.py for tasks to queue
[2024-05-28 16:35:11,493] {logging_mixin.py:104} INFO - [2024-05-28 16:35:11,493] {dagbag.py:448} INFO - Filling up the DagBag from /opt/airflow/dags/load_init_data.py
[2024-05-28 16:35:11,840] {scheduler_job.py:639} INFO - DAG(s) dict_keys(['load_init_data']) retrieved from /opt/airflow/dags/load_init_data.py
[2024-05-28 16:35:11,860] {logging_mixin.py:104} INFO - [2024-05-28 16:35:11,860] {dag.py:1818} INFO - Sync 1 DAGs
[2024-05-28 16:35:11,872] {logging_mixin.py:104} INFO - [2024-05-28 16:35:11,872] {dag.py:2273} INFO - Setting next_dagrun for load_init_data to 2024-05-24T02:00:00+00:00
[2024-05-28 16:35:11,878] {scheduler_job.py:190} INFO - Processing /opt/airflow/dags/load_init_data.py took 0.397 seconds
[2024-05-28 16:35:42,260] {scheduler_job.py:182} INFO - Started process (PID=352) to work on /opt/airflow/dags/load_init_data.py
[2024-05-28 16:35:42,262] {scheduler_job.py:629} INFO - Processing file /opt/airflow/dags/load_init_data.py for tasks to queue
[2024-05-28 16:35:42,263] {logging_mixin.py:104} INFO - [2024-05-28 16:35:42,263] {dagbag.py:448} INFO - Filling up the DagBag from /opt/airflow/dags/load_init_data.py
[2024-05-28 16:35:42,644] {scheduler_job.py:639} INFO - DAG(s) dict_keys(['load_init_data']) retrieved from /opt/airflow/dags/load_init_data.py
[2024-05-28 16:35:42,671] {logging_mixin.py:104} INFO - [2024-05-28 16:35:42,671] {dag.py:1818} INFO - Sync 1 DAGs
[2024-05-28 16:35:42,684] {logging_mixin.py:104} INFO - [2024-05-28 16:35:42,684] {dag.py:2273} INFO - Setting next_dagrun for load_init_data to 2024-05-24T02:00:00+00:00
[2024-05-28 16:35:42,690] {scheduler_job.py:190} INFO - Processing /opt/airflow/dags/load_init_data.py took 0.437 seconds
[2024-05-28 16:36:13,090] {scheduler_job.py:182} INFO - Started process (PID=362) to work on /opt/airflow/dags/load_init_data.py
[2024-05-28 16:36:13,092] {scheduler_job.py:629} INFO - Processing file /opt/airflow/dags/load_init_data.py for tasks to queue
[2024-05-28 16:36:13,093] {logging_mixin.py:104} INFO - [2024-05-28 16:36:13,093] {dagbag.py:448} INFO - Filling up the DagBag from /opt/airflow/dags/load_init_data.py
[2024-05-28 16:36:13,464] {scheduler_job.py:639} INFO - DAG(s) dict_keys(['load_init_data']) retrieved from /opt/airflow/dags/load_init_data.py
[2024-05-28 16:36:13,488] {logging_mixin.py:104} INFO - [2024-05-28 16:36:13,487] {dag.py:1818} INFO - Sync 1 DAGs
[2024-05-28 16:36:13,505] {logging_mixin.py:104} INFO - [2024-05-28 16:36:13,505] {dag.py:2273} INFO - Setting next_dagrun for load_init_data to 2024-05-24T02:00:00+00:00
[2024-05-28 16:36:13,519] {scheduler_job.py:190} INFO - Processing /opt/airflow/dags/load_init_data.py took 0.435 seconds
[2024-05-28 16:36:43,861] {scheduler_job.py:182} INFO - Started process (PID=372) to work on /opt/airflow/dags/load_init_data.py
[2024-05-28 16:36:43,866] {scheduler_job.py:629} INFO - Processing file /opt/airflow/dags/load_init_data.py for tasks to queue
[2024-05-28 16:36:43,868] {logging_mixin.py:104} INFO - [2024-05-28 16:36:43,868] {dagbag.py:448} INFO - Filling up the DagBag from /opt/airflow/dags/load_init_data.py
[2024-05-28 16:36:44,304] {scheduler_job.py:639} INFO - DAG(s) dict_keys(['load_init_data']) retrieved from /opt/airflow/dags/load_init_data.py
[2024-05-28 16:36:44,359] {logging_mixin.py:104} INFO - [2024-05-28 16:36:44,359] {dag.py:1818} INFO - Sync 1 DAGs
[2024-05-28 16:36:44,379] {logging_mixin.py:104} INFO - [2024-05-28 16:36:44,379] {dag.py:2273} INFO - Setting next_dagrun for load_init_data to 2024-05-24T02:00:00+00:00
[2024-05-28 16:36:44,386] {scheduler_job.py:190} INFO - Processing /opt/airflow/dags/load_init_data.py took 0.535 seconds
[2024-05-28 16:41:05,795] {scheduler_job.py:182} INFO - Started process (PID=382) to work on /opt/airflow/dags/load_init_data.py
[2024-05-28 16:41:05,799] {scheduler_job.py:629} INFO - Processing file /opt/airflow/dags/load_init_data.py for tasks to queue
[2024-05-28 16:41:05,801] {logging_mixin.py:104} INFO - [2024-05-28 16:41:05,801] {dagbag.py:448} INFO - Filling up the DagBag from /opt/airflow/dags/load_init_data.py
[2024-05-28 16:41:06,218] {scheduler_job.py:639} INFO - DAG(s) dict_keys(['load_init_data']) retrieved from /opt/airflow/dags/load_init_data.py
[2024-05-28 16:41:06,243] {logging_mixin.py:104} INFO - [2024-05-28 16:41:06,243] {dag.py:1818} INFO - Sync 1 DAGs
[2024-05-28 16:41:06,257] {logging_mixin.py:104} INFO - [2024-05-28 16:41:06,257] {dag.py:2273} INFO - Setting next_dagrun for load_init_data to 2024-05-24T02:00:00+00:00
[2024-05-28 16:41:06,263] {scheduler_job.py:190} INFO - Processing /opt/airflow/dags/load_init_data.py took 0.473 seconds
[2024-05-28 16:55:23,804] {scheduler_job.py:182} INFO - Started process (PID=392) to work on /opt/airflow/dags/load_init_data.py
[2024-05-28 16:55:23,812] {scheduler_job.py:629} INFO - Processing file /opt/airflow/dags/load_init_data.py for tasks to queue
[2024-05-28 16:55:23,814] {logging_mixin.py:104} INFO - [2024-05-28 16:55:23,814] {dagbag.py:448} INFO - Filling up the DagBag from /opt/airflow/dags/load_init_data.py
[2024-05-28 16:55:24,445] {scheduler_job.py:639} INFO - DAG(s) dict_keys(['load_init_data']) retrieved from /opt/airflow/dags/load_init_data.py
[2024-05-28 16:55:24,470] {logging_mixin.py:104} INFO - [2024-05-28 16:55:24,470] {dag.py:1818} INFO - Sync 1 DAGs
[2024-05-28 16:55:24,483] {logging_mixin.py:104} INFO - [2024-05-28 16:55:24,483] {dag.py:2273} INFO - Setting next_dagrun for load_init_data to 2024-05-24T02:00:00+00:00
[2024-05-28 16:55:24,489] {scheduler_job.py:190} INFO - Processing /opt/airflow/dags/load_init_data.py took 0.693 seconds
[2024-05-28 16:55:54,734] {scheduler_job.py:182} INFO - Started process (PID=402) to work on /opt/airflow/dags/load_init_data.py
[2024-05-28 16:55:54,736] {scheduler_job.py:629} INFO - Processing file /opt/airflow/dags/load_init_data.py for tasks to queue
[2024-05-28 16:55:54,737] {logging_mixin.py:104} INFO - [2024-05-28 16:55:54,736] {dagbag.py:448} INFO - Filling up the DagBag from /opt/airflow/dags/load_init_data.py
[2024-05-28 16:55:55,105] {scheduler_job.py:639} INFO - DAG(s) dict_keys(['load_init_data']) retrieved from /opt/airflow/dags/load_init_data.py
[2024-05-28 16:55:55,126] {logging_mixin.py:104} INFO - [2024-05-28 16:55:55,126] {dag.py:1818} INFO - Sync 1 DAGs
[2024-05-28 16:55:55,139] {logging_mixin.py:104} INFO - [2024-05-28 16:55:55,139] {dag.py:2273} INFO - Setting next_dagrun for load_init_data to 2024-05-24T02:00:00+00:00
[2024-05-28 16:55:55,145] {scheduler_job.py:190} INFO - Processing /opt/airflow/dags/load_init_data.py took 0.415 seconds
[2024-05-28 16:56:25,481] {scheduler_job.py:182} INFO - Started process (PID=412) to work on /opt/airflow/dags/load_init_data.py
[2024-05-28 16:56:25,483] {scheduler_job.py:629} INFO - Processing file /opt/airflow/dags/load_init_data.py for tasks to queue
[2024-05-28 16:56:25,484] {logging_mixin.py:104} INFO - [2024-05-28 16:56:25,484] {dagbag.py:448} INFO - Filling up the DagBag from /opt/airflow/dags/load_init_data.py
[2024-05-28 16:56:25,786] {scheduler_job.py:639} INFO - DAG(s) dict_keys(['load_init_data']) retrieved from /opt/airflow/dags/load_init_data.py
[2024-05-28 16:56:25,801] {logging_mixin.py:104} INFO - [2024-05-28 16:56:25,801] {dag.py:1818} INFO - Sync 1 DAGs
[2024-05-28 16:56:25,812] {logging_mixin.py:104} INFO - [2024-05-28 16:56:25,812] {dag.py:2273} INFO - Setting next_dagrun for load_init_data to 2024-05-24T02:00:00+00:00
[2024-05-28 16:56:25,817] {scheduler_job.py:190} INFO - Processing /opt/airflow/dags/load_init_data.py took 0.340 seconds
[2024-05-28 16:56:56,142] {scheduler_job.py:182} INFO - Started process (PID=422) to work on /opt/airflow/dags/load_init_data.py
[2024-05-28 16:56:56,143] {scheduler_job.py:629} INFO - Processing file /opt/airflow/dags/load_init_data.py for tasks to queue
[2024-05-28 16:56:56,146] {logging_mixin.py:104} INFO - [2024-05-28 16:56:56,146] {dagbag.py:448} INFO - Filling up the DagBag from /opt/airflow/dags/load_init_data.py
[2024-05-28 16:56:56,564] {scheduler_job.py:639} INFO - DAG(s) dict_keys(['load_init_data']) retrieved from /opt/airflow/dags/load_init_data.py
[2024-05-28 16:56:56,590] {logging_mixin.py:104} INFO - [2024-05-28 16:56:56,590] {dag.py:1818} INFO - Sync 1 DAGs
[2024-05-28 16:56:56,622] {logging_mixin.py:104} INFO - [2024-05-28 16:56:56,621] {dag.py:2273} INFO - Setting next_dagrun for load_init_data to 2024-05-24T02:00:00+00:00
[2024-05-28 16:56:56,632] {scheduler_job.py:190} INFO - Processing /opt/airflow/dags/load_init_data.py took 0.494 seconds
[2024-05-28 16:57:26,890] {scheduler_job.py:182} INFO - Started process (PID=432) to work on /opt/airflow/dags/load_init_data.py
[2024-05-28 16:57:26,892] {scheduler_job.py:629} INFO - Processing file /opt/airflow/dags/load_init_data.py for tasks to queue
[2024-05-28 16:57:26,894] {logging_mixin.py:104} INFO - [2024-05-28 16:57:26,894] {dagbag.py:448} INFO - Filling up the DagBag from /opt/airflow/dags/load_init_data.py
[2024-05-28 16:57:27,317] {scheduler_job.py:639} INFO - DAG(s) dict_keys(['load_init_data']) retrieved from /opt/airflow/dags/load_init_data.py
[2024-05-28 16:57:27,353] {logging_mixin.py:104} INFO - [2024-05-28 16:57:27,353] {dag.py:1818} INFO - Sync 1 DAGs
[2024-05-28 16:57:27,370] {logging_mixin.py:104} INFO - [2024-05-28 16:57:27,369] {dag.py:2273} INFO - Setting next_dagrun for load_init_data to 2024-05-24T02:00:00+00:00
[2024-05-28 16:57:27,379] {scheduler_job.py:190} INFO - Processing /opt/airflow/dags/load_init_data.py took 0.493 seconds
[2024-05-28 16:57:57,657] {scheduler_job.py:182} INFO - Started process (PID=442) to work on /opt/airflow/dags/load_init_data.py
[2024-05-28 16:57:57,658] {scheduler_job.py:629} INFO - Processing file /opt/airflow/dags/load_init_data.py for tasks to queue
[2024-05-28 16:57:57,659] {logging_mixin.py:104} INFO - [2024-05-28 16:57:57,659] {dagbag.py:448} INFO - Filling up the DagBag from /opt/airflow/dags/load_init_data.py
[2024-05-28 16:57:58,010] {scheduler_job.py:639} INFO - DAG(s) dict_keys(['load_init_data']) retrieved from /opt/airflow/dags/load_init_data.py
[2024-05-28 16:57:58,030] {logging_mixin.py:104} INFO - [2024-05-28 16:57:58,029] {dag.py:1818} INFO - Sync 1 DAGs
[2024-05-28 16:57:58,044] {logging_mixin.py:104} INFO - [2024-05-28 16:57:58,044] {dag.py:2273} INFO - Setting next_dagrun for load_init_data to 2024-05-24T02:00:00+00:00
[2024-05-28 16:57:58,049] {scheduler_job.py:190} INFO - Processing /opt/airflow/dags/load_init_data.py took 0.398 seconds
[2024-05-28 16:58:28,384] {scheduler_job.py:182} INFO - Started process (PID=452) to work on /opt/airflow/dags/load_init_data.py
[2024-05-28 16:58:28,385] {scheduler_job.py:629} INFO - Processing file /opt/airflow/dags/load_init_data.py for tasks to queue
[2024-05-28 16:58:28,387] {logging_mixin.py:104} INFO - [2024-05-28 16:58:28,386] {dagbag.py:448} INFO - Filling up the DagBag from /opt/airflow/dags/load_init_data.py
[2024-05-28 16:58:28,693] {scheduler_job.py:639} INFO - DAG(s) dict_keys(['load_init_data']) retrieved from /opt/airflow/dags/load_init_data.py
[2024-05-28 16:58:28,710] {logging_mixin.py:104} INFO - [2024-05-28 16:58:28,710] {dag.py:1818} INFO - Sync 1 DAGs
[2024-05-28 16:58:28,721] {logging_mixin.py:104} INFO - [2024-05-28 16:58:28,721] {dag.py:2273} INFO - Setting next_dagrun for load_init_data to 2024-05-24T02:00:00+00:00
[2024-05-28 16:58:28,727] {scheduler_job.py:190} INFO - Processing /opt/airflow/dags/load_init_data.py took 0.349 seconds
[2024-05-28 16:58:58,996] {scheduler_job.py:182} INFO - Started process (PID=462) to work on /opt/airflow/dags/load_init_data.py
[2024-05-28 16:58:58,999] {scheduler_job.py:629} INFO - Processing file /opt/airflow/dags/load_init_data.py for tasks to queue
[2024-05-28 16:58:59,000] {logging_mixin.py:104} INFO - [2024-05-28 16:58:59,000] {dagbag.py:448} INFO - Filling up the DagBag from /opt/airflow/dags/load_init_data.py
[2024-05-28 16:58:59,348] {scheduler_job.py:639} INFO - DAG(s) dict_keys(['load_init_data']) retrieved from /opt/airflow/dags/load_init_data.py
[2024-05-28 16:58:59,371] {logging_mixin.py:104} INFO - [2024-05-28 16:58:59,371] {dag.py:1818} INFO - Sync 1 DAGs
[2024-05-28 16:58:59,388] {logging_mixin.py:104} INFO - [2024-05-28 16:58:59,387] {dag.py:2273} INFO - Setting next_dagrun for load_init_data to 2024-05-24T02:00:00+00:00
[2024-05-28 16:58:59,394] {scheduler_job.py:190} INFO - Processing /opt/airflow/dags/load_init_data.py took 0.405 seconds
[2024-05-28 16:59:29,753] {scheduler_job.py:182} INFO - Started process (PID=472) to work on /opt/airflow/dags/load_init_data.py
[2024-05-28 16:59:29,755] {scheduler_job.py:629} INFO - Processing file /opt/airflow/dags/load_init_data.py for tasks to queue
[2024-05-28 16:59:29,757] {logging_mixin.py:104} INFO - [2024-05-28 16:59:29,757] {dagbag.py:448} INFO - Filling up the DagBag from /opt/airflow/dags/load_init_data.py
[2024-05-28 16:59:30,103] {scheduler_job.py:639} INFO - DAG(s) dict_keys(['load_init_data']) retrieved from /opt/airflow/dags/load_init_data.py
[2024-05-28 16:59:30,128] {logging_mixin.py:104} INFO - [2024-05-28 16:59:30,128] {dag.py:1818} INFO - Sync 1 DAGs
[2024-05-28 16:59:30,143] {logging_mixin.py:104} INFO - [2024-05-28 16:59:30,143] {dag.py:2273} INFO - Setting next_dagrun for load_init_data to 2024-05-24T02:00:00+00:00
[2024-05-28 16:59:30,149] {scheduler_job.py:190} INFO - Processing /opt/airflow/dags/load_init_data.py took 0.402 seconds
[2024-05-28 17:00:00,499] {scheduler_job.py:182} INFO - Started process (PID=482) to work on /opt/airflow/dags/load_init_data.py
[2024-05-28 17:00:00,502] {scheduler_job.py:629} INFO - Processing file /opt/airflow/dags/load_init_data.py for tasks to queue
[2024-05-28 17:00:00,505] {logging_mixin.py:104} INFO - [2024-05-28 17:00:00,504] {dagbag.py:448} INFO - Filling up the DagBag from /opt/airflow/dags/load_init_data.py
[2024-05-28 17:00:00,882] {scheduler_job.py:639} INFO - DAG(s) dict_keys(['load_init_data']) retrieved from /opt/airflow/dags/load_init_data.py
[2024-05-28 17:00:00,905] {logging_mixin.py:104} INFO - [2024-05-28 17:00:00,905] {dag.py:1818} INFO - Sync 1 DAGs
[2024-05-28 17:00:00,923] {logging_mixin.py:104} INFO - [2024-05-28 17:00:00,923] {dag.py:2273} INFO - Setting next_dagrun for load_init_data to 2024-05-24T02:00:00+00:00
[2024-05-28 17:00:00,930] {scheduler_job.py:190} INFO - Processing /opt/airflow/dags/load_init_data.py took 0.439 seconds
[2024-05-28 17:00:31,385] {scheduler_job.py:182} INFO - Started process (PID=492) to work on /opt/airflow/dags/load_init_data.py
[2024-05-28 17:00:31,388] {scheduler_job.py:629} INFO - Processing file /opt/airflow/dags/load_init_data.py for tasks to queue
[2024-05-28 17:00:31,389] {logging_mixin.py:104} INFO - [2024-05-28 17:00:31,389] {dagbag.py:448} INFO - Filling up the DagBag from /opt/airflow/dags/load_init_data.py
[2024-05-28 17:00:31,756] {scheduler_job.py:639} INFO - DAG(s) dict_keys(['load_init_data']) retrieved from /opt/airflow/dags/load_init_data.py
[2024-05-28 17:00:31,780] {logging_mixin.py:104} INFO - [2024-05-28 17:00:31,780] {dag.py:1818} INFO - Sync 1 DAGs
[2024-05-28 17:00:31,793] {logging_mixin.py:104} INFO - [2024-05-28 17:00:31,793] {dag.py:2273} INFO - Setting next_dagrun for load_init_data to 2024-05-24T02:00:00+00:00
[2024-05-28 17:00:31,799] {scheduler_job.py:190} INFO - Processing /opt/airflow/dags/load_init_data.py took 0.419 seconds
[2024-05-28 17:01:02,106] {scheduler_job.py:182} INFO - Started process (PID=502) to work on /opt/airflow/dags/load_init_data.py
[2024-05-28 17:01:02,110] {scheduler_job.py:629} INFO - Processing file /opt/airflow/dags/load_init_data.py for tasks to queue
[2024-05-28 17:01:02,112] {logging_mixin.py:104} INFO - [2024-05-28 17:01:02,112] {dagbag.py:448} INFO - Filling up the DagBag from /opt/airflow/dags/load_init_data.py
[2024-05-28 17:01:02,474] {scheduler_job.py:639} INFO - DAG(s) dict_keys(['load_init_data']) retrieved from /opt/airflow/dags/load_init_data.py
[2024-05-28 17:01:02,498] {logging_mixin.py:104} INFO - [2024-05-28 17:01:02,498] {dag.py:1818} INFO - Sync 1 DAGs
[2024-05-28 17:01:02,516] {logging_mixin.py:104} INFO - [2024-05-28 17:01:02,516] {dag.py:2273} INFO - Setting next_dagrun for load_init_data to 2024-05-24T02:00:00+00:00
[2024-05-28 17:01:02,522] {scheduler_job.py:190} INFO - Processing /opt/airflow/dags/load_init_data.py took 0.423 seconds
[2024-05-28 17:01:32,844] {scheduler_job.py:182} INFO - Started process (PID=512) to work on /opt/airflow/dags/load_init_data.py
[2024-05-28 17:01:32,845] {scheduler_job.py:629} INFO - Processing file /opt/airflow/dags/load_init_data.py for tasks to queue
[2024-05-28 17:01:32,847] {logging_mixin.py:104} INFO - [2024-05-28 17:01:32,846] {dagbag.py:448} INFO - Filling up the DagBag from /opt/airflow/dags/load_init_data.py
[2024-05-28 17:01:33,150] {scheduler_job.py:639} INFO - DAG(s) dict_keys(['load_init_data']) retrieved from /opt/airflow/dags/load_init_data.py
[2024-05-28 17:01:33,167] {logging_mixin.py:104} INFO - [2024-05-28 17:01:33,167] {dag.py:1818} INFO - Sync 1 DAGs
[2024-05-28 17:01:33,179] {logging_mixin.py:104} INFO - [2024-05-28 17:01:33,179] {dag.py:2273} INFO - Setting next_dagrun for load_init_data to 2024-05-24T02:00:00+00:00
[2024-05-28 17:01:33,184] {scheduler_job.py:190} INFO - Processing /opt/airflow/dags/load_init_data.py took 0.345 seconds
[2024-05-28 17:02:03,489] {scheduler_job.py:182} INFO - Started process (PID=522) to work on /opt/airflow/dags/load_init_data.py
[2024-05-28 17:02:03,491] {scheduler_job.py:629} INFO - Processing file /opt/airflow/dags/load_init_data.py for tasks to queue
[2024-05-28 17:02:03,492] {logging_mixin.py:104} INFO - [2024-05-28 17:02:03,492] {dagbag.py:448} INFO - Filling up the DagBag from /opt/airflow/dags/load_init_data.py
[2024-05-28 17:02:03,844] {scheduler_job.py:639} INFO - DAG(s) dict_keys(['load_init_data']) retrieved from /opt/airflow/dags/load_init_data.py
[2024-05-28 17:02:03,864] {logging_mixin.py:104} INFO - [2024-05-28 17:02:03,864] {dag.py:1818} INFO - Sync 1 DAGs
[2024-05-28 17:02:03,878] {logging_mixin.py:104} INFO - [2024-05-28 17:02:03,878] {dag.py:2273} INFO - Setting next_dagrun for load_init_data to 2024-05-24T02:00:00+00:00
[2024-05-28 17:02:03,884] {scheduler_job.py:190} INFO - Processing /opt/airflow/dags/load_init_data.py took 0.402 seconds
[2024-05-28 17:02:34,199] {scheduler_job.py:182} INFO - Started process (PID=532) to work on /opt/airflow/dags/load_init_data.py
[2024-05-28 17:02:34,201] {scheduler_job.py:629} INFO - Processing file /opt/airflow/dags/load_init_data.py for tasks to queue
[2024-05-28 17:02:34,202] {logging_mixin.py:104} INFO - [2024-05-28 17:02:34,202] {dagbag.py:448} INFO - Filling up the DagBag from /opt/airflow/dags/load_init_data.py
[2024-05-28 17:02:34,504] {scheduler_job.py:639} INFO - DAG(s) dict_keys(['load_init_data']) retrieved from /opt/airflow/dags/load_init_data.py
[2024-05-28 17:02:34,519] {logging_mixin.py:104} INFO - [2024-05-28 17:02:34,519] {dag.py:1818} INFO - Sync 1 DAGs
[2024-05-28 17:02:34,530] {logging_mixin.py:104} INFO - [2024-05-28 17:02:34,530] {dag.py:2273} INFO - Setting next_dagrun for load_init_data to 2024-05-24T02:00:00+00:00
[2024-05-28 17:02:34,543] {scheduler_job.py:190} INFO - Processing /opt/airflow/dags/load_init_data.py took 0.349 seconds
[2024-05-28 17:03:04,807] {scheduler_job.py:182} INFO - Started process (PID=542) to work on /opt/airflow/dags/load_init_data.py
[2024-05-28 17:03:04,810] {scheduler_job.py:629} INFO - Processing file /opt/airflow/dags/load_init_data.py for tasks to queue
[2024-05-28 17:03:04,811] {logging_mixin.py:104} INFO - [2024-05-28 17:03:04,811] {dagbag.py:448} INFO - Filling up the DagBag from /opt/airflow/dags/load_init_data.py
[2024-05-28 17:03:05,179] {scheduler_job.py:639} INFO - DAG(s) dict_keys(['load_init_data']) retrieved from /opt/airflow/dags/load_init_data.py
[2024-05-28 17:03:05,200] {logging_mixin.py:104} INFO - [2024-05-28 17:03:05,200] {dag.py:1818} INFO - Sync 1 DAGs
[2024-05-28 17:03:05,217] {logging_mixin.py:104} INFO - [2024-05-28 17:03:05,217] {dag.py:2273} INFO - Setting next_dagrun for load_init_data to 2024-05-24T02:00:00+00:00
[2024-05-28 17:03:05,224] {scheduler_job.py:190} INFO - Processing /opt/airflow/dags/load_init_data.py took 0.425 seconds
[2024-05-28 17:03:35,581] {scheduler_job.py:182} INFO - Started process (PID=552) to work on /opt/airflow/dags/load_init_data.py
[2024-05-28 17:03:35,583] {scheduler_job.py:629} INFO - Processing file /opt/airflow/dags/load_init_data.py for tasks to queue
[2024-05-28 17:03:35,584] {logging_mixin.py:104} INFO - [2024-05-28 17:03:35,584] {dagbag.py:448} INFO - Filling up the DagBag from /opt/airflow/dags/load_init_data.py
[2024-05-28 17:03:35,898] {scheduler_job.py:639} INFO - DAG(s) dict_keys(['load_init_data']) retrieved from /opt/airflow/dags/load_init_data.py
[2024-05-28 17:03:35,913] {logging_mixin.py:104} INFO - [2024-05-28 17:03:35,913] {dag.py:1818} INFO - Sync 1 DAGs
[2024-05-28 17:03:35,926] {logging_mixin.py:104} INFO - [2024-05-28 17:03:35,925] {dag.py:2273} INFO - Setting next_dagrun for load_init_data to 2024-05-24T02:00:00+00:00
[2024-05-28 17:03:35,932] {scheduler_job.py:190} INFO - Processing /opt/airflow/dags/load_init_data.py took 0.357 seconds
[2024-05-28 17:04:06,264] {scheduler_job.py:182} INFO - Started process (PID=562) to work on /opt/airflow/dags/load_init_data.py
[2024-05-28 17:04:06,268] {scheduler_job.py:629} INFO - Processing file /opt/airflow/dags/load_init_data.py for tasks to queue
[2024-05-28 17:04:06,272] {logging_mixin.py:104} INFO - [2024-05-28 17:04:06,272] {dagbag.py:448} INFO - Filling up the DagBag from /opt/airflow/dags/load_init_data.py
[2024-05-28 17:04:06,652] {scheduler_job.py:639} INFO - DAG(s) dict_keys(['load_init_data']) retrieved from /opt/airflow/dags/load_init_data.py
[2024-05-28 17:04:06,679] {logging_mixin.py:104} INFO - [2024-05-28 17:04:06,679] {dag.py:1818} INFO - Sync 1 DAGs
[2024-05-28 17:04:06,696] {logging_mixin.py:104} INFO - [2024-05-28 17:04:06,696] {dag.py:2273} INFO - Setting next_dagrun for load_init_data to 2024-05-24T02:00:00+00:00
[2024-05-28 17:04:06,705] {scheduler_job.py:190} INFO - Processing /opt/airflow/dags/load_init_data.py took 0.447 seconds
[2024-05-28 17:04:36,919] {scheduler_job.py:182} INFO - Started process (PID=572) to work on /opt/airflow/dags/load_init_data.py
[2024-05-28 17:04:36,921] {scheduler_job.py:629} INFO - Processing file /opt/airflow/dags/load_init_data.py for tasks to queue
[2024-05-28 17:04:36,922] {logging_mixin.py:104} INFO - [2024-05-28 17:04:36,922] {dagbag.py:448} INFO - Filling up the DagBag from /opt/airflow/dags/load_init_data.py
[2024-05-28 17:04:37,233] {scheduler_job.py:639} INFO - DAG(s) dict_keys(['load_init_data']) retrieved from /opt/airflow/dags/load_init_data.py
[2024-05-28 17:04:37,250] {logging_mixin.py:104} INFO - [2024-05-28 17:04:37,250] {dag.py:1818} INFO - Sync 1 DAGs
[2024-05-28 17:04:37,263] {logging_mixin.py:104} INFO - [2024-05-28 17:04:37,263] {dag.py:2273} INFO - Setting next_dagrun for load_init_data to 2024-05-24T02:00:00+00:00
[2024-05-28 17:04:37,269] {scheduler_job.py:190} INFO - Processing /opt/airflow/dags/load_init_data.py took 0.355 seconds
[2024-05-28 17:05:07,536] {scheduler_job.py:182} INFO - Started process (PID=582) to work on /opt/airflow/dags/load_init_data.py
[2024-05-28 17:05:07,539] {scheduler_job.py:629} INFO - Processing file /opt/airflow/dags/load_init_data.py for tasks to queue
[2024-05-28 17:05:07,540] {logging_mixin.py:104} INFO - [2024-05-28 17:05:07,540] {dagbag.py:448} INFO - Filling up the DagBag from /opt/airflow/dags/load_init_data.py
[2024-05-28 17:05:07,904] {scheduler_job.py:639} INFO - DAG(s) dict_keys(['load_init_data']) retrieved from /opt/airflow/dags/load_init_data.py
[2024-05-28 17:05:07,927] {logging_mixin.py:104} INFO - [2024-05-28 17:05:07,927] {dag.py:1818} INFO - Sync 1 DAGs
[2024-05-28 17:05:07,943] {logging_mixin.py:104} INFO - [2024-05-28 17:05:07,943] {dag.py:2273} INFO - Setting next_dagrun for load_init_data to 2024-05-24T02:00:00+00:00
[2024-05-28 17:05:07,953] {scheduler_job.py:190} INFO - Processing /opt/airflow/dags/load_init_data.py took 0.425 seconds
[2024-05-28 17:05:38,324] {scheduler_job.py:182} INFO - Started process (PID=592) to work on /opt/airflow/dags/load_init_data.py
[2024-05-28 17:05:38,326] {scheduler_job.py:629} INFO - Processing file /opt/airflow/dags/load_init_data.py for tasks to queue
[2024-05-28 17:05:38,327] {logging_mixin.py:104} INFO - [2024-05-28 17:05:38,327] {dagbag.py:448} INFO - Filling up the DagBag from /opt/airflow/dags/load_init_data.py
[2024-05-28 17:05:38,642] {scheduler_job.py:639} INFO - DAG(s) dict_keys(['load_init_data']) retrieved from /opt/airflow/dags/load_init_data.py
[2024-05-28 17:05:38,662] {logging_mixin.py:104} INFO - [2024-05-28 17:05:38,662] {dag.py:1818} INFO - Sync 1 DAGs
[2024-05-28 17:05:38,674] {logging_mixin.py:104} INFO - [2024-05-28 17:05:38,674] {dag.py:2273} INFO - Setting next_dagrun for load_init_data to 2024-05-24T02:00:00+00:00
[2024-05-28 17:05:38,680] {scheduler_job.py:190} INFO - Processing /opt/airflow/dags/load_init_data.py took 0.363 seconds
[2024-05-28 17:06:09,079] {scheduler_job.py:182} INFO - Started process (PID=602) to work on /opt/airflow/dags/load_init_data.py
[2024-05-28 17:06:09,083] {scheduler_job.py:629} INFO - Processing file /opt/airflow/dags/load_init_data.py for tasks to queue
[2024-05-28 17:06:09,084] {logging_mixin.py:104} INFO - [2024-05-28 17:06:09,084] {dagbag.py:448} INFO - Filling up the DagBag from /opt/airflow/dags/load_init_data.py
[2024-05-28 17:06:09,441] {scheduler_job.py:639} INFO - DAG(s) dict_keys(['load_init_data']) retrieved from /opt/airflow/dags/load_init_data.py
[2024-05-28 17:06:09,464] {logging_mixin.py:104} INFO - [2024-05-28 17:06:09,463] {dag.py:1818} INFO - Sync 1 DAGs
[2024-05-28 17:06:09,478] {logging_mixin.py:104} INFO - [2024-05-28 17:06:09,478] {dag.py:2273} INFO - Setting next_dagrun for load_init_data to 2024-05-24T02:00:00+00:00
[2024-05-28 17:06:09,485] {scheduler_job.py:190} INFO - Processing /opt/airflow/dags/load_init_data.py took 0.413 seconds
[2024-05-28 17:06:39,798] {scheduler_job.py:182} INFO - Started process (PID=612) to work on /opt/airflow/dags/load_init_data.py
[2024-05-28 17:06:39,800] {scheduler_job.py:629} INFO - Processing file /opt/airflow/dags/load_init_data.py for tasks to queue
[2024-05-28 17:06:39,802] {logging_mixin.py:104} INFO - [2024-05-28 17:06:39,801] {dagbag.py:448} INFO - Filling up the DagBag from /opt/airflow/dags/load_init_data.py
[2024-05-28 17:06:40,114] {scheduler_job.py:639} INFO - DAG(s) dict_keys(['load_init_data']) retrieved from /opt/airflow/dags/load_init_data.py
[2024-05-28 17:06:40,133] {logging_mixin.py:104} INFO - [2024-05-28 17:06:40,133] {dag.py:1818} INFO - Sync 1 DAGs
[2024-05-28 17:06:40,145] {logging_mixin.py:104} INFO - [2024-05-28 17:06:40,145] {dag.py:2273} INFO - Setting next_dagrun for load_init_data to 2024-05-24T02:00:00+00:00
[2024-05-28 17:06:40,152] {scheduler_job.py:190} INFO - Processing /opt/airflow/dags/load_init_data.py took 0.360 seconds
[2024-05-28 17:07:10,583] {scheduler_job.py:182} INFO - Started process (PID=622) to work on /opt/airflow/dags/load_init_data.py
[2024-05-28 17:07:10,585] {scheduler_job.py:629} INFO - Processing file /opt/airflow/dags/load_init_data.py for tasks to queue
[2024-05-28 17:07:10,586] {logging_mixin.py:104} INFO - [2024-05-28 17:07:10,586] {dagbag.py:448} INFO - Filling up the DagBag from /opt/airflow/dags/load_init_data.py
[2024-05-28 17:07:10,945] {scheduler_job.py:639} INFO - DAG(s) dict_keys(['load_init_data']) retrieved from /opt/airflow/dags/load_init_data.py
[2024-05-28 17:07:10,969] {logging_mixin.py:104} INFO - [2024-05-28 17:07:10,969] {dag.py:1818} INFO - Sync 1 DAGs
[2024-05-28 17:07:10,984] {logging_mixin.py:104} INFO - [2024-05-28 17:07:10,984] {dag.py:2273} INFO - Setting next_dagrun for load_init_data to 2024-05-24T02:00:00+00:00
[2024-05-28 17:07:10,990] {scheduler_job.py:190} INFO - Processing /opt/airflow/dags/load_init_data.py took 0.415 seconds
[2024-05-28 17:07:41,354] {scheduler_job.py:182} INFO - Started process (PID=632) to work on /opt/airflow/dags/load_init_data.py
[2024-05-28 17:07:41,356] {scheduler_job.py:629} INFO - Processing file /opt/airflow/dags/load_init_data.py for tasks to queue
[2024-05-28 17:07:41,358] {logging_mixin.py:104} INFO - [2024-05-28 17:07:41,358] {dagbag.py:448} INFO - Filling up the DagBag from /opt/airflow/dags/load_init_data.py
[2024-05-28 17:07:41,768] {scheduler_job.py:639} INFO - DAG(s) dict_keys(['load_init_data']) retrieved from /opt/airflow/dags/load_init_data.py
[2024-05-28 17:07:41,806] {logging_mixin.py:104} INFO - [2024-05-28 17:07:41,805] {dag.py:1818} INFO - Sync 1 DAGs
[2024-05-28 17:07:41,828] {logging_mixin.py:104} INFO - [2024-05-28 17:07:41,827] {dag.py:2273} INFO - Setting next_dagrun for load_init_data to 2024-05-24T02:00:00+00:00
[2024-05-28 17:07:41,835] {scheduler_job.py:190} INFO - Processing /opt/airflow/dags/load_init_data.py took 0.489 seconds
[2024-05-28 17:08:12,039] {scheduler_job.py:182} INFO - Started process (PID=642) to work on /opt/airflow/dags/load_init_data.py
[2024-05-28 17:08:12,041] {scheduler_job.py:629} INFO - Processing file /opt/airflow/dags/load_init_data.py for tasks to queue
[2024-05-28 17:08:12,042] {logging_mixin.py:104} INFO - [2024-05-28 17:08:12,042] {dagbag.py:448} INFO - Filling up the DagBag from /opt/airflow/dags/load_init_data.py
[2024-05-28 17:08:12,437] {scheduler_job.py:639} INFO - DAG(s) dict_keys(['load_init_data']) retrieved from /opt/airflow/dags/load_init_data.py
[2024-05-28 17:08:12,468] {logging_mixin.py:104} INFO - [2024-05-28 17:08:12,468] {dag.py:1818} INFO - Sync 1 DAGs
[2024-05-28 17:08:12,483] {logging_mixin.py:104} INFO - [2024-05-28 17:08:12,483] {dag.py:2273} INFO - Setting next_dagrun for load_init_data to 2024-05-24T02:00:00+00:00
[2024-05-28 17:08:12,490] {scheduler_job.py:190} INFO - Processing /opt/airflow/dags/load_init_data.py took 0.456 seconds
[2024-05-28 17:08:42,867] {scheduler_job.py:182} INFO - Started process (PID=652) to work on /opt/airflow/dags/load_init_data.py
[2024-05-28 17:08:42,869] {scheduler_job.py:629} INFO - Processing file /opt/airflow/dags/load_init_data.py for tasks to queue
[2024-05-28 17:08:42,870] {logging_mixin.py:104} INFO - [2024-05-28 17:08:42,870] {dagbag.py:448} INFO - Filling up the DagBag from /opt/airflow/dags/load_init_data.py
[2024-05-28 17:08:43,208] {scheduler_job.py:639} INFO - DAG(s) dict_keys(['load_init_data']) retrieved from /opt/airflow/dags/load_init_data.py
[2024-05-28 17:08:43,230] {logging_mixin.py:104} INFO - [2024-05-28 17:08:43,230] {dag.py:1818} INFO - Sync 1 DAGs
[2024-05-28 17:08:43,250] {logging_mixin.py:104} INFO - [2024-05-28 17:08:43,250] {dag.py:2273} INFO - Setting next_dagrun for load_init_data to 2024-05-24T02:00:00+00:00
[2024-05-28 17:08:43,256] {scheduler_job.py:190} INFO - Processing /opt/airflow/dags/load_init_data.py took 0.397 seconds
[2024-05-28 17:09:13,583] {scheduler_job.py:182} INFO - Started process (PID=662) to work on /opt/airflow/dags/load_init_data.py
[2024-05-28 17:09:13,586] {scheduler_job.py:629} INFO - Processing file /opt/airflow/dags/load_init_data.py for tasks to queue
[2024-05-28 17:09:13,587] {logging_mixin.py:104} INFO - [2024-05-28 17:09:13,587] {dagbag.py:448} INFO - Filling up the DagBag from /opt/airflow/dags/load_init_data.py
[2024-05-28 17:09:13,904] {scheduler_job.py:639} INFO - DAG(s) dict_keys(['load_init_data']) retrieved from /opt/airflow/dags/load_init_data.py
[2024-05-28 17:09:13,924] {logging_mixin.py:104} INFO - [2024-05-28 17:09:13,924] {dag.py:1818} INFO - Sync 1 DAGs
[2024-05-28 17:09:13,935] {logging_mixin.py:104} INFO - [2024-05-28 17:09:13,935] {dag.py:2273} INFO - Setting next_dagrun for load_init_data to 2024-05-24T02:00:00+00:00
[2024-05-28 17:09:13,941] {scheduler_job.py:190} INFO - Processing /opt/airflow/dags/load_init_data.py took 0.363 seconds
[2024-05-28 17:09:44,298] {scheduler_job.py:182} INFO - Started process (PID=672) to work on /opt/airflow/dags/load_init_data.py
[2024-05-28 17:09:44,300] {scheduler_job.py:629} INFO - Processing file /opt/airflow/dags/load_init_data.py for tasks to queue
[2024-05-28 17:09:44,302] {logging_mixin.py:104} INFO - [2024-05-28 17:09:44,301] {dagbag.py:448} INFO - Filling up the DagBag from /opt/airflow/dags/load_init_data.py
[2024-05-28 17:09:44,663] {scheduler_job.py:639} INFO - DAG(s) dict_keys(['load_init_data']) retrieved from /opt/airflow/dags/load_init_data.py
[2024-05-28 17:09:44,685] {logging_mixin.py:104} INFO - [2024-05-28 17:09:44,685] {dag.py:1818} INFO - Sync 1 DAGs
[2024-05-28 17:09:44,698] {logging_mixin.py:104} INFO - [2024-05-28 17:09:44,698] {dag.py:2273} INFO - Setting next_dagrun for load_init_data to 2024-05-24T02:00:00+00:00
[2024-05-28 17:09:44,704] {scheduler_job.py:190} INFO - Processing /opt/airflow/dags/load_init_data.py took 0.437 seconds
[2024-05-28 17:10:15,069] {scheduler_job.py:182} INFO - Started process (PID=682) to work on /opt/airflow/dags/load_init_data.py
[2024-05-28 17:10:15,072] {scheduler_job.py:629} INFO - Processing file /opt/airflow/dags/load_init_data.py for tasks to queue
[2024-05-28 17:10:15,073] {logging_mixin.py:104} INFO - [2024-05-28 17:10:15,073] {dagbag.py:448} INFO - Filling up the DagBag from /opt/airflow/dags/load_init_data.py
[2024-05-28 17:10:15,392] {scheduler_job.py:639} INFO - DAG(s) dict_keys(['load_init_data']) retrieved from /opt/airflow/dags/load_init_data.py
[2024-05-28 17:10:15,410] {logging_mixin.py:104} INFO - [2024-05-28 17:10:15,410] {dag.py:1818} INFO - Sync 1 DAGs
[2024-05-28 17:10:15,421] {logging_mixin.py:104} INFO - [2024-05-28 17:10:15,420] {dag.py:2273} INFO - Setting next_dagrun for load_init_data to 2024-05-24T02:00:00+00:00
[2024-05-28 17:10:15,426] {scheduler_job.py:190} INFO - Processing /opt/airflow/dags/load_init_data.py took 0.362 seconds
[2024-05-28 17:10:45,805] {scheduler_job.py:182} INFO - Started process (PID=692) to work on /opt/airflow/dags/load_init_data.py
[2024-05-28 17:10:45,806] {scheduler_job.py:629} INFO - Processing file /opt/airflow/dags/load_init_data.py for tasks to queue
[2024-05-28 17:10:45,807] {logging_mixin.py:104} INFO - [2024-05-28 17:10:45,807] {dagbag.py:448} INFO - Filling up the DagBag from /opt/airflow/dags/load_init_data.py
[2024-05-28 17:10:46,196] {scheduler_job.py:639} INFO - DAG(s) dict_keys(['load_init_data']) retrieved from /opt/airflow/dags/load_init_data.py
[2024-05-28 17:10:46,216] {logging_mixin.py:104} INFO - [2024-05-28 17:10:46,216] {dag.py:1818} INFO - Sync 1 DAGs
[2024-05-28 17:10:46,229] {logging_mixin.py:104} INFO - [2024-05-28 17:10:46,228] {dag.py:2273} INFO - Setting next_dagrun for load_init_data to 2024-05-24T02:00:00+00:00
[2024-05-28 17:10:46,235] {scheduler_job.py:190} INFO - Processing /opt/airflow/dags/load_init_data.py took 0.434 seconds
[2024-05-28 17:11:16,552] {scheduler_job.py:182} INFO - Started process (PID=702) to work on /opt/airflow/dags/load_init_data.py
[2024-05-28 17:11:16,555] {scheduler_job.py:629} INFO - Processing file /opt/airflow/dags/load_init_data.py for tasks to queue
[2024-05-28 17:11:16,556] {logging_mixin.py:104} INFO - [2024-05-28 17:11:16,556] {dagbag.py:448} INFO - Filling up the DagBag from /opt/airflow/dags/load_init_data.py
[2024-05-28 17:11:16,921] {scheduler_job.py:639} INFO - DAG(s) dict_keys(['load_init_data']) retrieved from /opt/airflow/dags/load_init_data.py
[2024-05-28 17:11:16,942] {logging_mixin.py:104} INFO - [2024-05-28 17:11:16,942] {dag.py:1818} INFO - Sync 1 DAGs
[2024-05-28 17:11:16,959] {logging_mixin.py:104} INFO - [2024-05-28 17:11:16,959] {dag.py:2273} INFO - Setting next_dagrun for load_init_data to 2024-05-24T02:00:00+00:00
[2024-05-28 17:11:16,966] {scheduler_job.py:190} INFO - Processing /opt/airflow/dags/load_init_data.py took 0.420 seconds
[2024-05-28 17:11:47,270] {scheduler_job.py:182} INFO - Started process (PID=712) to work on /opt/airflow/dags/load_init_data.py
[2024-05-28 17:11:47,272] {scheduler_job.py:629} INFO - Processing file /opt/airflow/dags/load_init_data.py for tasks to queue
[2024-05-28 17:11:47,274] {logging_mixin.py:104} INFO - [2024-05-28 17:11:47,273] {dagbag.py:448} INFO - Filling up the DagBag from /opt/airflow/dags/load_init_data.py
[2024-05-28 17:11:47,669] {scheduler_job.py:639} INFO - DAG(s) dict_keys(['load_init_data']) retrieved from /opt/airflow/dags/load_init_data.py
[2024-05-28 17:11:47,700] {logging_mixin.py:104} INFO - [2024-05-28 17:11:47,700] {dag.py:1818} INFO - Sync 1 DAGs
[2024-05-28 17:11:47,714] {logging_mixin.py:104} INFO - [2024-05-28 17:11:47,714] {dag.py:2273} INFO - Setting next_dagrun for load_init_data to 2024-05-24T02:00:00+00:00
[2024-05-28 17:11:47,719] {scheduler_job.py:190} INFO - Processing /opt/airflow/dags/load_init_data.py took 0.454 seconds
