[2024-06-09 14:01:29,118] {taskinstance.py:851} INFO - Dependencies all met for <TaskInstance: load_init_data.transform 2024-05-31T02:00:00+00:00 [queued]>
[2024-06-09 14:01:29,154] {taskinstance.py:851} INFO - Dependencies all met for <TaskInstance: load_init_data.transform 2024-05-31T02:00:00+00:00 [queued]>
[2024-06-09 14:01:29,160] {taskinstance.py:1042} INFO - 
--------------------------------------------------------------------------------
[2024-06-09 14:01:29,165] {taskinstance.py:1043} INFO - Starting attempt 1 of 6
[2024-06-09 14:01:29,166] {taskinstance.py:1044} INFO - 
--------------------------------------------------------------------------------
[2024-06-09 14:01:29,251] {taskinstance.py:1063} INFO - Executing <Task(PythonOperator): transform> on 2024-05-31T02:00:00+00:00
[2024-06-09 14:01:29,258] {standard_task_runner.py:52} INFO - Started process 229 to run task
[2024-06-09 14:01:29,263] {standard_task_runner.py:76} INFO - Running: ['airflow', 'tasks', 'run', 'load_init_data', 'transform', '2024-05-31T02:00:00+00:00', '--job-id', '33', '--pool', 'default_pool', '--raw', '--subdir', 'DAGS_FOLDER/load_init_data.py', '--cfg-path', '/tmp/tmpweziaquj', '--error-file', '/tmp/tmp8esl6zpy']
[2024-06-09 14:01:29,290] {standard_task_runner.py:77} INFO - Job 33: Subtask transform
[2024-06-09 14:01:29,435] {logging_mixin.py:104} INFO - Running <TaskInstance: load_init_data.transform 2024-05-31T02:00:00+00:00 [running]> on host 97b873bf6d4d
[2024-06-09 14:01:29,638] {taskinstance.py:1257} INFO - Exporting the following env vars:
AIRFLOW_CTX_DAG_OWNER=airflow
AIRFLOW_CTX_DAG_ID=load_init_data
AIRFLOW_CTX_TASK_ID=transform
AIRFLOW_CTX_EXECUTION_DATE=2024-05-31T02:00:00+00:00
AIRFLOW_CTX_DAG_RUN_ID=scheduled__2024-05-31T02:00:00+00:00
[2024-06-09 14:02:19,328] {python.py:118} INFO - Done. Returned value was: None
[2024-06-09 14:02:19,396] {taskinstance.py:1166} INFO - Marking task as SUCCESS. dag_id=load_init_data, task_id=transform, execution_date=20240531T020000, start_date=20240609T140129, end_date=20240609T140219
[2024-06-09 14:02:19,546] {taskinstance.py:1220} INFO - 1 downstream tasks scheduled from follow-on schedule check
[2024-06-09 14:02:19,694] {local_task_job.py:146} INFO - Task exited with return code 0
