[2024-05-27 09:33:10,871] {taskinstance.py:851} INFO - Dependencies all met for <TaskInstance: load_init_data.extract_data_from_csv 2024-05-27T09:33:09.855017+00:00 [queued]>
[2024-05-27 09:33:10,878] {taskinstance.py:851} INFO - Dependencies all met for <TaskInstance: load_init_data.extract_data_from_csv 2024-05-27T09:33:09.855017+00:00 [queued]>
[2024-05-27 09:33:10,879] {taskinstance.py:1042} INFO - 
--------------------------------------------------------------------------------
[2024-05-27 09:33:10,879] {taskinstance.py:1043} INFO - Starting attempt 1 of 6
[2024-05-27 09:33:10,879] {taskinstance.py:1044} INFO - 
--------------------------------------------------------------------------------
[2024-05-27 09:33:10,890] {taskinstance.py:1063} INFO - Executing <Task(PythonOperator): extract_data_from_csv> on 2024-05-27T09:33:09.855017+00:00
[2024-05-27 09:33:10,895] {standard_task_runner.py:52} INFO - Started process 178 to run task
[2024-05-27 09:33:10,898] {standard_task_runner.py:76} INFO - Running: ['airflow', 'tasks', 'run', 'load_init_data', 'extract_data_from_csv', '2024-05-27T09:33:09.855017+00:00', '--job-id', '477', '--pool', 'default_pool', '--raw', '--subdir', 'DAGS_FOLDER/load_init_data.py', '--cfg-path', '/tmp/tmpstkjmetl', '--error-file', '/tmp/tmp0ne0ex9d']
[2024-05-27 09:33:10,901] {standard_task_runner.py:77} INFO - Job 477: Subtask extract_data_from_csv
[2024-05-27 09:33:10,955] {logging_mixin.py:104} INFO - Running <TaskInstance: load_init_data.extract_data_from_csv 2024-05-27T09:33:09.855017+00:00 [running]> on host 1f334d963743
[2024-05-27 09:33:10,996] {taskinstance.py:1257} INFO - Exporting the following env vars:
AIRFLOW_CTX_DAG_OWNER=airflow
AIRFLOW_CTX_DAG_ID=load_init_data
AIRFLOW_CTX_TASK_ID=extract_data_from_csv
AIRFLOW_CTX_EXECUTION_DATE=2024-05-27T09:33:09.855017+00:00
AIRFLOW_CTX_DAG_RUN_ID=manual__2024-05-27T09:33:09.855017+00:00
[2024-05-27 09:33:11,321] {python.py:118} INFO - Done. Returned value was: None
[2024-05-27 09:33:11,327] {taskinstance.py:1166} INFO - Marking task as SUCCESS. dag_id=load_init_data, task_id=extract_data_from_csv, execution_date=20240527T093309, start_date=20240527T093310, end_date=20240527T093311
[2024-05-27 09:33:11,346] {taskinstance.py:1220} INFO - 1 downstream tasks scheduled from follow-on schedule check
[2024-05-27 09:33:11,378] {local_task_job.py:146} INFO - Task exited with return code 0
