[2024-06-09 14:01:26,604] {taskinstance.py:851} INFO - Dependencies all met for <TaskInstance: load_init_data.extract_data_from_csv 2024-06-07T02:00:00+00:00 [queued]>
[2024-06-09 14:01:26,643] {taskinstance.py:851} INFO - Dependencies all met for <TaskInstance: load_init_data.extract_data_from_csv 2024-06-07T02:00:00+00:00 [queued]>
[2024-06-09 14:01:26,644] {taskinstance.py:1042} INFO - 
--------------------------------------------------------------------------------
[2024-06-09 14:01:26,644] {taskinstance.py:1043} INFO - Starting attempt 1 of 6
[2024-06-09 14:01:26,644] {taskinstance.py:1044} INFO - 
--------------------------------------------------------------------------------
[2024-06-09 14:01:26,673] {taskinstance.py:1063} INFO - Executing <Task(PythonOperator): extract_data_from_csv> on 2024-06-07T02:00:00+00:00
[2024-06-09 14:01:26,687] {standard_task_runner.py:52} INFO - Started process 211 to run task
[2024-06-09 14:01:26,695] {standard_task_runner.py:76} INFO - Running: ['airflow', 'tasks', 'run', 'load_init_data', 'extract_data_from_csv', '2024-06-07T02:00:00+00:00', '--job-id', '23', '--pool', 'default_pool', '--raw', '--subdir', 'DAGS_FOLDER/load_init_data.py', '--cfg-path', '/tmp/tmp17_o77zo', '--error-file', '/tmp/tmpjfhb5em7']
[2024-06-09 14:01:26,711] {standard_task_runner.py:77} INFO - Job 23: Subtask extract_data_from_csv
[2024-06-09 14:01:26,838] {logging_mixin.py:104} INFO - Running <TaskInstance: load_init_data.extract_data_from_csv 2024-06-07T02:00:00+00:00 [running]> on host 97b873bf6d4d
[2024-06-09 14:01:26,994] {taskinstance.py:1257} INFO - Exporting the following env vars:
AIRFLOW_CTX_DAG_OWNER=airflow
AIRFLOW_CTX_DAG_ID=load_init_data
AIRFLOW_CTX_TASK_ID=extract_data_from_csv
AIRFLOW_CTX_EXECUTION_DATE=2024-06-07T02:00:00+00:00
AIRFLOW_CTX_DAG_RUN_ID=scheduled__2024-06-07T02:00:00+00:00
[2024-06-09 14:01:27,836] {python.py:118} INFO - Done. Returned value was: None
[2024-06-09 14:01:27,893] {taskinstance.py:1166} INFO - Marking task as SUCCESS. dag_id=load_init_data, task_id=extract_data_from_csv, execution_date=20240607T020000, start_date=20240609T140126, end_date=20240609T140127
[2024-06-09 14:01:28,112] {taskinstance.py:1220} INFO - 1 downstream tasks scheduled from follow-on schedule check
[2024-06-09 14:01:28,156] {local_task_job.py:146} INFO - Task exited with return code 0
